<?xml version="1.0" encoding="UTF-8"?>
<coverage generated="1632225180043" clover="3.2.0">
  <project timestamp="1632225180043" name="All files">
    <metrics statements="239" coveredstatements="196" conditionals="151" coveredconditionals="107" methods="39" coveredmethods="30" elements="429" coveredelements="333" complexity="0" loc="239" ncloc="239" packages="4" files="6" classes="6"/>
    <package name="src">
      <metrics statements="125" coveredstatements="97" conditionals="69" coveredconditionals="48" methods="16" coveredmethods="10"/>
      <file name="main.ts" path="/Users/yeyan1996/Desktop/free-swagger/packages/api/src/main.ts">
        <metrics statements="66" coveredstatements="66" conditionals="51" coveredconditionals="37" methods="5" coveredmethods="5"/>
        <line num="1" count="2" type="stmt"/>
        <line num="2" count="2" type="stmt"/>
        <line num="3" count="2" type="stmt"/>
        <line num="4" count="2" type="stmt"/>
        <line num="7" count="2" type="stmt"/>
        <line num="8" count="2" type="stmt"/>
        <line num="9" count="2" type="stmt"/>
        <line num="10" count="2" type="stmt"/>
        <line num="17" count="2" type="stmt"/>
        <line num="18" count="2" type="stmt"/>
        <line num="21" count="2" type="stmt"/>
        <line num="28" count="2" type="stmt"/>
        <line num="34" count="8" type="cond" truecount="2" falsecount="0"/>
        <line num="35" count="2" type="stmt"/>
        <line num="36" count="2" type="stmt"/>
        <line num="37" count="2" type="stmt"/>
        <line num="46" count="8" type="cond" truecount="2" falsecount="0"/>
        <line num="47" count="6" type="stmt"/>
        <line num="48" count="6" type="stmt"/>
        <line num="49" count="6" type="stmt"/>
        <line num="58" count="8" type="stmt"/>
        <line num="62" count="33" type="stmt"/>
        <line num="66" count="33" type="stmt"/>
        <line num="67" count="33" type="stmt"/>
        <line num="74" count="110" type="cond" truecount="2" falsecount="2"/>
        <line num="77" count="33" type="stmt"/>
        <line num="79" count="33" type="stmt"/>
        <line num="81" count="33" type="stmt"/>
        <line num="82" count="110" type="stmt"/>
        <line num="90" count="110" type="stmt"/>
        <line num="91" count="110" type="cond" truecount="2" falsecount="0"/>
        <line num="92" count="85" type="stmt"/>
        <line num="94" count="25" type="stmt"/>
        <line num="96" count="110" type="stmt"/>
        <line num="99" count="33" type="stmt"/>
        <line num="103" count="33" type="stmt"/>
        <line num="104" count="33" type="stmt"/>
        <line num="106" count="33" type="stmt"/>
        <line num="111" count="8" type="cond" truecount="4" falsecount="0"/>
        <line num="112" count="7" type="stmt"/>
        <line num="117" count="2" type="stmt"/>
        <line num="125" count="9" type="stmt"/>
        <line num="127" count="9" type="stmt"/>
        <line num="129" count="9" type="stmt"/>
        <line num="131" count="8" type="stmt"/>
        <line num="132" count="8" type="stmt"/>
        <line num="136" count="8" type="cond" truecount="2" falsecount="0"/>
        <line num="137" count="7" type="stmt"/>
        <line num="138" count="7" type="stmt"/>
        <line num="139" count="7" type="stmt"/>
        <line num="140" count="7" type="cond" truecount="3" falsecount="1"/>
        <line num="146" count="8" type="stmt"/>
        <line num="147" count="8" type="stmt"/>
        <line num="151" count="8" type="stmt"/>
        <line num="153" count="1" type="stmt"/>
        <line num="154" count="1" type="stmt"/>
        <line num="158" count="2" type="stmt"/>
        <line num="159" count="5" type="stmt"/>
        <line num="160" count="5" type="stmt"/>
        <line num="161" count="5" type="stmt"/>
        <line num="162" count="5" type="stmt"/>
        <line num="163" count="5" type="stmt"/>
        <line num="170" count="2" type="stmt"/>
        <line num="171" count="2" type="stmt"/>
        <line num="173" count="2" type="stmt"/>
        <line num="174" count="2" type="stmt"/>
      </file>
      <file name="request.ts" path="/Users/yeyan1996/Desktop/free-swagger/packages/api/src/request.ts">
        <metrics statements="34" coveredstatements="6" conditionals="6" coveredconditionals="0" methods="6" coveredmethods="0"/>
        <line num="2" count="2" type="stmt"/>
        <line num="3" count="2" type="stmt"/>
        <line num="4" count="2" type="stmt"/>
        <line num="5" count="2" type="stmt"/>
        <line num="7" count="2" type="stmt"/>
        <line num="9" count="0" type="cond" truecount="0" falsecount="2"/>
        <line num="10" count="0" type="stmt"/>
        <line num="13" count="0" type="stmt"/>
        <line num="14" count="0" type="stmt"/>
        <line num="16" count="0" type="stmt"/>
        <line num="20" count="0" type="stmt"/>
        <line num="24" count="2" type="stmt"/>
        <line num="28" count="0" type="stmt"/>
        <line num="29" count="0" type="stmt"/>
        <line num="30" count="0" type="stmt"/>
        <line num="32" count="0" type="stmt"/>
        <line num="33" count="0" type="cond" truecount="0" falsecount="2"/>
        <line num="35" count="0" type="stmt"/>
        <line num="36" count="0" type="stmt"/>
        <line num="37" count="0" type="stmt"/>
        <line num="38" count="0" type="stmt"/>
        <line num="46" count="0" type="stmt"/>
        <line num="50" count="0" type="stmt"/>
        <line num="55" count="0" type="stmt"/>
        <line num="59" count="0" type="stmt"/>
        <line num="60" count="0" type="stmt"/>
        <line num="61" count="0" type="stmt"/>
        <line num="64" count="0" type="stmt"/>
        <line num="66" count="0" type="cond" truecount="0" falsecount="2"/>
        <line num="67" count="0" type="stmt"/>
        <line num="69" count="0" type="stmt"/>
        <line num="70" count="0" type="stmt"/>
        <line num="72" count="0" type="stmt"/>
        <line num="73" count="0" type="stmt"/>
      </file>
      <file name="utils.ts" path="/Users/yeyan1996/Desktop/free-swagger/packages/api/src/utils.ts">
        <metrics statements="25" coveredstatements="25" conditionals="12" coveredconditionals="11" methods="5" coveredmethods="5"/>
        <line num="3" count="2" type="stmt"/>
        <line num="4" count="2" type="stmt"/>
        <line num="5" count="2" type="stmt"/>
        <line num="30" count="2" type="stmt"/>
        <line num="31" count="10" type="cond" truecount="2" falsecount="0"/>
        <line num="34" count="2" type="stmt"/>
        <line num="37" count="9" type="cond" truecount="2" falsecount="0"/>
        <line num="38" count="2" type="stmt"/>
        <line num="40" count="7" type="cond" truecount="1" falsecount="1"/>
        <line num="41" count="7" type="cond" truecount="2" falsecount="0"/>
        <line num="42" count="4" type="stmt"/>
        <line num="43" count="3" type="cond" truecount="2" falsecount="0"/>
        <line num="44" count="2" type="stmt"/>
        <line num="46" count="1" type="stmt"/>
        <line num="49" count="2" type="stmt"/>
        <line num="50" count="20" type="cond" truecount="2" falsecount="0"/>
        <line num="52" count="2" type="stmt"/>
        <line num="53" count="75" type="stmt"/>
        <line num="57" count="2" type="stmt"/>
        <line num="58" count="89" type="stmt"/>
        <line num="61" count="2" type="stmt"/>
        <line num="62" count="2" type="stmt"/>
        <line num="63" count="2" type="stmt"/>
        <line num="64" count="2" type="stmt"/>
        <line num="65" count="2" type="stmt"/>
      </file>
    </package>
    <package name="src.default">
      <metrics statements="44" coveredstatements="41" conditionals="30" coveredconditionals="25" methods="6" coveredmethods="6"/>
      <file name="index.ts" path="/Users/yeyan1996/Desktop/free-swagger/packages/api/src/default/index.ts">
        <metrics statements="44" coveredstatements="41" conditionals="30" coveredconditionals="25" methods="6" coveredmethods="6"/>
        <line num="1" count="2" type="stmt"/>
        <line num="2" count="2" type="stmt"/>
        <line num="9" count="2" type="stmt"/>
        <line num="10" count="2" type="stmt"/>
        <line num="11" count="2" type="stmt"/>
        <line num="13" count="2" type="stmt"/>
        <line num="14" count="2" type="stmt"/>
        <line num="16" count="2" type="stmt"/>
        <line num="17" count="2" type="stmt"/>
        <line num="19" count="2" type="stmt"/>
        <line num="20" count="2" type="stmt"/>
        <line num="22" count="2" type="stmt"/>
        <line num="30" count="8" type="stmt"/>
        <line num="39" count="33" type="stmt"/>
        <line num="44" count="2" type="stmt"/>
        <line num="48" count="6" type="cond" truecount="1" falsecount="1"/>
        <line num="49" count="0" type="stmt"/>
        <line num="51" count="6" type="cond" truecount="1" falsecount="1"/>
        <line num="52" count="0" type="stmt"/>
        <line num="53" count="6" type="cond" truecount="2" falsecount="0"/>
        <line num="54" count="3" type="stmt"/>
        <line num="55" count="3" type="stmt"/>
        <line num="57" count="3" type="stmt"/>
        <line num="62" count="2" type="stmt"/>
        <line num="65" count="9" type="stmt"/>
        <line num="69" count="9" type="stmt"/>
        <line num="71" count="4" type="cond" truecount="1" falsecount="1"/>
        <line num="73" count="0" type="stmt"/>
        <line num="76" count="4" type="stmt"/>
        <line num="80" count="9" type="cond" truecount="4" falsecount="0"/>
        <line num="81" count="3" type="stmt"/>
        <line num="84" count="6" type="stmt"/>
        <line num="85" count="6" type="cond" truecount="2" falsecount="0"/>
        <line num="86" count="1" type="stmt"/>
        <line num="90" count="9" type="cond" truecount="2" falsecount="0"/>
        <line num="91" count="1" type="stmt"/>
        <line num="95" count="8" type="stmt"/>
        <line num="99" count="8" type="stmt"/>
        <line num="109" count="2" type="stmt"/>
        <line num="112" count="5" type="stmt"/>
        <line num="114" count="5" type="cond" truecount="4" falsecount="0"/>
        <line num="115" count="2" type="stmt"/>
        <line num="117" count="3" type="stmt"/>
        <line num="120" count="5" type="stmt"/>
      </file>
    </package>
    <package name="src.mock">
      <metrics statements="46" coveredstatements="39" conditionals="30" coveredconditionals="22" methods="7" coveredmethods="6"/>
      <file name="index.ts" path="/Users/yeyan1996/Desktop/free-swagger/packages/api/src/mock/index.ts">
        <metrics statements="46" coveredstatements="39" conditionals="30" coveredconditionals="22" methods="7" coveredmethods="6"/>
        <line num="3" count="2" type="stmt"/>
        <line num="4" count="2" type="stmt"/>
        <line num="5" count="2" type="stmt"/>
        <line num="6" count="2" type="stmt"/>
        <line num="7" count="2" type="stmt"/>
        <line num="8" count="2" type="stmt"/>
        <line num="9" count="2" type="stmt"/>
        <line num="11" count="2" type="stmt"/>
        <line num="13" count="496" type="stmt"/>
        <line num="14" count="2" type="stmt"/>
        <line num="15" count="2" type="stmt"/>
        <line num="25" count="2" type="stmt"/>
        <line num="26" count="47" type="stmt"/>
        <line num="27" count="47" type="stmt"/>
        <line num="28" count="47" type="stmt"/>
        <line num="29" count="47" type="stmt"/>
        <line num="32" count="0" type="stmt"/>
        <line num="34" count="47" type="cond" truecount="2" falsecount="0"/>
        <line num="36" count="47" type="stmt"/>
        <line num="39" count="2" type="stmt"/>
        <line num="44" count="5" type="stmt"/>
        <line num="48" count="5" type="stmt"/>
        <line num="51" count="5" type="stmt"/>
        <line num="57" count="5" type="stmt"/>
        <line num="59" count="5" type="stmt"/>
        <line num="61" count="62" type="stmt"/>
        <line num="62" count="496" type="stmt"/>
        <line num="64" count="496" type="stmt"/>
        <line num="65" count="496" type="cond" truecount="2" falsecount="0"/>
        <line num="67" count="75" type="cond" truecount="4" falsecount="2"/>
        <line num="68" count="0" type="stmt"/>
        <line num="73" count="0" type="stmt"/>
        <line num="77" count="75" type="stmt"/>
        <line num="78" count="75" type="cond" truecount="1" falsecount="1"/>
        <line num="79" count="0" type="stmt"/>
        <line num="80" count="0" type="stmt"/>
        <line num="82" count="0" type="cond" truecount="0" falsecount="2"/>
        <line num="83" count="0" type="stmt"/>
        <line num="87" count="75" type="stmt"/>
        <line num="90" count="75" type="cond" truecount="2" falsecount="0"/>
        <line num="91" count="26" type="stmt"/>
        <line num="94" count="75" type="cond" truecount="7" falsecount="1"/>
        <line num="105" count="75" type="stmt"/>
        <line num="115" count="5" type="stmt"/>
        <line num="116" count="26" type="stmt"/>
        <line num="123" count="5" type="stmt"/>
      </file>
    </package>
    <package name="src.parse">
      <metrics statements="24" coveredstatements="19" conditionals="22" coveredconditionals="12" methods="10" coveredmethods="8"/>
      <file name="path.ts" path="/Users/yeyan1996/Desktop/free-swagger/packages/api/src/parse/path.ts">
        <metrics statements="24" coveredstatements="19" conditionals="22" coveredconditionals="12" methods="10" coveredmethods="8"/>
        <line num="2" count="2" type="stmt"/>
        <line num="3" count="2" type="stmt"/>
        <line num="4" count="2" type="stmt"/>
        <line num="5" count="2" type="stmt"/>
        <line num="7" count="2" type="stmt"/>
        <line num="24" count="2" type="stmt"/>
        <line num="26" count="14" type="cond" truecount="1" falsecount="1"/>
        <line num="27" count="14" type="cond" truecount="1" falsecount="1"/>
        <line num="28" count="0" type="stmt"/>
        <line num="29" count="0" type="cond" truecount="0" falsecount="2"/>
        <line num="30" count="0" type="cond" truecount="0" falsecount="2"/>
        <line num="32" count="14" type="stmt"/>
        <line num="35" count="110" type="stmt"/>
        <line num="40" count="2" type="stmt"/>
        <line num="41" count="7" type="stmt"/>
        <line num="46" count="90" type="stmt"/>
        <line num="47" count="110" type="stmt"/>
        <line num="55" count="110" type="stmt"/>
        <line num="60" count="110" type="cond" truecount="4" falsecount="2"/>
        <line num="61" count="0" type="stmt"/>
        <line num="68" count="0" type="stmt"/>
        <line num="71" count="110" type="stmt"/>
        <line num="73" count="110" type="stmt"/>
        <line num="76" count="2" type="stmt"/>
      </file>
    </package>
  </project>
</coverage>
