{"/Users/yeyan1996/Desktop/free-swagger/packages/api/src/main.ts": {"path":"/Users/yeyan1996/Desktop/free-swagger/packages/api/src/main.ts","statementMap":{"0":{"start":{"line":1,"column":0},"end":{"line":1,"column":26}},"1":{"start":{"line":2,"column":0},"end":{"line":2,"column":23}},"2":{"start":{"line":3,"column":0},"end":{"line":3,"column":25}},"3":{"start":{"line":4,"column":0},"end":{"line":4,"column":21}},"4":{"start":{"line":7,"column":0},"end":{"line":7,"column":70}},"5":{"start":{"line":8,"column":0},"end":{"line":8,"column":41}},"6":{"start":{"line":9,"column":0},"end":{"line":9,"column":73}},"7":{"start":{"line":10,"column":0},"end":{"line":10,"column":null}},"8":{"start":{"line":17,"column":0},"end":{"line":17,"column":54}},"9":{"start":{"line":18,"column":0},"end":{"line":18,"column":29}},"10":{"start":{"line":21,"column":28},"end":{"line":25,"column":null}},"11":{"start":{"line":28,"column":12},"end":{"line":114,"column":1}},"12":{"start":{"line":34,"column":2},"end":{"line":43,"column":null}},"13":{"start":{"line":35,"column":26},"end":{"line":35,"column":63}},"14":{"start":{"line":36,"column":4},"end":{"line":36,"column":null}},"15":{"start":{"line":37,"column":4},"end":{"line":42,"column":null}},"16":{"start":{"line":46,"column":2},"end":{"line":55,"column":null}},"17":{"start":{"line":47,"column":22},"end":{"line":47,"column":55}},"18":{"start":{"line":48,"column":4},"end":{"line":48,"column":null}},"19":{"start":{"line":49,"column":4},"end":{"line":54,"column":null}},"20":{"start":{"line":58,"column":17},"end":{"line":107,"column":3}},"21":{"start":{"line":62,"column":30},"end":{"line":64,"column":null}},"22":{"start":{"line":66,"column":4},"end":{"line":66,"column":null}},"23":{"start":{"line":67,"column":15},"end":{"line":76,"column":12}},"24":{"start":{"line":74,"column":46},"end":{"line":74,"column":71}},"25":{"start":{"line":77,"column":30},"end":{"line":77,"column":32}},"26":{"start":{"line":79,"column":19},"end":{"line":79,"column":21}},"27":{"start":{"line":81,"column":4},"end":{"line":97,"column":null}},"28":{"start":{"line":82,"column":55},"end":{"line":88,"column":null}},"29":{"start":{"line":90,"column":6},"end":{"line":90,"column":null}},"30":{"start":{"line":91,"column":6},"end":{"line":95,"column":null}},"31":{"start":{"line":92,"column":8},"end":{"line":92,"column":null}},"32":{"start":{"line":94,"column":8},"end":{"line":94,"column":null}},"33":{"start":{"line":96,"column":6},"end":{"line":96,"column":null}},"34":{"start":{"line":99,"column":4},"end":{"line":102,"column":null}},"35":{"start":{"line":103,"column":4},"end":{"line":103,"column":null}},"36":{"start":{"line":104,"column":4},"end":{"line":104,"column":null}},"37":{"start":{"line":106,"column":4},"end":{"line":106,"column":null}},"38":{"start":{"line":111,"column":2},"end":{"line":113,"column":null}},"39":{"start":{"line":112,"column":4},"end":{"line":112,"column":null}},"40":{"start":{"line":117,"column":20},"end":{"line":156,"column":1}},"41":{"start":{"line":125,"column":18},"end":{"line":125,"column":32}},"42":{"start":{"line":127,"column":2},"end":{"line":155,"column":null}},"43":{"start":{"line":129,"column":25},"end":{"line":129,"column":57}},"44":{"start":{"line":131,"column":4},"end":{"line":131,"column":null}},"45":{"start":{"line":132,"column":4},"end":{"line":132,"column":null}},"46":{"start":{"line":136,"column":4},"end":{"line":143,"column":null}},"47":{"start":{"line":137,"column":6},"end":{"line":137,"column":null}},"48":{"start":{"line":138,"column":32},"end":{"line":138,"column":63}},"49":{"start":{"line":139,"column":6},"end":{"line":139,"column":null}},"50":{"start":{"line":140,"column":6},"end":{"line":142,"column":null}},"51":{"start":{"line":146,"column":4},"end":{"line":146,"column":null}},"52":{"start":{"line":147,"column":4},"end":{"line":149,"column":null}},"53":{"start":{"line":151,"column":4},"end":{"line":151,"column":null}},"54":{"start":{"line":153,"column":4},"end":{"line":153,"column":null}},"55":{"start":{"line":154,"column":4},"end":{"line":154,"column":null}},"56":{"start":{"line":158,"column":0},"end":{"line":168,"column":null}},"57":{"start":{"line":159,"column":18},"end":{"line":159,"column":32}},"58":{"start":{"line":160,"column":2},"end":{"line":160,"column":null}},"59":{"start":{"line":161,"column":23},"end":{"line":161,"column":59}},"60":{"start":{"line":162,"column":2},"end":{"line":162,"column":null}},"61":{"start":{"line":163,"column":2},"end":{"line":167,"column":null}},"62":{"start":{"line":170,"column":0},"end":{"line":170,"column":32}},"63":{"start":{"line":171,"column":0},"end":{"line":171,"column":37}},"64":{"start":{"line":173,"column":0},"end":{"line":173,"column":null}},"65":{"start":{"line":174,"column":0},"end":{"line":174,"column":null}}},"fnMap":{"0":{"name":"(anonymous_7)","decl":{"start":{"line":28,"column":12},"end":{"line":28,"column":17}},"loc":{"start":{"line":32,"column":19},"end":{"line":114,"column":1}}},"1":{"name":"(anonymous_8)","decl":{"start":{"line":58,"column":17},"end":{"line":58,"column":22}},"loc":{"start":{"line":61,"column":22},"end":{"line":107,"column":3}}},"2":{"name":"(anonymous_9)","decl":{"start":{"line":74,"column":33},"end":{"line":74,"column":34}},"loc":{"start":{"line":74,"column":46},"end":{"line":74,"column":71}}},"3":{"name":"(anonymous_10)","decl":{"start":{"line":117,"column":20},"end":{"line":117,"column":25}},"loc":{"start":{"line":124,"column":33},"end":{"line":156,"column":1}}},"4":{"name":"(anonymous_11)","decl":{"start":{"line":158,"column":19},"end":{"line":158,"column":24}},"loc":{"start":{"line":158,"column":72},"end":{"line":168,"column":1}}}},"branchMap":{"0":{"loc":{"start":{"line":34,"column":2},"end":{"line":43,"column":null}},"type":"if","locations":[{"start":{"line":34,"column":2},"end":{"line":43,"column":null}},{"start":{"line":34,"column":2},"end":{"line":43,"column":null}}]},"1":{"loc":{"start":{"line":46,"column":2},"end":{"line":55,"column":null}},"type":"if","locations":[{"start":{"line":46,"column":2},"end":{"line":55,"column":null}},{"start":{"line":46,"column":2},"end":{"line":55,"column":null}}]},"2":{"loc":{"start":{"line":64,"column":35},"end":{"line":64,"column":40}},"type":"cond-expr","locations":[{"start":{"line":64,"column":35},"end":{"line":64,"column":40}},{"start":{"line":64,"column":40},"end":{"line":64,"column":48}}]},"3":{"loc":{"start":{"line":64,"column":9},"end":{"line":64,"column":40}},"type":"binary-expr","locations":[{"start":{"line":64,"column":9},"end":{"line":64,"column":40}},{"start":{"line":64,"column":35},"end":{"line":64,"column":40}}]},"4":{"loc":{"start":{"line":64,"column":24},"end":{"line":64,"column":27}},"type":"cond-expr","locations":[{"start":{"line":64,"column":24},"end":{"line":64,"column":27}},{"start":{"line":64,"column":24},"end":{"line":64,"column":40}}]},"5":{"loc":{"start":{"line":64,"column":9},"end":{"line":64,"column":27}},"type":"binary-expr","locations":[{"start":{"line":64,"column":9},"end":{"line":64,"column":27}},{"start":{"line":64,"column":24},"end":{"line":64,"column":27}}]},"6":{"loc":{"start":{"line":75,"column":23},"end":{"line":75,"column":27}},"type":"cond-expr","locations":[{"start":{"line":75,"column":23},"end":{"line":75,"column":27}},{"start":{"line":75,"column":27},"end":{"line":75,"column":29}}]},"7":{"loc":{"start":{"line":73,"column":21},"end":{"line":75,"column":27}},"type":"binary-expr","locations":[{"start":{"line":73,"column":21},"end":{"line":75,"column":27}},{"start":{"line":75,"column":23},"end":{"line":75,"column":27}}]},"8":{"loc":{"start":{"line":74,"column":71},"end":{"line":74,"column":null}},"type":"cond-expr","locations":[{"start":{"line":74,"column":71},"end":{"line":74,"column":null}},{"start":{"line":74,"column":71},"end":{"line":75,"column":23}}]},"9":{"loc":{"start":{"line":73,"column":21},"end":{"line":74,"column":null}},"type":"binary-expr","locations":[{"start":{"line":73,"column":21},"end":{"line":74,"column":null}},{"start":{"line":74,"column":71},"end":{"line":74,"column":null}}]},"10":{"loc":{"start":{"line":74,"column":26},"end":{"line":74,"column":28}},"type":"cond-expr","locations":[{"start":{"line":74,"column":26},"end":{"line":74,"column":28}},{"start":{"line":74,"column":26},"end":{"line":74,"column":null}}]},"11":{"loc":{"start":{"line":73,"column":21},"end":{"line":74,"column":28}},"type":"binary-expr","locations":[{"start":{"line":73,"column":21},"end":{"line":74,"column":28}},{"start":{"line":74,"column":26},"end":{"line":74,"column":28}}]},"12":{"loc":{"start":{"line":91,"column":6},"end":{"line":95,"column":null}},"type":"if","locations":[{"start":{"line":91,"column":6},"end":{"line":95,"column":null}},{"start":{"line":91,"column":6},"end":{"line":95,"column":null}}]},"13":{"loc":{"start":{"line":101,"column":10},"end":{"line":101,"column":73}},"type":"cond-expr","locations":[{"start":{"line":101,"column":10},"end":{"line":101,"column":73}},{"start":{"line":102,"column":10},"end":{"line":102,"column":12}}]},"14":{"loc":{"start":{"line":100,"column":6},"end":{"line":100,"column":26}},"type":"binary-expr","locations":[{"start":{"line":100,"column":6},"end":{"line":100,"column":26}},{"start":{"line":100,"column":30},"end":{"line":100,"column":44}}]},"15":{"loc":{"start":{"line":111,"column":2},"end":{"line":113,"column":null}},"type":"if","locations":[{"start":{"line":111,"column":2},"end":{"line":113,"column":null}},{"start":{"line":111,"column":2},"end":{"line":113,"column":null}}]},"16":{"loc":{"start":{"line":111,"column":6},"end":{"line":111,"column":22}},"type":"binary-expr","locations":[{"start":{"line":111,"column":6},"end":{"line":111,"column":22}},{"start":{"line":111,"column":26},"end":{"line":111,"column":37}}]},"17":{"loc":{"start":{"line":123,"column":6},"end":{"line":123,"column":8}},"type":"default-arg","locations":[{"start":{"line":123,"column":6},"end":{"line":123,"column":8}}]},"18":{"loc":{"start":{"line":136,"column":4},"end":{"line":143,"column":null}},"type":"if","locations":[{"start":{"line":136,"column":4},"end":{"line":143,"column":null}},{"start":{"line":136,"column":4},"end":{"line":143,"column":null}}]},"19":{"loc":{"start":{"line":141,"column":10},"end":{"line":141,"column":67}},"type":"cond-expr","locations":[{"start":{"line":141,"column":10},"end":{"line":141,"column":67}},{"start":{"line":142,"column":10},"end":{"line":142,"column":27}}]},"20":{"loc":{"start":{"line":140,"column":37},"end":{"line":140,"column":39}},"type":"cond-expr","locations":[{"start":{"line":140,"column":37},"end":{"line":140,"column":39}},{"start":{"line":140,"column":31},"end":{"line":140,"column":50}}]},"21":{"loc":{"start":{"line":140,"column":31},"end":{"line":140,"column":39}},"type":"binary-expr","locations":[{"start":{"line":140,"column":31},"end":{"line":140,"column":39}},{"start":{"line":140,"column":31},"end":{"line":140,"column":39}}]},"22":{"loc":{"start":{"line":141,"column":35},"end":{"line":141,"column":38}},"type":"cond-expr","locations":[{"start":{"line":141,"column":35},"end":{"line":141,"column":38}},{"start":{"line":141,"column":35},"end":{"line":141,"column":67}}]},"23":{"loc":{"start":{"line":141,"column":10},"end":{"line":141,"column":38}},"type":"binary-expr","locations":[{"start":{"line":141,"column":10},"end":{"line":141,"column":38}},{"start":{"line":141,"column":35},"end":{"line":141,"column":38}}]},"24":{"loc":{"start":{"line":141,"column":22},"end":{"line":141,"column":24}},"type":"cond-expr","locations":[{"start":{"line":141,"column":22},"end":{"line":141,"column":24}},{"start":{"line":141,"column":16},"end":{"line":141,"column":35}}]},"25":{"loc":{"start":{"line":141,"column":16},"end":{"line":141,"column":24}},"type":"binary-expr","locations":[{"start":{"line":141,"column":16},"end":{"line":141,"column":24}},{"start":{"line":141,"column":16},"end":{"line":141,"column":24}}]}},"s":{"0":2,"1":2,"2":2,"3":2,"4":2,"5":2,"6":2,"7":2,"8":2,"9":2,"10":2,"11":2,"12":8,"13":2,"14":2,"15":2,"16":8,"17":6,"18":6,"19":6,"20":8,"21":33,"22":33,"23":33,"24":110,"25":33,"26":33,"27":33,"28":110,"29":110,"30":110,"31":85,"32":25,"33":110,"34":33,"35":33,"36":33,"37":33,"38":8,"39":7,"40":2,"41":9,"42":9,"43":9,"44":8,"45":8,"46":8,"47":7,"48":7,"49":7,"50":7,"51":8,"52":8,"53":8,"54":1,"55":1,"56":2,"57":5,"58":5,"59":5,"60":5,"61":5,"62":2,"63":2,"64":2,"65":2},"f":{"0":8,"1":33,"2":110,"3":9,"4":5},"b":{"0":[2,6],"1":[6,2],"2":[33,0],"3":[33,33],"4":[0,33],"5":[33,33],"6":[9,24],"7":[33,33],"8":[0,33],"9":[33,33],"10":[0,33],"11":[33,33],"12":[85,25],"13":[5,28],"14":[33,12],"15":[7,1],"16":[8,7],"17":[9],"18":[7,1],"19":[0,7],"20":[0,7],"21":[7,7],"22":[0,0],"23":[0,0],"24":[0,0],"25":[0,0]}}
,"/Users/yeyan1996/Desktop/free-swagger/packages/api/src/request.ts": {"path":"/Users/yeyan1996/Desktop/free-swagger/packages/api/src/request.ts","statementMap":{"0":{"start":{"line":2,"column":0},"end":{"line":2,"column":21}},"1":{"start":{"line":3,"column":0},"end":{"line":3,"column":25}},"2":{"start":{"line":4,"column":0},"end":{"line":4,"column":23}},"3":{"start":{"line":5,"column":0},"end":{"line":5,"column":25}},"4":{"start":{"line":7,"column":13},"end":{"line":7,"column":17}},"5":{"start":{"line":9,"column":2},"end":{"line":9,"column":null}},"6":{"start":{"line":10,"column":2},"end":{"line":10,"column":null}},"7":{"start":{"line":13,"column":2},"end":{"line":15,"column":null}},"8":{"start":{"line":14,"column":4},"end":{"line":14,"column":null}},"9":{"start":{"line":16,"column":2},"end":{"line":16,"column":null}},"10":{"start":{"line":20,"column":2},"end":{"line":20,"column":null}},"11":{"start":{"line":24,"column":13},"end":{"line":75,"column":null}},"12":{"start":{"line":28,"column":2},"end":{"line":28,"column":null}},"13":{"start":{"line":29,"column":18},"end":{"line":29,"column":32}},"14":{"start":{"line":30,"column":2},"end":{"line":30,"column":null}},"15":{"start":{"line":32,"column":2},"end":{"line":74,"column":null}},"16":{"start":{"line":33,"column":4},"end":{"line":65,"column":null}},"17":{"start":{"line":35,"column":41},"end":{"line":35,"column":53}},"18":{"start":{"line":36,"column":21},"end":{"line":36,"column":40}},"19":{"start":{"line":37,"column":6},"end":{"line":58,"column":null}},"20":{"start":{"line":38,"column":25},"end":{"line":53,"column":null}},"21":{"start":{"line":46,"column":12},"end":{"line":49,"column":null}},"22":{"start":{"line":50,"column":12},"end":{"line":52,"column":null}},"23":{"start":{"line":55,"column":8},"end":{"line":57,"column":null}},"24":{"start":{"line":59,"column":6},"end":{"line":59,"column":null}},"25":{"start":{"line":60,"column":6},"end":{"line":60,"column":null}},"26":{"start":{"line":61,"column":6},"end":{"line":61,"column":null}},"27":{"start":{"line":64,"column":6},"end":{"line":64,"column":null}},"28":{"start":{"line":66,"column":4},"end":{"line":68,"column":null}},"29":{"start":{"line":67,"column":6},"end":{"line":67,"column":null}},"30":{"start":{"line":69,"column":4},"end":{"line":69,"column":null}},"31":{"start":{"line":70,"column":4},"end":{"line":70,"column":null}},"32":{"start":{"line":72,"column":4},"end":{"line":72,"column":null}},"33":{"start":{"line":73,"column":4},"end":{"line":73,"column":null}}},"fnMap":{"0":{"name":"isEncoded","decl":{"start":{"line":8,"column":9},"end":{"line":8,"column":18}},"loc":{"start":{"line":8,"column":30},"end":{"line":11,"column":1}}},"1":{"name":"fullyDecodeURI","decl":{"start":{"line":12,"column":9},"end":{"line":12,"column":23}},"loc":{"start":{"line":12,"column":35},"end":{"line":17,"column":1}}},"2":{"name":"superEncodeUrl","decl":{"start":{"line":19,"column":9},"end":{"line":19,"column":23}},"loc":{"start":{"line":19,"column":35},"end":{"line":21,"column":1}}},"3":{"name":"(anonymous_4)","decl":{"start":{"line":24,"column":25},"end":{"line":24,"column":30}},"loc":{"start":{"line":27,"column":33},"end":{"line":75,"column":1}}},"4":{"name":"(anonymous_5)","decl":{"start":{"line":37,"column":27},"end":{"line":37,"column":28}},"loc":{"start":{"line":37,"column":40},"end":{"line":58,"column":7}}},"5":{"name":"(anonymous_6)","decl":{"start":{"line":45,"column":10},"end":{"line":45,"column":11}},"loc":{"start":{"line":45,"column":23},"end":{"line":53,"column":11}}}},"branchMap":{"0":{"loc":{"start":{"line":9,"column":8},"end":{"line":9,"column":11}},"type":"binary-expr","locations":[{"start":{"line":9,"column":8},"end":{"line":9,"column":11}},{"start":{"line":9,"column":15},"end":{"line":9,"column":17}}]},"1":{"loc":{"start":{"line":33,"column":4},"end":{"line":65,"column":null}},"type":"if","locations":[{"start":{"line":33,"column":4},"end":{"line":65,"column":null}},{"start":{"line":33,"column":4},"end":{"line":65,"column":null}}]},"2":{"loc":{"start":{"line":66,"column":4},"end":{"line":68,"column":null}},"type":"if","locations":[{"start":{"line":66,"column":4},"end":{"line":68,"column":null}},{"start":{"line":66,"column":4},"end":{"line":68,"column":null}}]}},"s":{"0":2,"1":2,"2":2,"3":2,"4":2,"5":0,"6":0,"7":0,"8":0,"9":0,"10":0,"11":2,"12":0,"13":0,"14":0,"15":0,"16":0,"17":0,"18":0,"19":0,"20":0,"21":0,"22":0,"23":0,"24":0,"25":0,"26":0,"27":0,"28":0,"29":0,"30":0,"31":0,"32":0,"33":0},"f":{"0":0,"1":0,"2":0,"3":0,"4":0,"5":0},"b":{"0":[0,0],"1":[0,0],"2":[0,0]}}
,"/Users/yeyan1996/Desktop/free-swagger/packages/api/src/utils.ts": {"path":"/Users/yeyan1996/Desktop/free-swagger/packages/api/src/utils.ts","statementMap":{"0":{"start":{"line":3,"column":0},"end":{"line":3,"column":26}},"1":{"start":{"line":4,"column":0},"end":{"line":4,"column":33}},"2":{"start":{"line":5,"column":0},"end":{"line":5,"column":23}},"3":{"start":{"line":30,"column":14},"end":{"line":31,"column":51}},"4":{"start":{"line":31,"column":2},"end":{"line":31,"column":51}},"5":{"start":{"line":61,"column":2},"end":{"line":61,"column":7}},"6":{"start":{"line":34,"column":30},"end":{"line":48,"column":1}},"7":{"start":{"line":37,"column":2},"end":{"line":39,"column":null}},"8":{"start":{"line":38,"column":4},"end":{"line":38,"column":null}},"9":{"start":{"line":40,"column":19},"end":{"line":40,"column":80}},"10":{"start":{"line":41,"column":2},"end":{"line":47,"column":null}},"11":{"start":{"line":42,"column":4},"end":{"line":42,"column":null}},"12":{"start":{"line":43,"column":9},"end":{"line":47,"column":null}},"13":{"start":{"line":44,"column":4},"end":{"line":44,"column":null}},"14":{"start":{"line":46,"column":4},"end":{"line":46,"column":null}},"15":{"start":{"line":62,"column":2},"end":{"line":62,"column":23}},"16":{"start":{"line":49,"column":26},"end":{"line":50,"column":36}},"17":{"start":{"line":50,"column":2},"end":{"line":50,"column":36}},"18":{"start":{"line":65,"column":2},"end":{"line":65,"column":19}},"19":{"start":{"line":52,"column":19},"end":{"line":55,"column":4}},"20":{"start":{"line":53,"column":2},"end":{"line":55,"column":4}},"21":{"start":{"line":63,"column":2},"end":{"line":63,"column":12}},"22":{"start":{"line":57,"column":19},"end":{"line":58,"column":42}},"23":{"start":{"line":58,"column":2},"end":{"line":58,"column":42}},"24":{"start":{"line":64,"column":2},"end":{"line":64,"column":12}}},"fnMap":{"0":{"name":"(anonymous_1)","decl":{"start":{"line":30,"column":14},"end":{"line":30,"column":15}},"loc":{"start":{"line":31,"column":2},"end":{"line":31,"column":51}}},"1":{"name":"(anonymous_2)","decl":{"start":{"line":34,"column":30},"end":{"line":34,"column":null}},"loc":{"start":{"line":36,"column":20},"end":{"line":48,"column":1}}},"2":{"name":"(anonymous_3)","decl":{"start":{"line":49,"column":26},"end":{"line":49,"column":27}},"loc":{"start":{"line":50,"column":2},"end":{"line":50,"column":36}}},"3":{"name":"(anonymous_4)","decl":{"start":{"line":52,"column":19},"end":{"line":52,"column":20}},"loc":{"start":{"line":53,"column":2},"end":{"line":55,"column":4}}},"4":{"name":"(anonymous_5)","decl":{"start":{"line":57,"column":19},"end":{"line":57,"column":20}},"loc":{"start":{"line":58,"column":2},"end":{"line":58,"column":42}}}},"branchMap":{"0":{"loc":{"start":{"line":31,"column":2},"end":{"line":31,"column":25}},"type":"binary-expr","locations":[{"start":{"line":31,"column":2},"end":{"line":31,"column":25}},{"start":{"line":31,"column":29},"end":{"line":31,"column":51}}]},"1":{"loc":{"start":{"line":37,"column":2},"end":{"line":39,"column":null}},"type":"if","locations":[{"start":{"line":37,"column":2},"end":{"line":39,"column":null}},{"start":{"line":37,"column":2},"end":{"line":39,"column":null}}]},"2":{"loc":{"start":{"line":40,"column":42},"end":{"line":40,"column":45}},"type":"cond-expr","locations":[{"start":{"line":40,"column":42},"end":{"line":40,"column":45}},{"start":{"line":40,"column":48},"end":{"line":40,"column":80}}]},"3":{"loc":{"start":{"line":41,"column":2},"end":{"line":47,"column":null}},"type":"if","locations":[{"start":{"line":41,"column":2},"end":{"line":47,"column":null}},{"start":{"line":41,"column":2},"end":{"line":47,"column":null}}]},"4":{"loc":{"start":{"line":43,"column":9},"end":{"line":47,"column":null}},"type":"if","locations":[{"start":{"line":43,"column":9},"end":{"line":47,"column":null}},{"start":{"line":43,"column":9},"end":{"line":47,"column":null}}]},"5":{"loc":{"start":{"line":50,"column":2},"end":{"line":50,"column":17}},"type":"binary-expr","locations":[{"start":{"line":50,"column":2},"end":{"line":50,"column":17}},{"start":{"line":50,"column":21},"end":{"line":50,"column":36}}]}},"s":{"0":2,"1":2,"2":2,"3":2,"4":10,"5":2,"6":2,"7":9,"8":2,"9":7,"10":7,"11":4,"12":3,"13":2,"14":1,"15":2,"16":2,"17":20,"18":2,"19":2,"20":75,"21":2,"22":2,"23":89,"24":2},"f":{"0":10,"1":9,"2":20,"3":75,"4":89},"b":{"0":[10,7],"1":[2,7],"2":[7,0],"3":[4,3],"4":[2,1],"5":[20,11]}}
,"/Users/yeyan1996/Desktop/free-swagger/packages/api/src/default/index.ts": {"path":"/Users/yeyan1996/Desktop/free-swagger/packages/api/src/default/index.ts","statementMap":{"0":{"start":{"line":1,"column":0},"end":{"line":1,"column":46}},"1":{"start":{"line":2,"column":0},"end":{"line":2,"column":null}},"2":{"start":{"line":9,"column":0},"end":{"line":9,"column":80}},"3":{"start":{"line":10,"column":0},"end":{"line":10,"column":33}},"4":{"start":{"line":11,"column":0},"end":{"line":11,"column":23}},"5":{"start":{"line":13,"column":0},"end":{"line":13,"column":38}},"6":{"start":{"line":14,"column":0},"end":{"line":14,"column":26}},"7":{"start":{"line":16,"column":13},"end":{"line":16,"column":null}},"8":{"start":{"line":17,"column":13},"end":{"line":17,"column":null}},"9":{"start":{"line":19,"column":13},"end":{"line":19,"column":53}},"10":{"start":{"line":20,"column":13},"end":{"line":20,"column":47}},"11":{"start":{"line":22,"column":28},"end":{"line":28,"column":null}},"12":{"start":{"line":30,"column":13},"end":{"line":41,"column":null}},"13":{"start":{"line":30,"column":76},"end":{"line":41,"column":2}},"14":{"start":{"line":39,"column":22},"end":{"line":39,"column":37}},"15":{"start":{"line":44,"column":13},"end":{"line":59,"column":null}},"16":{"start":{"line":48,"column":2},"end":{"line":50,"column":null}},"17":{"start":{"line":49,"column":4},"end":{"line":49,"column":null}},"18":{"start":{"line":51,"column":2},"end":{"line":58,"column":null}},"19":{"start":{"line":52,"column":4},"end":{"line":52,"column":null}},"20":{"start":{"line":53,"column":9},"end":{"line":58,"column":null}},"21":{"start":{"line":54,"column":21},"end":{"line":54,"column":60}},"22":{"start":{"line":55,"column":4},"end":{"line":55,"column":null}},"23":{"start":{"line":57,"column":4},"end":{"line":57,"column":null}},"24":{"start":{"line":62,"column":13},"end":{"line":107,"column":null}},"25":{"start":{"line":65,"column":61},"end":{"line":65,"column":null}},"26":{"start":{"line":69,"column":24},"end":{"line":77,"column":3}},"27":{"start":{"line":71,"column":4},"end":{"line":74,"column":null}},"28":{"start":{"line":73,"column":6},"end":{"line":73,"column":null}},"29":{"start":{"line":76,"column":4},"end":{"line":76,"column":null}},"30":{"start":{"line":80,"column":2},"end":{"line":88,"column":null}},"31":{"start":{"line":81,"column":4},"end":{"line":81,"column":null}},"32":{"start":{"line":84,"column":4},"end":{"line":84,"column":null}},"33":{"start":{"line":85,"column":4},"end":{"line":87,"column":null}},"34":{"start":{"line":86,"column":6},"end":{"line":86,"column":null}},"35":{"start":{"line":90,"column":2},"end":{"line":92,"column":null}},"36":{"start":{"line":91,"column":4},"end":{"line":91,"column":null}},"37":{"start":{"line":95,"column":2},"end":{"line":97,"column":null}},"38":{"start":{"line":99,"column":2},"end":{"line":106,"column":null}},"39":{"start":{"line":109,"column":13},"end":{"line":124,"column":null}},"40":{"start":{"line":112,"column":45},"end":{"line":112,"column":47}},"41":{"start":{"line":114,"column":2},"end":{"line":118,"column":null}},"42":{"start":{"line":115,"column":4},"end":{"line":115,"column":null}},"43":{"start":{"line":117,"column":4},"end":{"line":117,"column":null}},"44":{"start":{"line":120,"column":2},"end":{"line":123,"column":null}}},"fnMap":{"0":{"name":"(anonymous_1)","decl":{"start":{"line":30,"column":32},"end":{"line":30,"column":72}},"loc":{"start":{"line":30,"column":76},"end":{"line":41,"column":2}}},"1":{"name":"(anonymous_2)","decl":{"start":{"line":39,"column":12},"end":{"line":39,"column":13}},"loc":{"start":{"line":39,"column":22},"end":{"line":39,"column":37}}},"2":{"name":"(anonymous_3)","decl":{"start":{"line":44,"column":35},"end":{"line":44,"column":40}},"loc":{"start":{"line":47,"column":33},"end":{"line":59,"column":1}}},"3":{"name":"(anonymous_4)","decl":{"start":{"line":62,"column":34},"end":{"line":62,"column":39}},"loc":{"start":{"line":64,"column":54},"end":{"line":107,"column":1}}},"4":{"name":"(anonymous_5)","decl":{"start":{"line":69,"column":24},"end":{"line":69,"column":29}},"loc":{"start":{"line":69,"column":70},"end":{"line":77,"column":3}}},"5":{"name":"(anonymous_6)","decl":{"start":{"line":109,"column":38},"end":{"line":109,"column":43}},"loc":{"start":{"line":111,"column":55},"end":{"line":124,"column":1}}}},"branchMap":{"0":{"loc":{"start":{"line":26,"column":6},"end":{"line":26,"column":75}},"type":"cond-expr","locations":[{"start":{"line":26,"column":6},"end":{"line":26,"column":75}},{"start":{"line":27,"column":6},"end":{"line":27,"column":45}}]},"1":{"loc":{"start":{"line":26,"column":6},"end":{"line":26,"column":21}},"type":"binary-expr","locations":[{"start":{"line":26,"column":6},"end":{"line":26,"column":21}},{"start":{"line":26,"column":25},"end":{"line":26,"column":75}}]},"2":{"loc":{"start":{"line":32,"column":6},"end":{"line":32,"column":74}},"type":"cond-expr","locations":[{"start":{"line":32,"column":6},"end":{"line":32,"column":74}},{"start":{"line":33,"column":6},"end":{"line":33,"column":44}}]},"3":{"loc":{"start":{"line":32,"column":6},"end":{"line":32,"column":21}},"type":"binary-expr","locations":[{"start":{"line":32,"column":6},"end":{"line":32,"column":21}},{"start":{"line":32,"column":25},"end":{"line":32,"column":74}}]},"4":{"loc":{"start":{"line":48,"column":2},"end":{"line":50,"column":null}},"type":"if","locations":[{"start":{"line":48,"column":2},"end":{"line":50,"column":null}},{"start":{"line":48,"column":2},"end":{"line":50,"column":null}}]},"5":{"loc":{"start":{"line":51,"column":2},"end":{"line":58,"column":null}},"type":"if","locations":[{"start":{"line":51,"column":2},"end":{"line":58,"column":null}},{"start":{"line":51,"column":2},"end":{"line":58,"column":null}}]},"6":{"loc":{"start":{"line":53,"column":9},"end":{"line":58,"column":null}},"type":"if","locations":[{"start":{"line":53,"column":9},"end":{"line":58,"column":null}},{"start":{"line":53,"column":9},"end":{"line":58,"column":null}}]},"7":{"loc":{"start":{"line":71,"column":4},"end":{"line":74,"column":null}},"type":"if","locations":[{"start":{"line":71,"column":4},"end":{"line":74,"column":null}},{"start":{"line":71,"column":4},"end":{"line":74,"column":null}}]},"8":{"loc":{"start":{"line":80,"column":2},"end":{"line":88,"column":null}},"type":"if","locations":[{"start":{"line":80,"column":2},"end":{"line":88,"column":null}},{"start":{"line":80,"column":2},"end":{"line":88,"column":null}}]},"9":{"loc":{"start":{"line":80,"column":6},"end":{"line":80,"column":32}},"type":"binary-expr","locations":[{"start":{"line":80,"column":6},"end":{"line":80,"column":32}},{"start":{"line":80,"column":36},"end":{"line":80,"column":61}}]},"10":{"loc":{"start":{"line":85,"column":4},"end":{"line":87,"column":null}},"type":"if","locations":[{"start":{"line":85,"column":4},"end":{"line":87,"column":null}},{"start":{"line":85,"column":4},"end":{"line":87,"column":null}}]},"11":{"loc":{"start":{"line":90,"column":2},"end":{"line":92,"column":null}},"type":"if","locations":[{"start":{"line":90,"column":2},"end":{"line":92,"column":null}},{"start":{"line":90,"column":2},"end":{"line":92,"column":null}}]},"12":{"loc":{"start":{"line":103,"column":10},"end":{"line":103,"column":39}},"type":"cond-expr","locations":[{"start":{"line":103,"column":10},"end":{"line":103,"column":39}},{"start":{"line":104,"column":10},"end":{"line":104,"column":39}}]},"13":{"loc":{"start":{"line":114,"column":2},"end":{"line":118,"column":null}},"type":"if","locations":[{"start":{"line":114,"column":2},"end":{"line":118,"column":null}},{"start":{"line":114,"column":2},"end":{"line":118,"column":null}}]},"14":{"loc":{"start":{"line":114,"column":6},"end":{"line":114,"column":32}},"type":"binary-expr","locations":[{"start":{"line":114,"column":6},"end":{"line":114,"column":32}},{"start":{"line":114,"column":36},"end":{"line":114,"column":61}}]}},"s":{"0":2,"1":2,"2":2,"3":2,"4":2,"5":2,"6":2,"7":2,"8":2,"9":2,"10":2,"11":2,"12":2,"13":8,"14":33,"15":2,"16":6,"17":0,"18":6,"19":0,"20":6,"21":3,"22":3,"23":3,"24":2,"25":9,"26":9,"27":4,"28":0,"29":4,"30":9,"31":3,"32":6,"33":6,"34":1,"35":9,"36":1,"37":8,"38":8,"39":2,"40":5,"41":5,"42":2,"43":3,"44":5},"f":{"0":8,"1":33,"2":6,"3":9,"4":4,"5":5},"b":{"0":[2,0],"1":[2,2],"2":[8,0],"3":[8,6],"4":[0,6],"5":[0,6],"6":[3,3],"7":[0,4],"8":[3,6],"9":[9,7],"10":[1,5],"11":[1,8],"12":[2,6],"13":[2,3],"14":[5,4]}}
,"/Users/yeyan1996/Desktop/free-swagger/packages/api/src/mock/index.ts": {"path":"/Users/yeyan1996/Desktop/free-swagger/packages/api/src/mock/index.ts","statementMap":{"0":{"start":{"line":3,"column":0},"end":{"line":3,"column":61}},"1":{"start":{"line":4,"column":0},"end":{"line":4,"column":39}},"2":{"start":{"line":5,"column":0},"end":{"line":5,"column":23}},"3":{"start":{"line":6,"column":0},"end":{"line":6,"column":26}},"4":{"start":{"line":7,"column":0},"end":{"line":7,"column":25}},"5":{"start":{"line":8,"column":0},"end":{"line":8,"column":33}},"6":{"start":{"line":9,"column":0},"end":{"line":9,"column":63}},"7":{"start":{"line":11,"column":12},"end":{"line":11,"column":40}},"8":{"start":{"line":13,"column":18},"end":{"line":13,"column":73}},"9":{"start":{"line":13,"column":43},"end":{"line":13,"column":73}},"10":{"start":{"line":14,"column":21},"end":{"line":14,"column":26}},"11":{"start":{"line":15,"column":0},"end":{"line":22,"column":null}},"12":{"start":{"line":25,"column":25},"end":{"line":37,"column":1}},"13":{"start":{"line":26,"column":24},"end":{"line":26,"column":26}},"14":{"start":{"line":27,"column":2},"end":{"line":33,"column":null}},"15":{"start":{"line":28,"column":4},"end":{"line":28,"column":null}},"16":{"start":{"line":29,"column":4},"end":{"line":29,"column":null}},"17":{"start":{"line":32,"column":4},"end":{"line":32,"column":null}},"18":{"start":{"line":34,"column":2},"end":{"line":34,"column":null}},"19":{"start":{"line":34,"column":23},"end":{"line":34,"column":null}},"20":{"start":{"line":36,"column":2},"end":{"line":36,"column":null}},"21":{"start":{"line":39,"column":13},"end":{"line":136,"column":null}},"22":{"start":{"line":44,"column":2},"end":{"line":44,"column":null}},"23":{"start":{"line":48,"column":6},"end":{"line":48,"column":8}},"24":{"start":{"line":51,"column":2},"end":{"line":55,"column":null}},"25":{"start":{"line":57,"column":24},"end":{"line":57,"column":63}},"26":{"start":{"line":59,"column":2},"end":{"line":114,"column":null}},"27":{"start":{"line":61,"column":6},"end":{"line":112,"column":null}},"28":{"start":{"line":62,"column":20},"end":{"line":62,"column":64}},"29":{"start":{"line":64,"column":32},"end":{"line":64,"column":54}},"30":{"start":{"line":65,"column":8},"end":{"line":65,"column":36}},"31":{"start":{"line":65,"column":30},"end":{"line":65,"column":36}},"32":{"start":{"line":67,"column":8},"end":{"line":74,"column":null}},"33":{"start":{"line":68,"column":10},"end":{"line":72,"column":null}},"34":{"start":{"line":73,"column":10},"end":{"line":73,"column":16}},"35":{"start":{"line":77,"column":29},"end":{"line":77,"column":31}},"36":{"start":{"line":78,"column":8},"end":{"line":88,"column":null}},"37":{"start":{"line":79,"column":22},"end":{"line":80,"column":null}},"38":{"start":{"line":80,"column":42},"end":{"line":80,"column":79}},"39":{"start":{"line":82,"column":10},"end":{"line":82,"column":26}},"40":{"start":{"line":82,"column":20},"end":{"line":82,"column":26}},"41":{"start":{"line":83,"column":10},"end":{"line":85,"column":null}},"42":{"start":{"line":87,"column":10},"end":{"line":87,"column":null}},"43":{"start":{"line":90,"column":8},"end":{"line":92,"column":null}},"44":{"start":{"line":91,"column":10},"end":{"line":91,"column":null}},"45":{"start":{"line":94,"column":23},"end":{"line":103,"column":null}},"46":{"start":{"line":105,"column":8},"end":{"line":111,"column":null}},"47":{"start":{"line":115,"column":2},"end":{"line":120,"column":null}},"48":{"start":{"line":116,"column":4},"end":{"line":119,"column":null}},"49":{"start":{"line":123,"column":2},"end":{"line":135,"column":null}}},"fnMap":{"0":{"name":"(anonymous_1)","decl":{"start":{"line":13,"column":18},"end":{"line":13,"column":19}},"loc":{"start":{"line":13,"column":43},"end":{"line":13,"column":73}}},"1":{"name":"(anonymous_2)","decl":{"start":{"line":25,"column":25},"end":{"line":25,"column":26}},"loc":{"start":{"line":25,"column":65},"end":{"line":37,"column":1}}},"2":{"name":"(anonymous_3)","decl":{"start":{"line":39,"column":20},"end":{"line":39,"column":25}},"loc":{"start":{"line":43,"column":62},"end":{"line":136,"column":1}}},"3":{"name":"(anonymous_4)","decl":{"start":{"line":60,"column":4},"end":{"line":60,"column":5}},"loc":{"start":{"line":60,"column":31},"end":{"line":113,"column":5}}},"4":{"name":"(anonymous_5)","decl":{"start":{"line":61,"column":22},"end":{"line":61,"column":27}},"loc":{"start":{"line":61,"column":47},"end":{"line":112,"column":7}}},"5":{"name":"(anonymous_6)","decl":{"start":{"line":80,"column":12},"end":{"line":80,"column":13}},"loc":{"start":{"line":80,"column":42},"end":{"line":80,"column":79}}},"6":{"name":"(anonymous_7)","decl":{"start":{"line":115,"column":38},"end":{"line":115,"column":39}},"loc":{"start":{"line":115,"column":57},"end":{"line":120,"column":3}}}},"branchMap":{"0":{"loc":{"start":{"line":34,"column":2},"end":{"line":34,"column":null}},"type":"if","locations":[{"start":{"line":34,"column":2},"end":{"line":34,"column":null}},{"start":{"line":34,"column":2},"end":{"line":34,"column":null}}]},"1":{"loc":{"start":{"line":65,"column":8},"end":{"line":65,"column":36}},"type":"if","locations":[{"start":{"line":65,"column":8},"end":{"line":65,"column":36}},{"start":{"line":65,"column":8},"end":{"line":65,"column":36}}]},"2":{"loc":{"start":{"line":67,"column":8},"end":{"line":74,"column":null}},"type":"if","locations":[{"start":{"line":67,"column":8},"end":{"line":74,"column":null}},{"start":{"line":67,"column":8},"end":{"line":74,"column":null}}]},"3":{"loc":{"start":{"line":67,"column":33},"end":{"line":67,"column":36}},"type":"cond-expr","locations":[{"start":{"line":67,"column":33},"end":{"line":67,"column":36}},{"start":{"line":67,"column":33},"end":{"line":67,"column":38}}]},"4":{"loc":{"start":{"line":67,"column":12},"end":{"line":67,"column":36}},"type":"binary-expr","locations":[{"start":{"line":67,"column":12},"end":{"line":67,"column":36}},{"start":{"line":67,"column":33},"end":{"line":67,"column":36}}]},"5":{"loc":{"start":{"line":78,"column":8},"end":{"line":88,"column":null}},"type":"if","locations":[{"start":{"line":78,"column":8},"end":{"line":88,"column":null}},{"start":{"line":78,"column":8},"end":{"line":88,"column":null}}]},"6":{"loc":{"start":{"line":82,"column":10},"end":{"line":82,"column":26}},"type":"if","locations":[{"start":{"line":82,"column":10},"end":{"line":82,"column":26}},{"start":{"line":82,"column":10},"end":{"line":82,"column":26}}]},"7":{"loc":{"start":{"line":84,"column":14},"end":{"line":84,"column":41}},"type":"cond-expr","locations":[{"start":{"line":84,"column":14},"end":{"line":84,"column":41}},{"start":{"line":85,"column":14},"end":{"line":85,"column":22}}]},"8":{"loc":{"start":{"line":90,"column":8},"end":{"line":92,"column":null}},"type":"if","locations":[{"start":{"line":90,"column":8},"end":{"line":92,"column":null}},{"start":{"line":90,"column":8},"end":{"line":92,"column":null}}]},"9":{"loc":{"start":{"line":95,"column":12},"end":{"line":97,"column":null}},"type":"cond-expr","locations":[{"start":{"line":95,"column":12},"end":{"line":97,"column":null}},{"start":{"line":99,"column":12},"end":{"line":103,"column":null}}]},"10":{"loc":{"start":{"line":94,"column":63},"end":{"line":94,"column":66}},"type":"cond-expr","locations":[{"start":{"line":94,"column":63},"end":{"line":94,"column":66}},{"start":{"line":94,"column":63},"end":{"line":94,"column":72}}]},"11":{"loc":{"start":{"line":94,"column":23},"end":{"line":94,"column":66}},"type":"binary-expr","locations":[{"start":{"line":94,"column":23},"end":{"line":94,"column":66}},{"start":{"line":94,"column":63},"end":{"line":94,"column":66}}]},"12":{"loc":{"start":{"line":94,"column":48},"end":{"line":94,"column":51}},"type":"cond-expr","locations":[{"start":{"line":94,"column":48},"end":{"line":94,"column":51}},{"start":{"line":94,"column":48},"end":{"line":94,"column":66}}]},"13":{"loc":{"start":{"line":94,"column":23},"end":{"line":94,"column":51}},"type":"binary-expr","locations":[{"start":{"line":94,"column":23},"end":{"line":94,"column":51}},{"start":{"line":94,"column":48},"end":{"line":94,"column":51}}]},"14":{"loc":{"start":{"line":106,"column":12},"end":{"line":110,"column":null}},"type":"cond-expr","locations":[{"start":{"line":106,"column":12},"end":{"line":110,"column":null}},{"start":{"line":111,"column":12},"end":{"line":111,"column":18}}]}},"s":{"0":2,"1":2,"2":2,"3":2,"4":2,"5":2,"6":2,"7":2,"8":2,"9":496,"10":2,"11":2,"12":2,"13":47,"14":47,"15":47,"16":47,"17":0,"18":47,"19":9,"20":47,"21":2,"22":5,"23":5,"24":5,"25":5,"26":5,"27":62,"28":496,"29":496,"30":496,"31":421,"32":75,"33":0,"34":0,"35":75,"36":75,"37":0,"38":0,"39":0,"40":0,"41":0,"42":75,"43":75,"44":26,"45":75,"46":75,"47":5,"48":26,"49":5},"f":{"0":496,"1":47,"2":5,"3":62,"4":496,"5":0,"6":26},"b":{"0":[9,38],"1":[421,75],"2":[0,75],"3":[0,75],"4":[75,75],"5":[0,75],"6":[0,0],"7":[0,0],"8":[26,49],"9":[47,28],"10":[22,53],"11":[75,75],"12":[0,75],"13":[75,75],"14":[25,50]}}
,"/Users/yeyan1996/Desktop/free-swagger/packages/api/src/parse/path.ts": {"path":"/Users/yeyan1996/Desktop/free-swagger/packages/api/src/parse/path.ts","statementMap":{"0":{"start":{"line":2,"column":0},"end":{"line":2,"column":9}},"1":{"start":{"line":76,"column":21},"end":{"line":2,"column":53}},"2":{"start":{"line":3,"column":0},"end":{"line":3,"column":37}},"3":{"start":{"line":4,"column":0},"end":{"line":4,"column":25}},"4":{"start":{"line":5,"column":0},"end":{"line":5,"column":54}},"5":{"start":{"line":7,"column":13},"end":{"line":16,"column":null}},"6":{"start":{"line":24,"column":23},"end":{"line":35,"column":null}},"7":{"start":{"line":26,"column":4},"end":{"line":26,"column":null}},"8":{"start":{"line":26,"column":14},"end":{"line":26,"column":null}},"9":{"start":{"line":27,"column":4},"end":{"line":33,"column":null}},"10":{"start":{"line":28,"column":19},"end":{"line":28,"column":57}},"11":{"start":{"line":28,"column":44},"end":{"line":28,"column":56}},"12":{"start":{"line":29,"column":6},"end":{"line":29,"column":null}},"13":{"start":{"line":29,"column":17},"end":{"line":29,"column":null}},"14":{"start":{"line":30,"column":6},"end":{"line":30,"column":null}},"15":{"start":{"line":32,"column":6},"end":{"line":32,"column":null}},"16":{"start":{"line":35,"column":17},"end":{"line":35,"column":20}},"17":{"start":{"line":40,"column":19},"end":{"line":73,"column":null}},"18":{"start":{"line":41,"column":2},"end":{"line":73,"column":null}},"19":{"start":{"line":46,"column":10},"end":{"line":51,"column":null}},"20":{"start":{"line":47,"column":79},"end":{"line":51,"column":14}},"21":{"start":{"line":55,"column":21},"end":{"line":58,"column":9}},"22":{"start":{"line":60,"column":8},"end":{"line":69,"column":null}},"23":{"start":{"line":61,"column":10},"end":{"line":67,"column":null}},"24":{"start":{"line":68,"column":10},"end":{"line":68,"column":null}},"25":{"start":{"line":71,"column":8},"end":{"line":71,"column":null}},"26":{"start":{"line":73,"column":11},"end":{"line":73,"column":21}},"27":{"start":{"line":76,"column":9},"end":{"line":76,"column":19}}},"fnMap":{"0":{"name":"(anonymous_1)","decl":{"start":{"line":76,"column":21},"end":{"line":76,"column":30}},"loc":{"start":{"line":76,"column":21},"end":{"line":2,"column":53}}},"1":{"name":"(anonymous_2)","decl":{"start":{"line":25,"column":2},"end":{"line":25,"column":3}},"loc":{"start":{"line":25,"column":47},"end":{"line":34,"column":3}}},"2":{"name":"(anonymous_3)","decl":{"start":{"line":28,"column":30},"end":{"line":28,"column":31}},"loc":{"start":{"line":28,"column":44},"end":{"line":28,"column":56}}},"3":{"name":"(anonymous_4)","decl":{"start":{"line":35,"column":2},"end":{"line":35,"column":3}},"loc":{"start":{"line":35,"column":17},"end":{"line":35,"column":20}}},"4":{"name":"(anonymous_5)","decl":{"start":{"line":40,"column":19},"end":{"line":40,"column":20}},"loc":{"start":{"line":41,"column":2},"end":{"line":73,"column":null}}},"5":{"name":"(anonymous_6)","decl":{"start":{"line":45,"column":8},"end":{"line":45,"column":9}},"loc":{"start":{"line":46,"column":10},"end":{"line":51,"column":null}}},"6":{"name":"(anonymous_7)","decl":{"start":{"line":47,"column":12},"end":{"line":47,"column":13}},"loc":{"start":{"line":47,"column":79},"end":{"line":51,"column":14}}},"7":{"name":"(anonymous_8)","decl":{"start":{"line":55,"column":11},"end":{"line":55,"column":12}},"loc":{"start":{"line":55,"column":20},"end":{"line":58,"column":9}}},"8":{"name":"(anonymous_9)","decl":{"start":{"line":59,"column":14},"end":{"line":59,"column":15}},"loc":{"start":{"line":59,"column":23},"end":{"line":72,"column":7}}},"9":{"name":"(anonymous_10)","decl":{"start":{"line":73,"column":4},"end":{"line":73,"column":5}},"loc":{"start":{"line":73,"column":11},"end":{"line":73,"column":21}}}},"branchMap":{"0":{"loc":{"start":{"line":26,"column":4},"end":{"line":26,"column":null}},"type":"if","locations":[{"start":{"line":26,"column":4},"end":{"line":26,"column":null}},{"start":{"line":26,"column":4},"end":{"line":26,"column":null}}]},"1":{"loc":{"start":{"line":27,"column":4},"end":{"line":33,"column":null}},"type":"if","locations":[{"start":{"line":27,"column":4},"end":{"line":33,"column":null}},{"start":{"line":27,"column":4},"end":{"line":33,"column":null}}]},"2":{"loc":{"start":{"line":29,"column":6},"end":{"line":29,"column":null}},"type":"if","locations":[{"start":{"line":29,"column":6},"end":{"line":29,"column":null}},{"start":{"line":29,"column":6},"end":{"line":29,"column":null}}]},"3":{"loc":{"start":{"line":30,"column":32},"end":{"line":30,"column":48}},"type":"cond-expr","locations":[{"start":{"line":30,"column":32},"end":{"line":30,"column":48}},{"start":{"line":30,"column":51},"end":{"line":30,"column":60}}]},"4":{"loc":{"start":{"line":57,"column":61},"end":{"line":57,"column":66}},"type":"cond-expr","locations":[{"start":{"line":57,"column":61},"end":{"line":57,"column":66}},{"start":{"line":57,"column":66},"end":{"line":57,"column":68}}]},"5":{"loc":{"start":{"line":57,"column":46},"end":{"line":57,"column":66}},"type":"binary-expr","locations":[{"start":{"line":57,"column":46},"end":{"line":57,"column":66}},{"start":{"line":57,"column":61},"end":{"line":57,"column":66}}]},"6":{"loc":{"start":{"line":57,"column":57},"end":{"line":57,"column":60}},"type":"cond-expr","locations":[{"start":{"line":57,"column":57},"end":{"line":57,"column":60}},{"start":{"line":57,"column":57},"end":{"line":57,"column":66}}]},"7":{"loc":{"start":{"line":57,"column":46},"end":{"line":57,"column":60}},"type":"binary-expr","locations":[{"start":{"line":57,"column":46},"end":{"line":57,"column":60}},{"start":{"line":57,"column":57},"end":{"line":57,"column":60}}]},"8":{"loc":{"start":{"line":60,"column":8},"end":{"line":69,"column":null}},"type":"if","locations":[{"start":{"line":60,"column":8},"end":{"line":69,"column":null}},{"start":{"line":60,"column":8},"end":{"line":69,"column":null}}]},"9":{"loc":{"start":{"line":60,"column":22},"end":{"line":60,"column":25}},"type":"cond-expr","locations":[{"start":{"line":60,"column":22},"end":{"line":60,"column":25}},{"start":{"line":60,"column":22},"end":{"line":60,"column":27}}]},"10":{"loc":{"start":{"line":60,"column":12},"end":{"line":60,"column":25}},"type":"binary-expr","locations":[{"start":{"line":60,"column":12},"end":{"line":60,"column":25}},{"start":{"line":60,"column":22},"end":{"line":60,"column":25}}]}},"s":{"0":2,"1":2,"2":2,"3":2,"4":2,"5":2,"6":2,"7":14,"8":0,"9":14,"10":0,"11":0,"12":0,"13":0,"14":0,"15":14,"16":110,"17":2,"18":7,"19":90,"20":110,"21":110,"22":110,"23":0,"24":0,"25":110,"26":110,"27":2},"f":{"0":0,"1":14,"2":0,"3":110,"4":7,"5":90,"6":110,"7":110,"8":110,"9":110},"b":{"0":[0,14],"1":[0,14],"2":[0,0],"3":[0,0],"4":[110,0],"5":[110,110],"6":[0,110],"7":[110,110],"8":[0,110],"9":[0,110],"10":[110,110]}}
}
