TN:
SF:src/main.ts
FN:28,(anonymous_7)
FN:58,(anonymous_8)
FN:74,(anonymous_9)
FN:117,(anonymous_10)
FN:158,(anonymous_11)
FNF:5
FNH:5
FNDA:8,(anonymous_7)
FNDA:33,(anonymous_8)
FNDA:110,(anonymous_9)
FNDA:9,(anonymous_10)
FNDA:5,(anonymous_11)
DA:1,2
DA:2,2
DA:3,2
DA:4,2
DA:7,2
DA:8,2
DA:9,2
DA:10,2
DA:17,2
DA:18,2
DA:21,2
DA:28,2
DA:34,8
DA:35,2
DA:36,2
DA:37,2
DA:46,8
DA:47,6
DA:48,6
DA:49,6
DA:58,8
DA:62,33
DA:66,33
DA:67,33
DA:74,110
DA:77,33
DA:79,33
DA:81,33
DA:82,110
DA:90,110
DA:91,110
DA:92,85
DA:94,25
DA:96,110
DA:99,33
DA:103,33
DA:104,33
DA:106,33
DA:111,8
DA:112,7
DA:117,2
DA:125,9
DA:127,9
DA:129,9
DA:131,8
DA:132,8
DA:136,8
DA:137,7
DA:138,7
DA:139,7
DA:140,7
DA:146,8
DA:147,8
DA:151,8
DA:153,1
DA:154,1
DA:158,2
DA:159,5
DA:160,5
DA:161,5
DA:162,5
DA:163,5
DA:170,2
DA:171,2
DA:173,2
DA:174,2
LF:66
LH:66
BRDA:34,0,0,2
BRDA:34,0,1,6
BRDA:46,1,0,6
BRDA:46,1,1,2
BRDA:64,2,0,33
BRDA:64,2,1,0
BRDA:64,3,0,33
BRDA:64,3,1,33
BRDA:64,4,0,0
BRDA:64,4,1,33
BRDA:64,5,0,33
BRDA:64,5,1,33
BRDA:75,6,0,9
BRDA:75,6,1,24
BRDA:73,7,0,33
BRDA:73,7,1,33
BRDA:74,8,0,0
BRDA:74,8,1,33
BRDA:73,9,0,33
BRDA:73,9,1,33
BRDA:74,10,0,0
BRDA:74,10,1,33
BRDA:73,11,0,33
BRDA:73,11,1,33
BRDA:91,12,0,85
BRDA:91,12,1,25
BRDA:101,13,0,5
BRDA:101,13,1,28
BRDA:100,14,0,33
BRDA:100,14,1,12
BRDA:111,15,0,7
BRDA:111,15,1,1
BRDA:111,16,0,8
BRDA:111,16,1,7
BRDA:123,17,0,9
BRDA:136,18,0,7
BRDA:136,18,1,1
BRDA:141,19,0,0
BRDA:141,19,1,7
BRDA:140,20,0,0
BRDA:140,20,1,7
BRDA:140,21,0,7
BRDA:140,21,1,7
BRDA:141,22,0,0
BRDA:141,22,1,0
BRDA:141,23,0,0
BRDA:141,23,1,0
BRDA:141,24,0,0
BRDA:141,24,1,0
BRDA:141,25,0,0
BRDA:141,25,1,0
BRF:51
BRH:37
end_of_record
TN:
SF:src/request.ts
FN:8,isEncoded
FN:12,fullyDecodeURI
FN:19,superEncodeUrl
FN:24,(anonymous_4)
FN:37,(anonymous_5)
FN:45,(anonymous_6)
FNF:6
FNH:0
FNDA:0,isEncoded
FNDA:0,fullyDecodeURI
FNDA:0,superEncodeUrl
FNDA:0,(anonymous_4)
FNDA:0,(anonymous_5)
FNDA:0,(anonymous_6)
DA:2,2
DA:3,2
DA:4,2
DA:5,2
DA:7,2
DA:9,0
DA:10,0
DA:13,0
DA:14,0
DA:16,0
DA:20,0
DA:24,2
DA:28,0
DA:29,0
DA:30,0
DA:32,0
DA:33,0
DA:35,0
DA:36,0
DA:37,0
DA:38,0
DA:46,0
DA:50,0
DA:55,0
DA:59,0
DA:60,0
DA:61,0
DA:64,0
DA:66,0
DA:67,0
DA:69,0
DA:70,0
DA:72,0
DA:73,0
LF:34
LH:6
BRDA:9,0,0,0
BRDA:9,0,1,0
BRDA:33,1,0,0
BRDA:33,1,1,0
BRDA:66,2,0,0
BRDA:66,2,1,0
BRF:6
BRH:0
end_of_record
TN:
SF:src/utils.ts
FN:30,(anonymous_1)
FN:34,(anonymous_2)
FN:49,(anonymous_3)
FN:52,(anonymous_4)
FN:57,(anonymous_5)
FNF:5
FNH:5
FNDA:10,(anonymous_1)
FNDA:9,(anonymous_2)
FNDA:20,(anonymous_3)
FNDA:75,(anonymous_4)
FNDA:89,(anonymous_5)
DA:3,2
DA:4,2
DA:5,2
DA:30,2
DA:31,10
DA:34,2
DA:37,9
DA:38,2
DA:40,7
DA:41,7
DA:42,4
DA:43,3
DA:44,2
DA:46,1
DA:49,2
DA:50,20
DA:52,2
DA:53,75
DA:57,2
DA:58,89
DA:61,2
DA:62,2
DA:63,2
DA:64,2
DA:65,2
LF:25
LH:25
BRDA:31,0,0,10
BRDA:31,0,1,7
BRDA:37,1,0,2
BRDA:37,1,1,7
BRDA:40,2,0,7
BRDA:40,2,1,0
BRDA:41,3,0,4
BRDA:41,3,1,3
BRDA:43,4,0,2
BRDA:43,4,1,1
BRDA:50,5,0,20
BRDA:50,5,1,11
BRF:12
BRH:11
end_of_record
TN:
SF:src/default/index.ts
FN:30,(anonymous_1)
FN:39,(anonymous_2)
FN:44,(anonymous_3)
FN:62,(anonymous_4)
FN:69,(anonymous_5)
FN:109,(anonymous_6)
FNF:6
FNH:6
FNDA:8,(anonymous_1)
FNDA:33,(anonymous_2)
FNDA:6,(anonymous_3)
FNDA:9,(anonymous_4)
FNDA:4,(anonymous_5)
FNDA:5,(anonymous_6)
DA:1,2
DA:2,2
DA:9,2
DA:10,2
DA:11,2
DA:13,2
DA:14,2
DA:16,2
DA:17,2
DA:19,2
DA:20,2
DA:22,2
DA:30,8
DA:39,33
DA:44,2
DA:48,6
DA:49,0
DA:51,6
DA:52,0
DA:53,6
DA:54,3
DA:55,3
DA:57,3
DA:62,2
DA:65,9
DA:69,9
DA:71,4
DA:73,0
DA:76,4
DA:80,9
DA:81,3
DA:84,6
DA:85,6
DA:86,1
DA:90,9
DA:91,1
DA:95,8
DA:99,8
DA:109,2
DA:112,5
DA:114,5
DA:115,2
DA:117,3
DA:120,5
LF:44
LH:41
BRDA:26,0,0,2
BRDA:26,0,1,0
BRDA:26,1,0,2
BRDA:26,1,1,2
BRDA:32,2,0,8
BRDA:32,2,1,0
BRDA:32,3,0,8
BRDA:32,3,1,6
BRDA:48,4,0,0
BRDA:48,4,1,6
BRDA:51,5,0,0
BRDA:51,5,1,6
BRDA:53,6,0,3
BRDA:53,6,1,3
BRDA:71,7,0,0
BRDA:71,7,1,4
BRDA:80,8,0,3
BRDA:80,8,1,6
BRDA:80,9,0,9
BRDA:80,9,1,7
BRDA:85,10,0,1
BRDA:85,10,1,5
BRDA:90,11,0,1
BRDA:90,11,1,8
BRDA:103,12,0,2
BRDA:103,12,1,6
BRDA:114,13,0,2
BRDA:114,13,1,3
BRDA:114,14,0,5
BRDA:114,14,1,4
BRF:30
BRH:25
end_of_record
TN:
SF:src/mock/index.ts
FN:13,(anonymous_1)
FN:25,(anonymous_2)
FN:39,(anonymous_3)
FN:60,(anonymous_4)
FN:61,(anonymous_5)
FN:80,(anonymous_6)
FN:115,(anonymous_7)
FNF:7
FNH:6
FNDA:496,(anonymous_1)
FNDA:47,(anonymous_2)
FNDA:5,(anonymous_3)
FNDA:62,(anonymous_4)
FNDA:496,(anonymous_5)
FNDA:0,(anonymous_6)
FNDA:26,(anonymous_7)
DA:3,2
DA:4,2
DA:5,2
DA:6,2
DA:7,2
DA:8,2
DA:9,2
DA:11,2
DA:13,496
DA:14,2
DA:15,2
DA:25,2
DA:26,47
DA:27,47
DA:28,47
DA:29,47
DA:32,0
DA:34,47
DA:36,47
DA:39,2
DA:44,5
DA:48,5
DA:51,5
DA:57,5
DA:59,5
DA:61,62
DA:62,496
DA:64,496
DA:65,496
DA:67,75
DA:68,0
DA:73,0
DA:77,75
DA:78,75
DA:79,0
DA:80,0
DA:82,0
DA:83,0
DA:87,75
DA:90,75
DA:91,26
DA:94,75
DA:105,75
DA:115,5
DA:116,26
DA:123,5
LF:46
LH:39
BRDA:34,0,0,9
BRDA:34,0,1,38
BRDA:65,1,0,421
BRDA:65,1,1,75
BRDA:67,2,0,0
BRDA:67,2,1,75
BRDA:67,3,0,0
BRDA:67,3,1,75
BRDA:67,4,0,75
BRDA:67,4,1,75
BRDA:78,5,0,0
BRDA:78,5,1,75
BRDA:82,6,0,0
BRDA:82,6,1,0
BRDA:84,7,0,0
BRDA:84,7,1,0
BRDA:90,8,0,26
BRDA:90,8,1,49
BRDA:95,9,0,47
BRDA:95,9,1,28
BRDA:94,10,0,22
BRDA:94,10,1,53
BRDA:94,11,0,75
BRDA:94,11,1,75
BRDA:94,12,0,0
BRDA:94,12,1,75
BRDA:94,13,0,75
BRDA:94,13,1,75
BRDA:106,14,0,25
BRDA:106,14,1,50
BRF:30
BRH:22
end_of_record
TN:
SF:src/parse/path.ts
FN:76,(anonymous_1)
FN:25,(anonymous_2)
FN:28,(anonymous_3)
FN:35,(anonymous_4)
FN:40,(anonymous_5)
FN:45,(anonymous_6)
FN:47,(anonymous_7)
FN:55,(anonymous_8)
FN:59,(anonymous_9)
FN:73,(anonymous_10)
FNF:10
FNH:8
FNDA:0,(anonymous_1)
FNDA:14,(anonymous_2)
FNDA:0,(anonymous_3)
FNDA:110,(anonymous_4)
FNDA:7,(anonymous_5)
FNDA:90,(anonymous_6)
FNDA:110,(anonymous_7)
FNDA:110,(anonymous_8)
FNDA:110,(anonymous_9)
FNDA:110,(anonymous_10)
DA:2,2
DA:3,2
DA:4,2
DA:5,2
DA:7,2
DA:24,2
DA:26,14
DA:27,14
DA:28,0
DA:29,0
DA:30,0
DA:32,14
DA:35,110
DA:40,2
DA:41,7
DA:46,90
DA:47,110
DA:55,110
DA:60,110
DA:61,0
DA:68,0
DA:71,110
DA:73,110
DA:76,2
LF:24
LH:19
BRDA:26,0,0,0
BRDA:26,0,1,14
BRDA:27,1,0,0
BRDA:27,1,1,14
BRDA:29,2,0,0
BRDA:29,2,1,0
BRDA:30,3,0,0
BRDA:30,3,1,0
BRDA:57,4,0,110
BRDA:57,4,1,0
BRDA:57,5,0,110
BRDA:57,5,1,110
BRDA:57,6,0,0
BRDA:57,6,1,110
BRDA:57,7,0,110
BRDA:57,7,1,110
BRDA:60,8,0,0
BRDA:60,8,1,110
BRDA:60,9,0,0
BRDA:60,9,1,110
BRDA:60,10,0,110
BRDA:60,10,1,110
BRF:22
BRH:12
end_of_record
