{"/Users/bytedance/Desktop/free-swagger/src/inquirer.ts": {"path":"/Users/bytedance/Desktop/free-swagger/src/inquirer.ts","statementMap":{"0":{"start":{"line":5,"column":22},"end":{"line":22,"column":1}},"1":{"start":{"line":6,"column":20},"end":{"line":9,"column":5}},"2":{"start":{"line":6,"column":52},"end":{"line":9,"column":3}},"3":{"start":{"line":10,"column":21},"end":{"line":10,"column":39}},"4":{"start":{"line":11,"column":2},"end":{"line":11,"column":70}},"5":{"start":{"line":11,"column":53},"end":{"line":11,"column":70}},"6":{"start":{"line":14,"column":2},"end":{"line":21,"column":5}},"7":{"start":{"line":15,"column":19},"end":{"line":15,"column":66}},"8":{"start":{"line":15,"column":45},"end":{"line":15,"column":65}},"9":{"start":{"line":16,"column":20},"end":{"line":16,"column":50}},"10":{"start":{"line":17,"column":4},"end":{"line":20,"column":6}},"11":{"start":{"line":24,"column":25},"end":{"line":48,"column":1}},"12":{"start":{"line":25,"column":26},"end":{"line":46,"column":4}},"13":{"start":{"line":33,"column":8},"end":{"line":35,"column":9}},"14":{"start":{"line":34,"column":10},"end":{"line":34,"column":35}},"15":{"start":{"line":36,"column":8},"end":{"line":41,"column":11}},"16":{"start":{"line":37,"column":54},"end":{"line":40,"column":11}},"17":{"start":{"line":42,"column":8},"end":{"line":42,"column":18}},"18":{"start":{"line":43,"column":8},"end":{"line":43,"column":20}},"19":{"start":{"line":47,"column":2},"end":{"line":47,"column":21}}},"fnMap":{"0":{"name":"(anonymous_0)","decl":{"start":{"line":5,"column":22},"end":{"line":5,"column":23}},"loc":{"start":{"line":5,"column":68},"end":{"line":22,"column":1}},"line":5},"1":{"name":"(anonymous_1)","decl":{"start":{"line":6,"column":43},"end":{"line":6,"column":44}},"loc":{"start":{"line":6,"column":52},"end":{"line":9,"column":3}},"line":6},"2":{"name":"(anonymous_2)","decl":{"start":{"line":14,"column":32},"end":{"line":14,"column":33}},"loc":{"start":{"line":14,"column":40},"end":{"line":21,"column":3}},"line":14},"3":{"name":"(anonymous_3)","decl":{"start":{"line":15,"column":35},"end":{"line":15,"column":36}},"loc":{"start":{"line":15,"column":45},"end":{"line":15,"column":65}},"line":15},"4":{"name":"(anonymous_4)","decl":{"start":{"line":24,"column":25},"end":{"line":24,"column":26}},"loc":{"start":{"line":24,"column":74},"end":{"line":48,"column":1}},"line":24},"5":{"name":"(anonymous_5)","decl":{"start":{"line":32,"column":6},"end":{"line":32,"column":7}},"loc":{"start":{"line":32,"column":41},"end":{"line":44,"column":7}},"line":32},"6":{"name":"(anonymous_6)","decl":{"start":{"line":37,"column":45},"end":{"line":37,"column":46}},"loc":{"start":{"line":37,"column":54},"end":{"line":40,"column":11}},"line":37}},"branchMap":{"0":{"loc":{"start":{"line":11,"column":2},"end":{"line":11,"column":70}},"type":"if","locations":[{"start":{"line":11,"column":2},"end":{"line":11,"column":70}},{"start":{"line":11,"column":2},"end":{"line":11,"column":70}}],"line":11},"1":{"loc":{"start":{"line":11,"column":6},"end":{"line":11,"column":51}},"type":"binary-expr","locations":[{"start":{"line":11,"column":6},"end":{"line":11,"column":24}},{"start":{"line":11,"column":28},"end":{"line":11,"column":51}}],"line":11},"2":{"loc":{"start":{"line":16,"column":20},"end":{"line":16,"column":50}},"type":"cond-expr","locations":[{"start":{"line":16,"column":29},"end":{"line":16,"column":43}},{"start":{"line":16,"column":46},"end":{"line":16,"column":50}}],"line":16},"3":{"loc":{"start":{"line":33,"column":8},"end":{"line":35,"column":9}},"type":"if","locations":[{"start":{"line":33,"column":8},"end":{"line":35,"column":9}},{"start":{"line":33,"column":8},"end":{"line":35,"column":9}}],"line":33}},"s":{"0":2,"1":0,"2":0,"3":0,"4":0,"5":0,"6":0,"7":0,"8":0,"9":0,"10":0,"11":2,"12":0,"13":0,"14":0,"15":0,"16":0,"17":0,"18":0,"19":0},"f":{"0":0,"1":0,"2":0,"3":0,"4":0,"5":0,"6":0},"b":{"0":[0,0],"1":[0,0],"2":[0,0],"3":[0,0]},"_coverageSchema":"43e27e138ebf9cfc5966b082cf9a028302ed4184","hash":"d8e74ba9a9e2c01b3c13cfc85fd43e98ac174d33"}
,"/Users/bytedance/Desktop/free-swagger/src/main.ts": {"path":"/Users/bytedance/Desktop/free-swagger/src/main.ts","statementMap":{"0":{"start":{"line":19,"column":23},"end":{"line":19,"column":37}},"1":{"start":{"line":22,"column":14},"end":{"line":30,"column":1}},"2":{"start":{"line":27,"column":2},"end":{"line":27,"column":34}},"3":{"start":{"line":28,"column":16},"end":{"line":28,"column":41}},"4":{"start":{"line":29,"column":2},"end":{"line":29,"column":19}},"5":{"start":{"line":33,"column":12},"end":{"line":61,"column":1}},"6":{"start":{"line":39,"column":2},"end":{"line":44,"column":3}},"7":{"start":{"line":40,"column":26},"end":{"line":40,"column":63}},"8":{"start":{"line":41,"column":4},"end":{"line":41,"column":38}},"9":{"start":{"line":42,"column":17},"end":{"line":42,"column":49}},"10":{"start":{"line":43,"column":4},"end":{"line":43,"column":45}},"11":{"start":{"line":47,"column":17},"end":{"line":58,"column":3}},"12":{"start":{"line":51,"column":30},"end":{"line":54,"column":5}},"13":{"start":{"line":55,"column":4},"end":{"line":55,"column":42}},"14":{"start":{"line":56,"column":17},"end":{"line":56,"column":48}},"15":{"start":{"line":57,"column":4},"end":{"line":57,"column":65}},"16":{"start":{"line":60,"column":2},"end":{"line":60,"column":40}},"17":{"start":{"line":63,"column":24},"end":{"line":75,"column":1}},"18":{"start":{"line":67,"column":2},"end":{"line":69,"column":3}},"19":{"start":{"line":68,"column":4},"end":{"line":68,"column":43}},"20":{"start":{"line":70,"column":2},"end":{"line":73,"column":3}},"21":{"start":{"line":71,"column":23},"end":{"line":71,"column":58}},"22":{"start":{"line":72,"column":4},"end":{"line":72,"column":63}},"23":{"start":{"line":74,"column":2},"end":{"line":74,"column":16}},"24":{"start":{"line":78,"column":16},"end":{"line":104,"column":1}},"25":{"start":{"line":79,"column":2},"end":{"line":103,"column":3}},"26":{"start":{"line":80,"column":4},"end":{"line":80,"column":72}},"27":{"start":{"line":81,"column":4},"end":{"line":83,"column":5}},"28":{"start":{"line":82,"column":6},"end":{"line":82,"column":51}},"29":{"start":{"line":84,"column":4},"end":{"line":84,"column":36}},"30":{"start":{"line":85,"column":4},"end":{"line":85,"column":35}},"31":{"start":{"line":88,"column":22},"end":{"line":88,"column":41}},"32":{"start":{"line":89,"column":4},"end":{"line":89,"column":34}},"33":{"start":{"line":90,"column":24},"end":{"line":92,"column":48}},"34":{"start":{"line":95,"column":4},"end":{"line":95,"column":48}},"35":{"start":{"line":96,"column":4},"end":{"line":98,"column":6}},"36":{"start":{"line":99,"column":4},"end":{"line":99,"column":25}},"37":{"start":{"line":101,"column":4},"end":{"line":101,"column":19}},"38":{"start":{"line":102,"column":4},"end":{"line":102,"column":47}},"39":{"start":{"line":107,"column":20},"end":{"line":112,"column":1}},"40":{"start":{"line":110,"column":23},"end":{"line":110,"column":55}},"41":{"start":{"line":111,"column":2},"end":{"line":111,"column":37}},"42":{"start":{"line":114,"column":0},"end":{"line":114,"column":30}},"43":{"start":{"line":115,"column":0},"end":{"line":127,"column":2}},"44":{"start":{"line":116,"column":17},"end":{"line":116,"column":68}},"45":{"start":{"line":117,"column":2},"end":{"line":121,"column":5}},"46":{"start":{"line":122,"column":2},"end":{"line":126,"column":4}},"47":{"start":{"line":128,"column":0},"end":{"line":128,"column":29}}},"fnMap":{"0":{"name":"(anonymous_0)","decl":{"start":{"line":22,"column":14},"end":{"line":22,"column":15}},"loc":{"start":{"line":26,"column":6},"end":{"line":30,"column":1}},"line":26},"1":{"name":"(anonymous_1)","decl":{"start":{"line":33,"column":12},"end":{"line":33,"column":13}},"loc":{"start":{"line":37,"column":20},"end":{"line":61,"column":1}},"line":37},"2":{"name":"(anonymous_2)","decl":{"start":{"line":47,"column":17},"end":{"line":47,"column":18}},"loc":{"start":{"line":50,"column":23},"end":{"line":58,"column":3}},"line":50},"3":{"name":"(anonymous_3)","decl":{"start":{"line":63,"column":24},"end":{"line":63,"column":25}},"loc":{"start":{"line":66,"column":34},"end":{"line":75,"column":1}},"line":66},"4":{"name":"(anonymous_4)","decl":{"start":{"line":78,"column":16},"end":{"line":78,"column":17}},"loc":{"start":{"line":78,"column":66},"end":{"line":104,"column":1}},"line":78},"5":{"name":"(anonymous_5)","decl":{"start":{"line":107,"column":20},"end":{"line":107,"column":21}},"loc":{"start":{"line":109,"column":34},"end":{"line":112,"column":1}},"line":109},"6":{"name":"(anonymous_6)","decl":{"start":{"line":115,"column":19},"end":{"line":115,"column":20}},"loc":{"start":{"line":115,"column":64},"end":{"line":127,"column":1}},"line":115}},"branchMap":{"0":{"loc":{"start":{"line":39,"column":2},"end":{"line":44,"column":3}},"type":"if","locations":[{"start":{"line":39,"column":2},"end":{"line":44,"column":3}},{"start":{"line":39,"column":2},"end":{"line":44,"column":3}}],"line":39},"1":{"loc":{"start":{"line":67,"column":2},"end":{"line":69,"column":3}},"type":"if","locations":[{"start":{"line":67,"column":2},"end":{"line":69,"column":3}},{"start":{"line":67,"column":2},"end":{"line":69,"column":3}}],"line":67},"2":{"loc":{"start":{"line":70,"column":2},"end":{"line":73,"column":3}},"type":"if","locations":[{"start":{"line":70,"column":2},"end":{"line":73,"column":3}},{"start":{"line":70,"column":2},"end":{"line":73,"column":3}}],"line":70},"3":{"loc":{"start":{"line":81,"column":4},"end":{"line":83,"column":5}},"type":"if","locations":[{"start":{"line":81,"column":4},"end":{"line":83,"column":5}},{"start":{"line":81,"column":4},"end":{"line":83,"column":5}}],"line":81},"4":{"loc":{"start":{"line":90,"column":24},"end":{"line":92,"column":48}},"type":"cond-expr","locations":[{"start":{"line":91,"column":8},"end":{"line":91,"column":13}},{"start":{"line":92,"column":8},"end":{"line":92,"column":48}}],"line":90}},"s":{"0":2,"1":2,"2":6,"3":6,"4":6,"5":2,"6":6,"7":4,"8":4,"9":4,"10":4,"11":5,"12":18,"13":18,"14":18,"15":18,"16":5,"17":2,"18":9,"19":0,"20":9,"21":3,"22":3,"23":6,"24":2,"25":6,"26":6,"27":6,"28":0,"29":6,"30":6,"31":6,"32":6,"33":6,"34":6,"35":5,"36":5,"37":0,"38":0,"39":2,"40":3,"41":3,"42":2,"43":2,"44":3,"45":3,"46":3,"47":2},"f":{"0":6,"1":6,"2":18,"3":9,"4":6,"5":3,"6":3},"b":{"0":[4,2],"1":[0,9],"2":[3,6],"3":[0,6],"4":[6,0]},"_coverageSchema":"43e27e138ebf9cfc5966b082cf9a028302ed4184","hash":"46321ad87c565c8a5fda92ead0391e7462cc096c"}
,"/Users/bytedance/Desktop/free-swagger/src/request.ts": {"path":"/Users/bytedance/Desktop/free-swagger/src/request.ts","statementMap":{"0":{"start":{"line":7,"column":13},"end":{"line":7,"column":17}},"1":{"start":{"line":10,"column":25},"end":{"line":59,"column":1}},"2":{"start":{"line":14,"column":2},"end":{"line":14,"column":23}},"3":{"start":{"line":15,"column":18},"end":{"line":15,"column":32}},"4":{"start":{"line":16,"column":2},"end":{"line":16,"column":35}},"5":{"start":{"line":18,"column":2},"end":{"line":58,"column":3}},"6":{"start":{"line":19,"column":4},"end":{"line":51,"column":5}},"7":{"start":{"line":21,"column":33},"end":{"line":21,"column":45}},"8":{"start":{"line":22,"column":21},"end":{"line":22,"column":40}},"9":{"start":{"line":23,"column":6},"end":{"line":44,"column":9}},"10":{"start":{"line":24,"column":22},"end":{"line":40,"column":9}},"11":{"start":{"line":32,"column":12},"end":{"line":35,"column":15}},"12":{"start":{"line":36,"column":12},"end":{"line":38,"column":15}},"13":{"start":{"line":41,"column":8},"end":{"line":43,"column":11}},"14":{"start":{"line":45,"column":6},"end":{"line":45,"column":26}},"15":{"start":{"line":46,"column":6},"end":{"line":46,"column":67}},"16":{"start":{"line":47,"column":6},"end":{"line":47,"column":21}},"17":{"start":{"line":50,"column":6},"end":{"line":50,"column":33}},"18":{"start":{"line":52,"column":4},"end":{"line":52,"column":70}},"19":{"start":{"line":52,"column":38},"end":{"line":52,"column":70}},"20":{"start":{"line":53,"column":4},"end":{"line":53,"column":28}},"21":{"start":{"line":54,"column":4},"end":{"line":54,"column":20}},"22":{"start":{"line":56,"column":4},"end":{"line":56,"column":41}},"23":{"start":{"line":57,"column":4},"end":{"line":57,"column":23}}},"fnMap":{"0":{"name":"(anonymous_0)","decl":{"start":{"line":10,"column":25},"end":{"line":10,"column":26}},"loc":{"start":{"line":13,"column":34},"end":{"line":59,"column":1}},"line":13},"1":{"name":"(anonymous_1)","decl":{"start":{"line":23,"column":27},"end":{"line":23,"column":28}},"loc":{"start":{"line":23,"column":41},"end":{"line":44,"column":7}},"line":23},"2":{"name":"(anonymous_2)","decl":{"start":{"line":31,"column":10},"end":{"line":31,"column":11}},"loc":{"start":{"line":31,"column":22},"end":{"line":39,"column":11}},"line":31}},"branchMap":{"0":{"loc":{"start":{"line":19,"column":4},"end":{"line":51,"column":5}},"type":"if","locations":[{"start":{"line":19,"column":4},"end":{"line":51,"column":5}},{"start":{"line":19,"column":4},"end":{"line":51,"column":5}}],"line":19},"1":{"loc":{"start":{"line":52,"column":4},"end":{"line":52,"column":70}},"type":"if","locations":[{"start":{"line":52,"column":4},"end":{"line":52,"column":70}},{"start":{"line":52,"column":4},"end":{"line":52,"column":70}}],"line":52}},"s":{"0":2,"1":2,"2":0,"3":0,"4":0,"5":0,"6":0,"7":0,"8":0,"9":0,"10":0,"11":0,"12":0,"13":0,"14":0,"15":0,"16":0,"17":0,"18":0,"19":0,"20":0,"21":0,"22":0,"23":0},"f":{"0":0,"1":0,"2":0},"b":{"0":[0,0],"1":[0,0]},"_coverageSchema":"43e27e138ebf9cfc5966b082cf9a028302ed4184","hash":"85a7e1f760da5ca3aa4cd813eda317cb4eacaea8"}
,"/Users/bytedance/Desktop/free-swagger/src/utils.ts": {"path":"/Users/bytedance/Desktop/free-swagger/src/utils.ts","statementMap":{"0":{"start":{"line":18,"column":14},"end":{"line":19,"column":51}},"1":{"start":{"line":19,"column":2},"end":{"line":19,"column":51}},"2":{"start":{"line":20,"column":15},"end":{"line":21,"column":77}},"3":{"start":{"line":21,"column":2},"end":{"line":21,"column":77}},"4":{"start":{"line":23,"column":23},"end":{"line":36,"column":1}},"5":{"start":{"line":27,"column":2},"end":{"line":35,"column":3}},"6":{"start":{"line":29,"column":20},"end":{"line":29,"column":41}},"7":{"start":{"line":30,"column":4},"end":{"line":30,"column":59}},"8":{"start":{"line":31,"column":4},"end":{"line":31,"column":40}},"9":{"start":{"line":32,"column":4},"end":{"line":32,"column":16}},"10":{"start":{"line":34,"column":4},"end":{"line":34,"column":17}},"11":{"start":{"line":38,"column":19},"end":{"line":41,"column":4}},"12":{"start":{"line":39,"column":2},"end":{"line":41,"column":4}},"13":{"start":{"line":43,"column":19},"end":{"line":44,"column":42}},"14":{"start":{"line":44,"column":2},"end":{"line":44,"column":42}}},"fnMap":{"0":{"name":"(anonymous_0)","decl":{"start":{"line":18,"column":14},"end":{"line":18,"column":15}},"loc":{"start":{"line":19,"column":2},"end":{"line":19,"column":51}},"line":19},"1":{"name":"(anonymous_1)","decl":{"start":{"line":20,"column":15},"end":{"line":20,"column":16}},"loc":{"start":{"line":21,"column":2},"end":{"line":21,"column":77}},"line":21},"2":{"name":"(anonymous_2)","decl":{"start":{"line":23,"column":23},"end":{"line":23,"column":24}},"loc":{"start":{"line":25,"column":43},"end":{"line":36,"column":1}},"line":25},"3":{"name":"(anonymous_3)","decl":{"start":{"line":38,"column":19},"end":{"line":38,"column":20}},"loc":{"start":{"line":39,"column":2},"end":{"line":41,"column":4}},"line":39},"4":{"name":"(anonymous_4)","decl":{"start":{"line":43,"column":19},"end":{"line":43,"column":20}},"loc":{"start":{"line":44,"column":2},"end":{"line":44,"column":42}},"line":44}},"branchMap":{"0":{"loc":{"start":{"line":19,"column":2},"end":{"line":19,"column":51}},"type":"binary-expr","locations":[{"start":{"line":19,"column":2},"end":{"line":19,"column":25}},{"start":{"line":19,"column":29},"end":{"line":19,"column":51}}],"line":19},"1":{"loc":{"start":{"line":21,"column":2},"end":{"line":21,"column":77}},"type":"binary-expr","locations":[{"start":{"line":21,"column":2},"end":{"line":21,"column":25}},{"start":{"line":21,"column":29},"end":{"line":21,"column":77}}],"line":21},"2":{"loc":{"start":{"line":27,"column":2},"end":{"line":35,"column":3}},"type":"if","locations":[{"start":{"line":27,"column":2},"end":{"line":35,"column":3}},{"start":{"line":27,"column":2},"end":{"line":35,"column":3}}],"line":27}},"s":{"0":2,"1":9,"2":2,"3":9,"4":2,"5":6,"6":6,"7":6,"8":6,"9":6,"10":0,"11":2,"12":112,"13":2,"14":112},"f":{"0":9,"1":9,"2":6,"3":112,"4":112},"b":{"0":[9,3],"1":[9,3],"2":[6,0]},"_coverageSchema":"43e27e138ebf9cfc5966b082cf9a028302ed4184","hash":"c4d794e77a183f2dc5ce15607b0067bc0fb0677f"}
,"/Users/bytedance/Desktop/free-swagger/src/bin/init.ts": {"path":"/Users/bytedance/Desktop/free-swagger/src/bin/init.ts","statementMap":{"0":{"start":{"line":9,"column":20},"end":{"line":9,"column":38}},"1":{"start":{"line":12,"column":26},"end":{"line":12,"column":71}},"2":{"start":{"line":13,"column":14},"end":{"line":13,"column":68}},"3":{"start":{"line":15,"column":2},"end":{"line":128,"column":25}},"4":{"start":{"line":19,"column":6},"end":{"line":19,"column":17}},"5":{"start":{"line":20,"column":6},"end":{"line":20,"column":42}},"6":{"start":{"line":23,"column":6},"end":{"line":23,"column":16}},"7":{"start":{"line":26,"column":6},"end":{"line":26,"column":16}},"8":{"start":{"line":29,"column":38},"end":{"line":29,"column":40}},"9":{"start":{"line":30,"column":21},"end":{"line":48,"column":8}},"10":{"start":{"line":46,"column":12},"end":{"line":46,"column":39}},"11":{"start":{"line":49,"column":6},"end":{"line":49,"column":23}},"12":{"start":{"line":50,"column":6},"end":{"line":50,"column":16}},"13":{"start":{"line":51,"column":6},"end":{"line":51,"column":37}},"14":{"start":{"line":54,"column":38},"end":{"line":54,"column":40}},"15":{"start":{"line":59,"column":10},"end":{"line":112,"column":8}},"16":{"start":{"line":66,"column":49},"end":{"line":66,"column":73}},"17":{"start":{"line":87,"column":53},"end":{"line":87,"column":79}},"18":{"start":{"line":89,"column":12},"end":{"line":89,"column":38}},"19":{"start":{"line":89,"column":25},"end":{"line":89,"column":38}},"20":{"start":{"line":90,"column":12},"end":{"line":94,"column":14}},"21":{"start":{"line":95,"column":12},"end":{"line":95,"column":24}},"22":{"start":{"line":98,"column":12},"end":{"line":100,"column":40}},"23":{"start":{"line":106,"column":12},"end":{"line":109,"column":49}},"24":{"start":{"line":110,"column":49},"end":{"line":110,"column":70}},"25":{"start":{"line":113,"column":6},"end":{"line":113,"column":23}},"26":{"start":{"line":114,"column":6},"end":{"line":114,"column":16}},"27":{"start":{"line":115,"column":6},"end":{"line":115,"column":48}},"28":{"start":{"line":119,"column":6},"end":{"line":119,"column":37}},"29":{"start":{"line":119,"column":30},"end":{"line":119,"column":37}},"30":{"start":{"line":120,"column":41},"end":{"line":120,"column":72}},"31":{"start":{"line":121,"column":6},"end":{"line":121,"column":23}},"32":{"start":{"line":122,"column":6},"end":{"line":122,"column":16}},"33":{"start":{"line":123,"column":6},"end":{"line":123,"column":48}},"34":{"start":{"line":124,"column":6},"end":{"line":124,"column":13}},"35":{"start":{"line":125,"column":6},"end":{"line":125,"column":13}}},"fnMap":{"0":{"name":"init","decl":{"start":{"line":11,"column":16},"end":{"line":11,"column":20}},"loc":{"start":{"line":11,"column":42},"end":{"line":129,"column":1}},"line":11},"1":{"name":"(anonymous_1)","decl":{"start":{"line":18,"column":37},"end":{"line":18,"column":38}},"loc":{"start":{"line":18,"column":43},"end":{"line":21,"column":5}},"line":18},"2":{"name":"(anonymous_2)","decl":{"start":{"line":22,"column":35},"end":{"line":22,"column":36}},"loc":{"start":{"line":22,"column":41},"end":{"line":24,"column":5}},"line":22},"3":{"name":"(anonymous_3)","decl":{"start":{"line":25,"column":35},"end":{"line":25,"column":36}},"loc":{"start":{"line":25,"column":41},"end":{"line":27,"column":5}},"line":25},"4":{"name":"(anonymous_4)","decl":{"start":{"line":28,"column":41},"end":{"line":28,"column":42}},"loc":{"start":{"line":28,"column":53},"end":{"line":52,"column":5}},"line":28},"5":{"name":"(anonymous_5)","decl":{"start":{"line":45,"column":20},"end":{"line":45,"column":21}},"loc":{"start":{"line":46,"column":12},"end":{"line":46,"column":39}},"line":46},"6":{"name":"(anonymous_6)","decl":{"start":{"line":53,"column":51},"end":{"line":53,"column":52}},"loc":{"start":{"line":53,"column":63},"end":{"line":116,"column":5}},"line":53},"7":{"name":"(anonymous_7)","decl":{"start":{"line":66,"column":20},"end":{"line":66,"column":21}},"loc":{"start":{"line":66,"column":49},"end":{"line":66,"column":73}},"line":66},"8":{"name":"(anonymous_8)","decl":{"start":{"line":87,"column":16},"end":{"line":87,"column":17}},"loc":{"start":{"line":87,"column":53},"end":{"line":87,"column":79}},"line":87},"9":{"name":"(anonymous_9)","decl":{"start":{"line":88,"column":20},"end":{"line":88,"column":21}},"loc":{"start":{"line":88,"column":48},"end":{"line":96,"column":11}},"line":88},"10":{"name":"(anonymous_10)","decl":{"start":{"line":97,"column":19},"end":{"line":97,"column":20}},"loc":{"start":{"line":98,"column":12},"end":{"line":100,"column":40}},"line":98},"11":{"name":"(anonymous_11)","decl":{"start":{"line":105,"column":19},"end":{"line":105,"column":20}},"loc":{"start":{"line":106,"column":12},"end":{"line":109,"column":49}},"line":106},"12":{"name":"(anonymous_12)","decl":{"start":{"line":110,"column":20},"end":{"line":110,"column":21}},"loc":{"start":{"line":110,"column":49},"end":{"line":110,"column":70}},"line":110},"13":{"name":"(anonymous_13)","decl":{"start":{"line":118,"column":12},"end":{"line":118,"column":13}},"loc":{"start":{"line":118,"column":29},"end":{"line":126,"column":5}},"line":118}},"branchMap":{"0":{"loc":{"start":{"line":46,"column":12},"end":{"line":46,"column":39}},"type":"binary-expr","locations":[{"start":{"line":46,"column":12},"end":{"line":46,"column":19}},{"start":{"line":46,"column":23},"end":{"line":46,"column":39}}],"line":46},"1":{"loc":{"start":{"line":66,"column":49},"end":{"line":66,"column":73}},"type":"binary-expr","locations":[{"start":{"line":66,"column":49},"end":{"line":66,"column":56}},{"start":{"line":66,"column":60},"end":{"line":66,"column":73}}],"line":66},"2":{"loc":{"start":{"line":89,"column":12},"end":{"line":89,"column":38}},"type":"if","locations":[{"start":{"line":89,"column":12},"end":{"line":89,"column":38}},{"start":{"line":89,"column":12},"end":{"line":89,"column":38}}],"line":89},"3":{"loc":{"start":{"line":91,"column":14},"end":{"line":93,"column":39}},"type":"cond-expr","locations":[{"start":{"line":92,"column":18},"end":{"line":92,"column":39}},{"start":{"line":93,"column":18},"end":{"line":93,"column":39}}],"line":91},"4":{"loc":{"start":{"line":98,"column":12},"end":{"line":100,"column":40}},"type":"cond-expr","locations":[{"start":{"line":99,"column":16},"end":{"line":99,"column":40}},{"start":{"line":100,"column":16},"end":{"line":100,"column":40}}],"line":98},"5":{"loc":{"start":{"line":106,"column":12},"end":{"line":109,"column":49}},"type":"binary-expr","locations":[{"start":{"line":106,"column":12},"end":{"line":106,"column":42}},{"start":{"line":107,"column":13},"end":{"line":109,"column":48}}],"line":106},"6":{"loc":{"start":{"line":107,"column":13},"end":{"line":109,"column":48}},"type":"cond-expr","locations":[{"start":{"line":108,"column":16},"end":{"line":108,"column":48}},{"start":{"line":109,"column":16},"end":{"line":109,"column":48}}],"line":107},"7":{"loc":{"start":{"line":110,"column":49},"end":{"line":110,"column":70}},"type":"binary-expr","locations":[{"start":{"line":110,"column":49},"end":{"line":110,"column":56}},{"start":{"line":110,"column":60},"end":{"line":110,"column":70}}],"line":110},"8":{"loc":{"start":{"line":119,"column":6},"end":{"line":119,"column":37}},"type":"if","locations":[{"start":{"line":119,"column":6},"end":{"line":119,"column":37}},{"start":{"line":119,"column":6},"end":{"line":119,"column":37}}],"line":119}},"s":{"0":1,"1":2,"2":2,"3":2,"4":0,"5":0,"6":0,"7":0,"8":0,"9":0,"10":0,"11":0,"12":0,"13":0,"14":0,"15":0,"16":0,"17":0,"18":0,"19":0,"20":0,"21":0,"22":0,"23":0,"24":0,"25":0,"26":0,"27":0,"28":3,"29":0,"30":3,"31":3,"32":3,"33":3,"34":2,"35":2},"f":{"0":2,"1":0,"2":0,"3":0,"4":0,"5":0,"6":0,"7":0,"8":0,"9":0,"10":0,"11":0,"12":0,"13":3},"b":{"0":[0,0],"1":[0,0],"2":[0,0],"3":[0,0],"4":[0,0],"5":[0,0],"6":[0,0],"7":[0,0],"8":[0,3]},"_coverageSchema":"43e27e138ebf9cfc5966b082cf9a028302ed4184","hash":"373cb9a58b80f4f8f6ca2dccbc27538458177d81"}
,"/Users/bytedance/Desktop/free-swagger/src/bin/questions.ts": {"path":"/Users/bytedance/Desktop/free-swagger/src/bin/questions.ts","statementMap":{"0":{"start":{"line":5,"column":22},"end":{"line":16,"column":1}},"1":{"start":{"line":10,"column":4},"end":{"line":10,"column":39}},"2":{"start":{"line":10,"column":16},"end":{"line":10,"column":39}},"3":{"start":{"line":11,"column":4},"end":{"line":13,"column":5}},"4":{"start":{"line":12,"column":6},"end":{"line":12,"column":18}},"5":{"start":{"line":14,"column":4},"end":{"line":14,"column":26}},"6":{"start":{"line":18,"column":22},"end":{"line":25,"column":1}},"7":{"start":{"line":23,"column":38},"end":{"line":23,"column":52}}},"fnMap":{"0":{"name":"(anonymous_0)","decl":{"start":{"line":9,"column":12},"end":{"line":9,"column":13}},"loc":{"start":{"line":9,"column":49},"end":{"line":15,"column":3}},"line":9},"1":{"name":"(anonymous_1)","decl":{"start":{"line":23,"column":8},"end":{"line":23,"column":9}},"loc":{"start":{"line":23,"column":38},"end":{"line":23,"column":52}},"line":23}},"branchMap":{"0":{"loc":{"start":{"line":10,"column":4},"end":{"line":10,"column":39}},"type":"if","locations":[{"start":{"line":10,"column":4},"end":{"line":10,"column":39}},{"start":{"line":10,"column":4},"end":{"line":10,"column":39}}],"line":10},"1":{"loc":{"start":{"line":11,"column":4},"end":{"line":13,"column":5}},"type":"if","locations":[{"start":{"line":11,"column":4},"end":{"line":13,"column":5}},{"start":{"line":11,"column":4},"end":{"line":13,"column":5}}],"line":11},"2":{"loc":{"start":{"line":11,"column":8},"end":{"line":11,"column":37}},"type":"binary-expr","locations":[{"start":{"line":11,"column":8},"end":{"line":11,"column":20}},{"start":{"line":11,"column":24},"end":{"line":11,"column":37}}],"line":11}},"s":{"0":1,"1":0,"2":0,"3":0,"4":0,"5":0,"6":1,"7":0},"f":{"0":0,"1":0},"b":{"0":[0,0],"1":[0,0],"2":[0,0]},"_coverageSchema":"43e27e138ebf9cfc5966b082cf9a028302ed4184","hash":"114b036278959b0a3b857fdd00433619a50b36ae"}
,"/Users/bytedance/Desktop/free-swagger/src/default/index.ts": {"path":"/Users/bytedance/Desktop/free-swagger/src/default/index.ts","statementMap":{"0":{"start":{"line":8,"column":45},"end":{"line":8,"column":91}},"1":{"start":{"line":9,"column":45},"end":{"line":9,"column":73}},"2":{"start":{"line":10,"column":36},"end":{"line":10,"column":120}},"3":{"start":{"line":11,"column":36},"end":{"line":11,"column":99}},"4":{"start":{"line":13,"column":25},"end":{"line":25,"column":2}},"5":{"start":{"line":15,"column":40},"end":{"line":25,"column":1}},"6":{"start":{"line":27,"column":34},"end":{"line":54,"column":1}},"7":{"start":{"line":30,"column":29},"end":{"line":30,"column":39}},"8":{"start":{"line":32,"column":2},"end":{"line":37,"column":3}},"9":{"start":{"line":33,"column":4},"end":{"line":33,"column":33}},"10":{"start":{"line":34,"column":4},"end":{"line":34,"column":39}},"11":{"start":{"line":36,"column":4},"end":{"line":36,"column":26}},"12":{"start":{"line":40,"column":2},"end":{"line":47,"column":3}},"13":{"start":{"line":41,"column":4},"end":{"line":41,"column":53}},"14":{"start":{"line":42,"column":9},"end":{"line":47,"column":3}},"15":{"start":{"line":43,"column":4},"end":{"line":43,"column":40}},"16":{"start":{"line":45,"column":4},"end":{"line":46,"column":71}},"17":{"start":{"line":49,"column":2},"end":{"line":53,"column":4}}},"fnMap":{"0":{"name":"(anonymous_0)","decl":{"start":{"line":13,"column":25},"end":{"line":13,"column":26}},"loc":{"start":{"line":15,"column":40},"end":{"line":25,"column":1}},"line":15},"1":{"name":"(anonymous_1)","decl":{"start":{"line":27,"column":34},"end":{"line":27,"column":35}},"loc":{"start":{"line":29,"column":32},"end":{"line":54,"column":1}},"line":29}},"branchMap":{"0":{"loc":{"start":{"line":19,"column":4},"end":{"line":21,"column":37}},"type":"cond-expr","locations":[{"start":{"line":20,"column":8},"end":{"line":20,"column":37}},{"start":{"line":21,"column":8},"end":{"line":21,"column":37}}],"line":19},"1":{"loc":{"start":{"line":32,"column":2},"end":{"line":37,"column":3}},"type":"if","locations":[{"start":{"line":32,"column":2},"end":{"line":37,"column":3}},{"start":{"line":32,"column":2},"end":{"line":37,"column":3}}],"line":32},"2":{"loc":{"start":{"line":40,"column":2},"end":{"line":47,"column":3}},"type":"if","locations":[{"start":{"line":40,"column":2},"end":{"line":47,"column":3}},{"start":{"line":40,"column":2},"end":{"line":47,"column":3}}],"line":40},"3":{"loc":{"start":{"line":42,"column":9},"end":{"line":47,"column":3}},"type":"if","locations":[{"start":{"line":42,"column":9},"end":{"line":47,"column":3}},{"start":{"line":42,"column":9},"end":{"line":47,"column":3}}],"line":42},"4":{"loc":{"start":{"line":46,"column":6},"end":{"line":46,"column":70}},"type":"cond-expr","locations":[{"start":{"line":46,"column":35},"end":{"line":46,"column":51}},{"start":{"line":46,"column":54},"end":{"line":46,"column":70}}],"line":46}},"s":{"0":2,"1":2,"2":2,"3":2,"4":2,"5":3,"6":2,"7":3,"8":3,"9":0,"10":0,"11":3,"12":3,"13":1,"14":2,"15":1,"16":1,"17":3},"f":{"0":3,"1":3},"b":{"0":[2,1],"1":[0,3],"2":[1,2],"3":[1,1],"4":[1,0]},"_coverageSchema":"43e27e138ebf9cfc5966b082cf9a028302ed4184","hash":"33772ade74fae7420b605f625487aca7e42e2621"}
,"/Users/bytedance/Desktop/free-swagger/src/default/rc.ts": {"path":"/Users/bytedance/Desktop/free-swagger/src/default/rc.ts","statementMap":{"0":{"start":{"line":13,"column":23},"end":{"line":13,"column":39}},"1":{"start":{"line":43,"column":20},"end":{"line":43,"column":32}},"2":{"start":{"line":44,"column":4},"end":{"line":44,"column":60}},"3":{"start":{"line":45,"column":4},"end":{"line":45,"column":33}},"4":{"start":{"line":46,"column":17},"end":{"line":46,"column":61}},"5":{"start":{"line":49,"column":15},"end":{"line":49,"column":17}},"6":{"start":{"line":50,"column":4},"end":{"line":50,"column":73}},"7":{"start":{"line":51,"column":4},"end":{"line":54,"column":6}},"8":{"start":{"line":58,"column":4},"end":{"line":74,"column":6}},"9":{"start":{"line":78,"column":4},"end":{"line":88,"column":6}},"10":{"start":{"line":92,"column":4},"end":{"line":92,"column":44}},"11":{"start":{"line":96,"column":17},"end":{"line":96,"column":42}},"12":{"start":{"line":100,"column":27},"end":{"line":103,"column":13}},"13":{"start":{"line":104,"column":4},"end":{"line":106,"column":5}},"14":{"start":{"line":105,"column":6},"end":{"line":105,"column":80}},"15":{"start":{"line":108,"column":6},"end":{"line":110,"column":45}},"16":{"start":{"line":111,"column":17},"end":{"line":113,"column":6}},"17":{"start":{"line":114,"column":4},"end":{"line":114,"column":39}},"18":{"start":{"line":119,"column":4},"end":{"line":119,"column":48}},"19":{"start":{"line":120,"column":4},"end":{"line":120,"column":33}},"20":{"start":{"line":125,"column":4},"end":{"line":125,"column":57}},"21":{"start":{"line":130,"column":4},"end":{"line":130,"column":40}},"22":{"start":{"line":131,"column":4},"end":{"line":131,"column":16}},"23":{"start":{"line":134,"column":4},"end":{"line":134,"column":27}},"24":{"start":{"line":138,"column":4},"end":{"line":138,"column":34}},"25":{"start":{"line":142,"column":18},"end":{"line":142,"column":26}}},"fnMap":{"0":{"name":"(anonymous_0)","decl":{"start":{"line":42,"column":2},"end":{"line":42,"column":3}},"loc":{"start":{"line":42,"column":16},"end":{"line":55,"column":3}},"line":42},"1":{"name":"(anonymous_1)","decl":{"start":{"line":57,"column":2},"end":{"line":57,"column":3}},"loc":{"start":{"line":57,"column":29},"end":{"line":75,"column":3}},"line":57},"2":{"name":"(anonymous_2)","decl":{"start":{"line":77,"column":2},"end":{"line":77,"column":3}},"loc":{"start":{"line":77,"column":32},"end":{"line":89,"column":3}},"line":77},"3":{"name":"(anonymous_3)","decl":{"start":{"line":91,"column":2},"end":{"line":91,"column":3}},"loc":{"start":{"line":91,"column":39},"end":{"line":93,"column":3}},"line":91},"4":{"name":"(anonymous_4)","decl":{"start":{"line":95,"column":2},"end":{"line":95,"column":3}},"loc":{"start":{"line":95,"column":15},"end":{"line":115,"column":3}},"line":95},"5":{"name":"(anonymous_5)","decl":{"start":{"line":118,"column":2},"end":{"line":118,"column":3}},"loc":{"start":{"line":118,"column":38},"end":{"line":121,"column":3}},"line":118},"6":{"name":"(anonymous_6)","decl":{"start":{"line":124,"column":2},"end":{"line":124,"column":3}},"loc":{"start":{"line":124,"column":32},"end":{"line":126,"column":3}},"line":124},"7":{"name":"(anonymous_7)","decl":{"start":{"line":129,"column":2},"end":{"line":129,"column":3}},"loc":{"start":{"line":129,"column":16},"end":{"line":132,"column":3}},"line":129},"8":{"name":"(anonymous_8)","decl":{"start":{"line":133,"column":2},"end":{"line":133,"column":3}},"loc":{"start":{"line":133,"column":15},"end":{"line":135,"column":3}},"line":133},"9":{"name":"(anonymous_9)","decl":{"start":{"line":137,"column":2},"end":{"line":137,"column":3}},"loc":{"start":{"line":137,"column":15},"end":{"line":139,"column":3}},"line":137}},"branchMap":{"0":{"loc":{"start":{"line":46,"column":17},"end":{"line":46,"column":61}},"type":"binary-expr","locations":[{"start":{"line":46,"column":17},"end":{"line":46,"column":53}},{"start":{"line":46,"column":57},"end":{"line":46,"column":61}}],"line":46},"1":{"loc":{"start":{"line":85,"column":8},"end":{"line":85,"column":77}},"type":"cond-expr","locations":[{"start":{"line":85,"column":34},"end":{"line":85,"column":54}},{"start":{"line":85,"column":57},"end":{"line":85,"column":77}}],"line":85},"2":{"loc":{"start":{"line":104,"column":4},"end":{"line":106,"column":5}},"type":"if","locations":[{"start":{"line":104,"column":4},"end":{"line":106,"column":5}},{"start":{"line":104,"column":4},"end":{"line":106,"column":5}}],"line":104}},"s":{"0":2,"1":2,"2":2,"3":2,"4":2,"5":2,"6":2,"7":2,"8":4,"9":3,"10":3,"11":5,"12":5,"13":5,"14":0,"15":5,"16":5,"17":5,"18":0,"19":0,"20":0,"21":2,"22":2,"23":0,"24":0,"25":2},"f":{"0":2,"1":4,"2":3,"3":3,"4":5,"5":0,"6":0,"7":2,"8":0,"9":0},"b":{"0":[2,0],"1":[2,1],"2":[0,5]},"_coverageSchema":"43e27e138ebf9cfc5966b082cf9a028302ed4184","hash":"14700e4eed6c306a80a41b7f65c694f86ab270f9"}
,"/Users/bytedance/Desktop/free-swagger/src/gen/path.ts": {"path":"/Users/bytedance/Desktop/free-swagger/src/gen/path.ts","statementMap":{"0":{"start":{"line":7,"column":22},"end":{"line":7,"column":35}},"1":{"start":{"line":9,"column":31},"end":{"line":17,"column":1}},"2":{"start":{"line":10,"column":27},"end":{"line":14,"column":3}},"3":{"start":{"line":12,"column":18},"end":{"line":12,"column":36}},"4":{"start":{"line":13,"column":38},"end":{"line":13,"column":62}},"5":{"start":{"line":15,"column":2},"end":{"line":15,"column":43}},"6":{"start":{"line":15,"column":33},"end":{"line":15,"column":43}},"7":{"start":{"line":16,"column":2},"end":{"line":16,"column":75}},"8":{"start":{"line":20,"column":17},"end":{"line":33,"column":1}},"9":{"start":{"line":24,"column":13},"end":{"line":24,"column":15}},"10":{"start":{"line":25,"column":2},"end":{"line":25,"column":77}},"11":{"start":{"line":26,"column":2},"end":{"line":26,"column":76}},"12":{"start":{"line":27,"column":2},"end":{"line":27,"column":34}},"13":{"start":{"line":28,"column":2},"end":{"line":30,"column":37}},"14":{"start":{"line":29,"column":16},"end":{"line":29,"column":53}},"15":{"start":{"line":30,"column":26},"end":{"line":30,"column":35}},"16":{"start":{"line":32,"column":2},"end":{"line":32,"column":39}}},"fnMap":{"0":{"name":"(anonymous_0)","decl":{"start":{"line":9,"column":31},"end":{"line":9,"column":32}},"loc":{"start":{"line":9,"column":73},"end":{"line":17,"column":1}},"line":9},"1":{"name":"(anonymous_1)","decl":{"start":{"line":12,"column":11},"end":{"line":12,"column":12}},"loc":{"start":{"line":12,"column":18},"end":{"line":12,"column":36}},"line":12},"2":{"name":"(anonymous_2)","decl":{"start":{"line":13,"column":24},"end":{"line":13,"column":25}},"loc":{"start":{"line":13,"column":38},"end":{"line":13,"column":62}},"line":13},"3":{"name":"(anonymous_3)","decl":{"start":{"line":20,"column":17},"end":{"line":20,"column":18}},"loc":{"start":{"line":23,"column":13},"end":{"line":33,"column":1}},"line":23},"4":{"name":"(anonymous_4)","decl":{"start":{"line":29,"column":9},"end":{"line":29,"column":10}},"loc":{"start":{"line":29,"column":16},"end":{"line":29,"column":53}},"line":29},"5":{"name":"(anonymous_5)","decl":{"start":{"line":30,"column":12},"end":{"line":30,"column":13}},"loc":{"start":{"line":30,"column":26},"end":{"line":30,"column":35}},"line":30}},"branchMap":{"0":{"loc":{"start":{"line":15,"column":2},"end":{"line":15,"column":43}},"type":"if","locations":[{"start":{"line":15,"column":2},"end":{"line":15,"column":43}},{"start":{"line":15,"column":2},"end":{"line":15,"column":43}}],"line":15},"1":{"loc":{"start":{"line":25,"column":10},"end":{"line":25,"column":76}},"type":"cond-expr","locations":[{"start":{"line":25,"column":33},"end":{"line":25,"column":53}},{"start":{"line":25,"column":56},"end":{"line":25,"column":76}}],"line":25},"2":{"loc":{"start":{"line":26,"column":10},"end":{"line":26,"column":75}},"type":"cond-expr","locations":[{"start":{"line":26,"column":33},"end":{"line":26,"column":70}},{"start":{"line":26,"column":73},"end":{"line":26,"column":75}}],"line":26}},"s":{"0":2,"1":2,"2":12,"3":23,"4":23,"5":12,"6":3,"7":9,"8":2,"9":18,"10":18,"11":18,"12":18,"13":18,"14":63,"15":45,"16":18},"f":{"0":12,"1":23,"2":23,"3":18,"4":63,"5":45},"b":{"0":[3,9],"1":[12,6],"2":[12,6]},"_coverageSchema":"43e27e138ebf9cfc5966b082cf9a028302ed4184","hash":"4440c1ccb1f42b5cf44c4c974f3e5bb79c5abdef"}
,"/Users/bytedance/Desktop/free-swagger/src/libs/json-schema-ref-parser/lib/bundle.js": {"path":"/Users/bytedance/Desktop/free-swagger/src/libs/json-schema-ref-parser/lib/bundle.js","statementMap":{"0":{"start":{"line":3,"column":13},"end":{"line":3,"column":29}},"1":{"start":{"line":4,"column":16},"end":{"line":4,"column":36}},"2":{"start":{"line":5,"column":12},"end":{"line":5,"column":33}},"3":{"start":{"line":7,"column":0},"end":{"line":7,"column":24}},"4":{"start":{"line":21,"column":18},"end":{"line":21,"column":20}},"5":{"start":{"line":22,"column":2},"end":{"line":22,"column":103}},"6":{"start":{"line":25,"column":2},"end":{"line":25,"column":19}},"7":{"start":{"line":40,"column":12},"end":{"line":40,"column":47}},"8":{"start":{"line":42,"column":2},"end":{"line":81,"column":3}},"9":{"start":{"line":43,"column":4},"end":{"line":80,"column":5}},"10":{"start":{"line":44,"column":6},"end":{"line":44,"column":94}},"11":{"start":{"line":50,"column":17},"end":{"line":65,"column":10}},"12":{"start":{"line":54,"column":10},"end":{"line":64,"column":11}},"13":{"start":{"line":55,"column":12},"end":{"line":55,"column":22}},"14":{"start":{"line":57,"column":15},"end":{"line":64,"column":11}},"15":{"start":{"line":58,"column":12},"end":{"line":58,"column":21}},"16":{"start":{"line":63,"column":12},"end":{"line":63,"column":39}},"17":{"start":{"line":68,"column":6},"end":{"line":79,"column":7}},"18":{"start":{"line":69,"column":22},"end":{"line":69,"column":45}},"19":{"start":{"line":70,"column":30},"end":{"line":70,"column":61}},"20":{"start":{"line":71,"column":20},"end":{"line":71,"column":28}},"21":{"start":{"line":73,"column":8},"end":{"line":78,"column":9}},"22":{"start":{"line":74,"column":10},"end":{"line":74,"column":98}},"23":{"start":{"line":77,"column":10},"end":{"line":77,"column":93}},"24":{"start":{"line":97,"column":13},"end":{"line":97,"column":64}},"25":{"start":{"line":98,"column":17},"end":{"line":98,"column":45}},"26":{"start":{"line":99,"column":16},"end":{"line":99,"column":49}},"27":{"start":{"line":100,"column":14},"end":{"line":100,"column":48}},"28":{"start":{"line":101,"column":13},"end":{"line":101,"column":40}},"29":{"start":{"line":102,"column":13},"end":{"line":102,"column":38}},"30":{"start":{"line":103,"column":17},"end":{"line":103,"column":46}},"31":{"start":{"line":104,"column":17},"end":{"line":104,"column":42}},"32":{"start":{"line":105,"column":2},"end":{"line":105,"column":39}},"33":{"start":{"line":107,"column":22},"end":{"line":107,"column":69}},"34":{"start":{"line":108,"column":2},"end":{"line":116,"column":3}},"35":{"start":{"line":110,"column":4},"end":{"line":115,"column":5}},"36":{"start":{"line":111,"column":6},"end":{"line":111,"column":52}},"37":{"start":{"line":114,"column":6},"end":{"line":114,"column":13}},"38":{"start":{"line":118,"column":2},"end":{"line":131,"column":5}},"39":{"start":{"line":134,"column":2},"end":{"line":134,"column":102}},"40":{"start":{"line":162,"column":2},"end":{"line":202,"column":5}},"41":{"start":{"line":163,"column":4},"end":{"line":201,"column":5}},"42":{"start":{"line":165,"column":6},"end":{"line":165,"column":39}},"43":{"start":{"line":167,"column":9},"end":{"line":201,"column":5}},"44":{"start":{"line":169,"column":6},"end":{"line":169,"column":39}},"45":{"start":{"line":171,"column":9},"end":{"line":201,"column":5}},"46":{"start":{"line":173,"column":6},"end":{"line":173,"column":34}},"47":{"start":{"line":175,"column":9},"end":{"line":201,"column":5}},"48":{"start":{"line":177,"column":6},"end":{"line":177,"column":34}},"49":{"start":{"line":179,"column":9},"end":{"line":201,"column":5}},"50":{"start":{"line":181,"column":6},"end":{"line":181,"column":45}},"51":{"start":{"line":183,"column":9},"end":{"line":201,"column":5}},"52":{"start":{"line":185,"column":6},"end":{"line":185,"column":31}},"53":{"start":{"line":190,"column":30},"end":{"line":190,"column":72}},"54":{"start":{"line":191,"column":30},"end":{"line":191,"column":72}},"55":{"start":{"line":193,"column":6},"end":{"line":200,"column":7}},"56":{"start":{"line":195,"column":8},"end":{"line":195,"column":53}},"57":{"start":{"line":199,"column":8},"end":{"line":199,"column":61}},"58":{"start":{"line":205,"column":2},"end":{"line":237,"column":3}},"59":{"start":{"line":208,"column":4},"end":{"line":234,"column":5}},"60":{"start":{"line":210,"column":6},"end":{"line":210,"column":35}},"61":{"start":{"line":212,"column":9},"end":{"line":234,"column":5}},"62":{"start":{"line":214,"column":6},"end":{"line":214,"column":37}},"63":{"start":{"line":216,"column":9},"end":{"line":234,"column":5}},"64":{"start":{"line":218,"column":6},"end":{"line":218,"column":97}},"65":{"start":{"line":222,"column":6},"end":{"line":222,"column":24}},"66":{"start":{"line":223,"column":6},"end":{"line":223,"column":24}},"67":{"start":{"line":224,"column":6},"end":{"line":224,"column":40}},"68":{"start":{"line":228,"column":6},"end":{"line":228,"column":87}},"69":{"start":{"line":230,"column":6},"end":{"line":233,"column":7}},"70":{"start":{"line":232,"column":8},"end":{"line":232,"column":45}},"71":{"start":{"line":244,"column":2},"end":{"line":249,"column":3}},"72":{"start":{"line":244,"column":15},"end":{"line":244,"column":16}},"73":{"start":{"line":245,"column":24},"end":{"line":245,"column":36}},"74":{"start":{"line":246,"column":4},"end":{"line":248,"column":5}},"75":{"start":{"line":247,"column":6},"end":{"line":247,"column":27}},"76":{"start":{"line":253,"column":14},"end":{"line":253,"column":38}},"77":{"start":{"line":254,"column":2},"end":{"line":254,"column":29}}},"fnMap":{"0":{"name":"bundle","decl":{"start":{"line":17,"column":9},"end":{"line":17,"column":15}},"loc":{"start":{"line":17,"column":34},"end":{"line":26,"column":1}},"line":17},"1":{"name":"crawl","decl":{"start":{"line":39,"column":9},"end":{"line":39,"column":14}},"loc":{"start":{"line":39,"column":90},"end":{"line":82,"column":1}},"line":39},"2":{"name":"(anonymous_2)","decl":{"start":{"line":51,"column":14},"end":{"line":51,"column":15}},"loc":{"start":{"line":51,"column":24},"end":{"line":65,"column":9}},"line":51},"3":{"name":"inventory$Ref","decl":{"start":{"line":96,"column":9},"end":{"line":96,"column":22}},"loc":{"start":{"line":96,"column":106},"end":{"line":135,"column":1}},"line":96},"4":{"name":"remap","decl":{"start":{"line":160,"column":9},"end":{"line":160,"column":14}},"loc":{"start":{"line":160,"column":27},"end":{"line":238,"column":1}},"line":160},"5":{"name":"(anonymous_5)","decl":{"start":{"line":162,"column":17},"end":{"line":162,"column":18}},"loc":{"start":{"line":162,"column":27},"end":{"line":202,"column":3}},"line":162},"6":{"name":"findInInventory","decl":{"start":{"line":243,"column":9},"end":{"line":243,"column":24}},"loc":{"start":{"line":243,"column":58},"end":{"line":250,"column":1}},"line":243},"7":{"name":"removeFromInventory","decl":{"start":{"line":252,"column":9},"end":{"line":252,"column":28}},"loc":{"start":{"line":252,"column":48},"end":{"line":255,"column":1}},"line":252}},"branchMap":{"0":{"loc":{"start":{"line":40,"column":12},"end":{"line":40,"column":47}},"type":"cond-expr","locations":[{"start":{"line":40,"column":27},"end":{"line":40,"column":33}},{"start":{"line":40,"column":36},"end":{"line":40,"column":47}}],"line":40},"1":{"loc":{"start":{"line":42,"column":2},"end":{"line":81,"column":3}},"type":"if","locations":[{"start":{"line":42,"column":2},"end":{"line":81,"column":3}},{"start":{"line":42,"column":2},"end":{"line":81,"column":3}}],"line":42},"2":{"loc":{"start":{"line":42,"column":6},"end":{"line":42,"column":36}},"type":"binary-expr","locations":[{"start":{"line":42,"column":6},"end":{"line":42,"column":9}},{"start":{"line":42,"column":13},"end":{"line":42,"column":36}}],"line":42},"3":{"loc":{"start":{"line":43,"column":4},"end":{"line":80,"column":5}},"type":"if","locations":[{"start":{"line":43,"column":4},"end":{"line":80,"column":5}},{"start":{"line":43,"column":4},"end":{"line":80,"column":5}}],"line":43},"4":{"loc":{"start":{"line":54,"column":10},"end":{"line":64,"column":11}},"type":"if","locations":[{"start":{"line":54,"column":10},"end":{"line":64,"column":11}},{"start":{"line":54,"column":10},"end":{"line":64,"column":11}}],"line":54},"5":{"loc":{"start":{"line":57,"column":15},"end":{"line":64,"column":11}},"type":"if","locations":[{"start":{"line":57,"column":15},"end":{"line":64,"column":11}},{"start":{"line":57,"column":15},"end":{"line":64,"column":11}}],"line":57},"6":{"loc":{"start":{"line":73,"column":8},"end":{"line":78,"column":9}},"type":"if","locations":[{"start":{"line":73,"column":8},"end":{"line":78,"column":9}},{"start":{"line":73,"column":8},"end":{"line":78,"column":9}}],"line":73},"7":{"loc":{"start":{"line":97,"column":13},"end":{"line":97,"column":64}},"type":"cond-expr","locations":[{"start":{"line":97,"column":32},"end":{"line":97,"column":42}},{"start":{"line":97,"column":45},"end":{"line":97,"column":64}}],"line":97},"8":{"loc":{"start":{"line":108,"column":2},"end":{"line":116,"column":3}},"type":"if","locations":[{"start":{"line":108,"column":2},"end":{"line":116,"column":3}},{"start":{"line":108,"column":2},"end":{"line":116,"column":3}}],"line":108},"9":{"loc":{"start":{"line":110,"column":4},"end":{"line":115,"column":5}},"type":"if","locations":[{"start":{"line":110,"column":4},"end":{"line":115,"column":5}},{"start":{"line":110,"column":4},"end":{"line":115,"column":5}}],"line":110},"10":{"loc":{"start":{"line":110,"column":8},"end":{"line":110,"column":80}},"type":"binary-expr","locations":[{"start":{"line":110,"column":8},"end":{"line":110,"column":35}},{"start":{"line":110,"column":39},"end":{"line":110,"column":80}}],"line":110},"11":{"loc":{"start":{"line":163,"column":4},"end":{"line":201,"column":5}},"type":"if","locations":[{"start":{"line":163,"column":4},"end":{"line":201,"column":5}},{"start":{"line":163,"column":4},"end":{"line":201,"column":5}}],"line":163},"12":{"loc":{"start":{"line":165,"column":13},"end":{"line":165,"column":38}},"type":"cond-expr","locations":[{"start":{"line":165,"column":31},"end":{"line":165,"column":33}},{"start":{"line":165,"column":36},"end":{"line":165,"column":38}}],"line":165},"13":{"loc":{"start":{"line":167,"column":9},"end":{"line":201,"column":5}},"type":"if","locations":[{"start":{"line":167,"column":9},"end":{"line":201,"column":5}},{"start":{"line":167,"column":9},"end":{"line":201,"column":5}}],"line":167},"14":{"loc":{"start":{"line":169,"column":13},"end":{"line":169,"column":38}},"type":"cond-expr","locations":[{"start":{"line":169,"column":31},"end":{"line":169,"column":33}},{"start":{"line":169,"column":36},"end":{"line":169,"column":38}}],"line":169},"15":{"loc":{"start":{"line":171,"column":9},"end":{"line":201,"column":5}},"type":"if","locations":[{"start":{"line":171,"column":9},"end":{"line":201,"column":5}},{"start":{"line":171,"column":9},"end":{"line":201,"column":5}}],"line":171},"16":{"loc":{"start":{"line":173,"column":13},"end":{"line":173,"column":33}},"type":"cond-expr","locations":[{"start":{"line":173,"column":26},"end":{"line":173,"column":28}},{"start":{"line":173,"column":31},"end":{"line":173,"column":33}}],"line":173},"17":{"loc":{"start":{"line":175,"column":9},"end":{"line":201,"column":5}},"type":"if","locations":[{"start":{"line":175,"column":9},"end":{"line":201,"column":5}},{"start":{"line":175,"column":9},"end":{"line":201,"column":5}}],"line":175},"18":{"loc":{"start":{"line":177,"column":13},"end":{"line":177,"column":33}},"type":"cond-expr","locations":[{"start":{"line":177,"column":26},"end":{"line":177,"column":28}},{"start":{"line":177,"column":31},"end":{"line":177,"column":33}}],"line":177},"19":{"loc":{"start":{"line":179,"column":9},"end":{"line":201,"column":5}},"type":"if","locations":[{"start":{"line":179,"column":9},"end":{"line":201,"column":5}},{"start":{"line":179,"column":9},"end":{"line":201,"column":5}}],"line":179},"20":{"loc":{"start":{"line":183,"column":9},"end":{"line":201,"column":5}},"type":"if","locations":[{"start":{"line":183,"column":9},"end":{"line":201,"column":5}},{"start":{"line":183,"column":9},"end":{"line":201,"column":5}}],"line":183},"21":{"loc":{"start":{"line":193,"column":6},"end":{"line":200,"column":7}},"type":"if","locations":[{"start":{"line":193,"column":6},"end":{"line":200,"column":7}},{"start":{"line":193,"column":6},"end":{"line":200,"column":7}}],"line":193},"22":{"loc":{"start":{"line":208,"column":4},"end":{"line":234,"column":5}},"type":"if","locations":[{"start":{"line":208,"column":4},"end":{"line":234,"column":5}},{"start":{"line":208,"column":4},"end":{"line":234,"column":5}}],"line":208},"23":{"loc":{"start":{"line":212,"column":9},"end":{"line":234,"column":5}},"type":"if","locations":[{"start":{"line":212,"column":9},"end":{"line":234,"column":5}},{"start":{"line":212,"column":9},"end":{"line":234,"column":5}}],"line":212},"24":{"loc":{"start":{"line":212,"column":13},"end":{"line":212,"column":55}},"type":"binary-expr","locations":[{"start":{"line":212,"column":13},"end":{"line":212,"column":32}},{"start":{"line":212,"column":36},"end":{"line":212,"column":55}}],"line":212},"25":{"loc":{"start":{"line":216,"column":9},"end":{"line":234,"column":5}},"type":"if","locations":[{"start":{"line":216,"column":9},"end":{"line":234,"column":5}},{"start":{"line":216,"column":9},"end":{"line":234,"column":5}}],"line":216},"26":{"loc":{"start":{"line":216,"column":13},"end":{"line":216,"column":72}},"type":"binary-expr","locations":[{"start":{"line":216,"column":13},"end":{"line":216,"column":32}},{"start":{"line":216,"column":36},"end":{"line":216,"column":72}}],"line":216},"27":{"loc":{"start":{"line":230,"column":6},"end":{"line":233,"column":7}},"type":"if","locations":[{"start":{"line":230,"column":6},"end":{"line":233,"column":7}},{"start":{"line":230,"column":6},"end":{"line":233,"column":7}}],"line":230},"28":{"loc":{"start":{"line":246,"column":4},"end":{"line":248,"column":5}},"type":"if","locations":[{"start":{"line":246,"column":4},"end":{"line":248,"column":5}},{"start":{"line":246,"column":4},"end":{"line":248,"column":5}}],"line":246},"29":{"loc":{"start":{"line":246,"column":8},"end":{"line":246,"column":76}},"type":"binary-expr","locations":[{"start":{"line":246,"column":8},"end":{"line":246,"column":43}},{"start":{"line":246,"column":47},"end":{"line":246,"column":76}}],"line":246}},"s":{"0":2,"1":2,"2":2,"3":2,"4":0,"5":0,"6":0,"7":0,"8":0,"9":0,"10":0,"11":0,"12":0,"13":0,"14":0,"15":0,"16":0,"17":0,"18":0,"19":0,"20":0,"21":0,"22":0,"23":0,"24":0,"25":0,"26":0,"27":0,"28":0,"29":0,"30":0,"31":0,"32":0,"33":0,"34":0,"35":0,"36":0,"37":0,"38":0,"39":0,"40":0,"41":0,"42":0,"43":0,"44":0,"45":0,"46":0,"47":0,"48":0,"49":0,"50":0,"51":0,"52":0,"53":0,"54":0,"55":0,"56":0,"57":0,"58":0,"59":0,"60":0,"61":0,"62":0,"63":0,"64":0,"65":0,"66":0,"67":0,"68":0,"69":0,"70":0,"71":0,"72":0,"73":0,"74":0,"75":0,"76":0,"77":0},"f":{"0":0,"1":0,"2":0,"3":0,"4":0,"5":0,"6":0,"7":0},"b":{"0":[0,0],"1":[0,0],"2":[0,0],"3":[0,0],"4":[0,0],"5":[0,0],"6":[0,0],"7":[0,0],"8":[0,0],"9":[0,0],"10":[0,0],"11":[0,0],"12":[0,0],"13":[0,0],"14":[0,0],"15":[0,0],"16":[0,0],"17":[0,0],"18":[0,0],"19":[0,0],"20":[0,0],"21":[0,0],"22":[0,0],"23":[0,0],"24":[0,0],"25":[0,0],"26":[0,0],"27":[0,0],"28":[0,0],"29":[0,0]},"_coverageSchema":"43e27e138ebf9cfc5966b082cf9a028302ed4184","hash":"a43d8b9d2bfa959ed128dcfc9ac74ec6e9058931"}
,"/Users/bytedance/Desktop/free-swagger/src/libs/json-schema-ref-parser/lib/dereference.js": {"path":"/Users/bytedance/Desktop/free-swagger/src/libs/json-schema-ref-parser/lib/dereference.js","statementMap":{"0":{"start":{"line":3,"column":13},"end":{"line":3,"column":29}},"1":{"start":{"line":4,"column":16},"end":{"line":4,"column":36}},"2":{"start":{"line":5,"column":16},"end":{"line":5,"column":42}},"3":{"start":{"line":6,"column":12},"end":{"line":6,"column":33}},"4":{"start":{"line":8,"column":0},"end":{"line":8,"column":29}},"5":{"start":{"line":19,"column":21},"end":{"line":19,"column":102}},"6":{"start":{"line":20,"column":2},"end":{"line":20,"column":48}},"7":{"start":{"line":21,"column":2},"end":{"line":21,"column":37}},"8":{"start":{"line":37,"column":15},"end":{"line":40,"column":3}},"9":{"start":{"line":42,"column":2},"end":{"line":79,"column":3}},"10":{"start":{"line":43,"column":4},"end":{"line":43,"column":22}},"11":{"start":{"line":45,"column":4},"end":{"line":76,"column":5}},"12":{"start":{"line":46,"column":6},"end":{"line":46,"column":87}},"13":{"start":{"line":47,"column":6},"end":{"line":47,"column":46}},"14":{"start":{"line":48,"column":6},"end":{"line":48,"column":40}},"15":{"start":{"line":51,"column":6},"end":{"line":75,"column":7}},"16":{"start":{"line":52,"column":22},"end":{"line":52,"column":45}},"17":{"start":{"line":53,"column":30},"end":{"line":53,"column":61}},"18":{"start":{"line":54,"column":20},"end":{"line":54,"column":28}},"19":{"start":{"line":55,"column":23},"end":{"line":55,"column":28}},"20":{"start":{"line":57,"column":8},"end":{"line":71,"column":9}},"21":{"start":{"line":58,"column":10},"end":{"line":58,"column":99}},"22":{"start":{"line":59,"column":10},"end":{"line":59,"column":43}},"23":{"start":{"line":60,"column":10},"end":{"line":60,"column":40}},"24":{"start":{"line":63,"column":10},"end":{"line":70,"column":11}},"25":{"start":{"line":64,"column":12},"end":{"line":64,"column":91}},"26":{"start":{"line":65,"column":12},"end":{"line":65,"column":45}},"27":{"start":{"line":66,"column":12},"end":{"line":66,"column":42}},"28":{"start":{"line":69,"column":12},"end":{"line":69,"column":71}},"29":{"start":{"line":74,"column":8},"end":{"line":74,"column":54}},"30":{"start":{"line":78,"column":4},"end":{"line":78,"column":18}},"31":{"start":{"line":81,"column":2},"end":{"line":81,"column":16}},"32":{"start":{"line":98,"column":17},"end":{"line":98,"column":45}},"33":{"start":{"line":99,"column":16},"end":{"line":99,"column":49}},"34":{"start":{"line":102,"column":23},"end":{"line":102,"column":39}},"35":{"start":{"line":103,"column":17},"end":{"line":103,"column":72}},"36":{"start":{"line":104,"column":2},"end":{"line":104,"column":59}},"37":{"start":{"line":107,"column":26},"end":{"line":107,"column":63}},"38":{"start":{"line":110,"column":2},"end":{"line":115,"column":3}},"39":{"start":{"line":112,"column":23},"end":{"line":112,"column":100}},"40":{"start":{"line":113,"column":4},"end":{"line":113,"column":37}},"41":{"start":{"line":114,"column":4},"end":{"line":114,"column":43}},"42":{"start":{"line":117,"column":2},"end":{"line":120,"column":3}},"43":{"start":{"line":119,"column":4},"end":{"line":119,"column":29}},"44":{"start":{"line":122,"column":2},"end":{"line":126,"column":3}},"45":{"start":{"line":125,"column":4},"end":{"line":125,"column":42}},"46":{"start":{"line":128,"column":2},"end":{"line":131,"column":4}},"47":{"start":{"line":144,"column":2},"end":{"line":144,"column":24}},"48":{"start":{"line":145,"column":2},"end":{"line":147,"column":3}},"49":{"start":{"line":146,"column":4},"end":{"line":146,"column":69}},"50":{"start":{"line":148,"column":2},"end":{"line":148,"column":14}}},"fnMap":{"0":{"name":"dereference","decl":{"start":{"line":17,"column":9},"end":{"line":17,"column":20}},"loc":{"start":{"line":17,"column":39},"end":{"line":22,"column":1}},"line":17},"1":{"name":"crawl","decl":{"start":{"line":35,"column":9},"end":{"line":35,"column":14}},"loc":{"start":{"line":35,"column":66},"end":{"line":82,"column":1}},"line":35},"2":{"name":"dereference$Ref","decl":{"start":{"line":95,"column":9},"end":{"line":95,"column":24}},"loc":{"start":{"line":95,"column":77},"end":{"line":132,"column":1}},"line":95},"3":{"name":"foundCircularReference","decl":{"start":{"line":143,"column":9},"end":{"line":143,"column":31}},"loc":{"start":{"line":143,"column":58},"end":{"line":149,"column":1}},"line":143}},"branchMap":{"0":{"loc":{"start":{"line":42,"column":2},"end":{"line":79,"column":3}},"type":"if","locations":[{"start":{"line":42,"column":2},"end":{"line":79,"column":3}},{"start":{"line":42,"column":2},"end":{"line":79,"column":3}}],"line":42},"1":{"loc":{"start":{"line":42,"column":6},"end":{"line":42,"column":36}},"type":"binary-expr","locations":[{"start":{"line":42,"column":6},"end":{"line":42,"column":9}},{"start":{"line":42,"column":13},"end":{"line":42,"column":36}}],"line":42},"2":{"loc":{"start":{"line":45,"column":4},"end":{"line":76,"column":5}},"type":"if","locations":[{"start":{"line":45,"column":4},"end":{"line":76,"column":5}},{"start":{"line":45,"column":4},"end":{"line":76,"column":5}}],"line":45},"3":{"loc":{"start":{"line":57,"column":8},"end":{"line":71,"column":9}},"type":"if","locations":[{"start":{"line":57,"column":8},"end":{"line":71,"column":9}},{"start":{"line":57,"column":8},"end":{"line":71,"column":9}}],"line":57},"4":{"loc":{"start":{"line":63,"column":10},"end":{"line":70,"column":11}},"type":"if","locations":[{"start":{"line":63,"column":10},"end":{"line":70,"column":11}},{"start":{"line":63,"column":10},"end":{"line":70,"column":11}}],"line":63},"5":{"loc":{"start":{"line":74,"column":26},"end":{"line":74,"column":53}},"type":"binary-expr","locations":[{"start":{"line":74,"column":26},"end":{"line":74,"column":41}},{"start":{"line":74,"column":45},"end":{"line":74,"column":53}}],"line":74},"6":{"loc":{"start":{"line":103,"column":17},"end":{"line":103,"column":72}},"type":"binary-expr","locations":[{"start":{"line":103,"column":17},"end":{"line":103,"column":31}},{"start":{"line":103,"column":35},"end":{"line":103,"column":72}}],"line":103},"7":{"loc":{"start":{"line":104,"column":2},"end":{"line":104,"column":58}},"type":"binary-expr","locations":[{"start":{"line":104,"column":2},"end":{"line":104,"column":10}},{"start":{"line":104,"column":14},"end":{"line":104,"column":58}}],"line":104},"8":{"loc":{"start":{"line":110,"column":2},"end":{"line":115,"column":3}},"type":"if","locations":[{"start":{"line":110,"column":2},"end":{"line":115,"column":3}},{"start":{"line":110,"column":2},"end":{"line":115,"column":3}}],"line":110},"9":{"loc":{"start":{"line":117,"column":2},"end":{"line":120,"column":3}},"type":"if","locations":[{"start":{"line":117,"column":2},"end":{"line":120,"column":3}},{"start":{"line":117,"column":2},"end":{"line":120,"column":3}}],"line":117},"10":{"loc":{"start":{"line":117,"column":6},"end":{"line":117,"column":78}},"type":"binary-expr","locations":[{"start":{"line":117,"column":6},"end":{"line":117,"column":14}},{"start":{"line":117,"column":18},"end":{"line":117,"column":33}},{"start":{"line":117,"column":37},"end":{"line":117,"column":78}}],"line":117},"11":{"loc":{"start":{"line":122,"column":2},"end":{"line":126,"column":3}},"type":"if","locations":[{"start":{"line":122,"column":2},"end":{"line":126,"column":3}},{"start":{"line":122,"column":2},"end":{"line":126,"column":3}}],"line":122},"12":{"loc":{"start":{"line":145,"column":2},"end":{"line":147,"column":3}},"type":"if","locations":[{"start":{"line":145,"column":2},"end":{"line":147,"column":3}},{"start":{"line":145,"column":2},"end":{"line":147,"column":3}}],"line":145}},"s":{"0":2,"1":2,"2":2,"3":2,"4":2,"5":3,"6":3,"7":3,"8":3533,"9":3533,"10":1405,"11":1405,"12":0,"13":0,"14":0,"15":1405,"16":3530,"17":3530,"18":3530,"19":3530,"20":3530,"21":55,"22":55,"23":55,"24":3475,"25":3475,"26":3475,"27":3475,"28":0,"29":3530,"30":1405,"31":3533,"32":55,"33":55,"34":55,"35":55,"36":55,"37":55,"38":55,"39":55,"40":55,"41":55,"42":55,"43":0,"44":55,"45":0,"46":55,"47":0,"48":0,"49":0,"50":0},"f":{"0":3,"1":3533,"2":55,"3":0},"b":{"0":[1405,2128],"1":[3533,3486],"2":[0,1405],"3":[55,3475],"4":[3475,0],"5":[3530,3530],"6":[55,55],"7":[55,0],"8":[55,0],"9":[0,55],"10":[55,0,0],"11":[0,55],"12":[0,0]},"_coverageSchema":"43e27e138ebf9cfc5966b082cf9a028302ed4184","hash":"501c0e8ca5374d9bd8e642f5e356143203e0f25a"}
,"/Users/bytedance/Desktop/free-swagger/src/libs/json-schema-ref-parser/lib/index.js": {"path":"/Users/bytedance/Desktop/free-swagger/src/libs/json-schema-ref-parser/lib/index.js","statementMap":{"0":{"start":{"line":3,"column":16},"end":{"line":3,"column":36}},"1":{"start":{"line":4,"column":14},"end":{"line":4,"column":31}},"2":{"start":{"line":5,"column":14},"end":{"line":5,"column":32}},"3":{"start":{"line":6,"column":22},"end":{"line":6,"column":49}},"4":{"start":{"line":7,"column":24},"end":{"line":7,"column":53}},"5":{"start":{"line":8,"column":15},"end":{"line":8,"column":34}},"6":{"start":{"line":9,"column":20},"end":{"line":9,"column":44}},"7":{"start":{"line":10,"column":12},"end":{"line":10,"column":33}},"8":{"start":{"line":11,"column":14},"end":{"line":11,"column":38}},"9":{"start":{"line":12,"column":16},"end":{"line":12,"column":42}},"10":{"start":{"line":14,"column":0},"end":{"line":14,"column":28}},"11":{"start":{"line":15,"column":0},"end":{"line":15,"column":45}},"12":{"start":{"line":30,"column":2},"end":{"line":30,"column":21}},"13":{"start":{"line":38,"column":2},"end":{"line":38,"column":27}},"14":{"start":{"line":52,"column":0},"end":{"line":56,"column":2}},"15":{"start":{"line":53,"column":14},"end":{"line":53,"column":18}},"16":{"start":{"line":54,"column":17},"end":{"line":54,"column":28}},"17":{"start":{"line":55,"column":2},"end":{"line":55,"column":51}},"18":{"start":{"line":69,"column":0},"end":{"line":125,"column":2}},"19":{"start":{"line":70,"column":13},"end":{"line":70,"column":37}},"20":{"start":{"line":73,"column":2},"end":{"line":76,"column":3}},"21":{"start":{"line":74,"column":14},"end":{"line":74,"column":90}},"22":{"start":{"line":75,"column":4},"end":{"line":75,"column":53}},"23":{"start":{"line":79,"column":2},"end":{"line":79,"column":21}},"24":{"start":{"line":80,"column":2},"end":{"line":80,"column":27}},"25":{"start":{"line":88,"column":17},"end":{"line":88,"column":23}},"26":{"start":{"line":89,"column":2},"end":{"line":92,"column":3}},"27":{"start":{"line":90,"column":4},"end":{"line":90,"column":50}},"28":{"start":{"line":91,"column":4},"end":{"line":91,"column":22}},"29":{"start":{"line":95,"column":2},"end":{"line":95,"column":48}},"30":{"start":{"line":97,"column":2},"end":{"line":108,"column":3}},"31":{"start":{"line":100,"column":15},"end":{"line":100,"column":41}},"32":{"start":{"line":101,"column":4},"end":{"line":101,"column":29}},"33":{"start":{"line":102,"column":4},"end":{"line":102,"column":29}},"34":{"start":{"line":103,"column":4},"end":{"line":103,"column":43}},"35":{"start":{"line":107,"column":4},"end":{"line":107,"column":57}},"36":{"start":{"line":110,"column":11},"end":{"line":110,"column":15}},"37":{"start":{"line":111,"column":2},"end":{"line":124,"column":3}},"38":{"start":{"line":112,"column":17},"end":{"line":112,"column":30}},"39":{"start":{"line":114,"column":4},"end":{"line":120,"column":5}},"40":{"start":{"line":115,"column":6},"end":{"line":115,"column":92}},"41":{"start":{"line":118,"column":6},"end":{"line":118,"column":25}},"42":{"start":{"line":119,"column":6},"end":{"line":119,"column":62}},"43":{"start":{"line":123,"column":4},"end":{"line":123,"column":51}},"44":{"start":{"line":140,"column":0},"end":{"line":144,"column":2}},"45":{"start":{"line":141,"column":14},"end":{"line":141,"column":18}},"46":{"start":{"line":142,"column":17},"end":{"line":142,"column":28}},"47":{"start":{"line":143,"column":2},"end":{"line":143,"column":53}},"48":{"start":{"line":159,"column":0},"end":{"line":171,"column":2}},"49":{"start":{"line":160,"column":11},"end":{"line":160,"column":15}},"50":{"start":{"line":161,"column":13},"end":{"line":161,"column":37}},"51":{"start":{"line":163,"column":2},"end":{"line":170,"column":3}},"52":{"start":{"line":164,"column":4},"end":{"line":164,"column":59}},"53":{"start":{"line":165,"column":4},"end":{"line":165,"column":44}},"54":{"start":{"line":166,"column":4},"end":{"line":166,"column":59}},"55":{"start":{"line":169,"column":4},"end":{"line":169,"column":53}},"56":{"start":{"line":184,"column":0},"end":{"line":188,"column":2}},"57":{"start":{"line":185,"column":14},"end":{"line":185,"column":18}},"58":{"start":{"line":186,"column":17},"end":{"line":186,"column":28}},"59":{"start":{"line":187,"column":2},"end":{"line":187,"column":52}},"60":{"start":{"line":201,"column":0},"end":{"line":213,"column":2}},"61":{"start":{"line":202,"column":11},"end":{"line":202,"column":15}},"62":{"start":{"line":203,"column":13},"end":{"line":203,"column":37}},"63":{"start":{"line":205,"column":2},"end":{"line":212,"column":3}},"64":{"start":{"line":206,"column":4},"end":{"line":206,"column":61}},"65":{"start":{"line":207,"column":4},"end":{"line":207,"column":29}},"66":{"start":{"line":208,"column":4},"end":{"line":208,"column":60}},"67":{"start":{"line":211,"column":4},"end":{"line":211,"column":53}},"68":{"start":{"line":225,"column":0},"end":{"line":229,"column":2}},"69":{"start":{"line":226,"column":14},"end":{"line":226,"column":18}},"70":{"start":{"line":227,"column":17},"end":{"line":227,"column":28}},"71":{"start":{"line":228,"column":2},"end":{"line":228,"column":57}},"72":{"start":{"line":241,"column":0},"end":{"line":253,"column":2}},"73":{"start":{"line":242,"column":11},"end":{"line":242,"column":15}},"74":{"start":{"line":243,"column":13},"end":{"line":243,"column":37}},"75":{"start":{"line":245,"column":2},"end":{"line":252,"column":3}},"76":{"start":{"line":246,"column":4},"end":{"line":246,"column":61}},"77":{"start":{"line":247,"column":4},"end":{"line":247,"column":34}},"78":{"start":{"line":248,"column":4},"end":{"line":248,"column":60}},"79":{"start":{"line":251,"column":4},"end":{"line":251,"column":53}}},"fnMap":{"0":{"name":"$RefParser","decl":{"start":{"line":23,"column":9},"end":{"line":23,"column":19}},"loc":{"start":{"line":23,"column":23},"end":{"line":39,"column":1}},"line":23},"1":{"name":"(anonymous_1)","decl":{"start":{"line":52,"column":19},"end":{"line":52,"column":20}},"loc":{"start":{"line":52,"column":62},"end":{"line":56,"column":1}},"line":52},"2":{"name":"(anonymous_2)","decl":{"start":{"line":69,"column":29},"end":{"line":69,"column":30}},"loc":{"start":{"line":69,"column":78},"end":{"line":125,"column":1}},"line":69},"3":{"name":"(anonymous_3)","decl":{"start":{"line":140,"column":21},"end":{"line":140,"column":22}},"loc":{"start":{"line":140,"column":64},"end":{"line":144,"column":1}},"line":140},"4":{"name":"(anonymous_4)","decl":{"start":{"line":159,"column":31},"end":{"line":159,"column":32}},"loc":{"start":{"line":159,"column":80},"end":{"line":171,"column":1}},"line":159},"5":{"name":"(anonymous_5)","decl":{"start":{"line":184,"column":20},"end":{"line":184,"column":21}},"loc":{"start":{"line":184,"column":63},"end":{"line":188,"column":1}},"line":184},"6":{"name":"(anonymous_6)","decl":{"start":{"line":201,"column":30},"end":{"line":201,"column":31}},"loc":{"start":{"line":201,"column":79},"end":{"line":213,"column":1}},"line":201},"7":{"name":"(anonymous_7)","decl":{"start":{"line":225,"column":25},"end":{"line":225,"column":26}},"loc":{"start":{"line":225,"column":68},"end":{"line":229,"column":1}},"line":225},"8":{"name":"(anonymous_8)","decl":{"start":{"line":241,"column":35},"end":{"line":241,"column":36}},"loc":{"start":{"line":241,"column":84},"end":{"line":253,"column":1}},"line":241}},"branchMap":{"0":{"loc":{"start":{"line":73,"column":2},"end":{"line":76,"column":3}},"type":"if","locations":[{"start":{"line":73,"column":2},"end":{"line":76,"column":3}},{"start":{"line":73,"column":2},"end":{"line":76,"column":3}}],"line":73},"1":{"loc":{"start":{"line":73,"column":6},"end":{"line":73,"column":32}},"type":"binary-expr","locations":[{"start":{"line":73,"column":6},"end":{"line":73,"column":16}},{"start":{"line":73,"column":20},"end":{"line":73,"column":32}}],"line":73},"2":{"loc":{"start":{"line":74,"column":63},"end":{"line":74,"column":87}},"type":"binary-expr","locations":[{"start":{"line":74,"column":63},"end":{"line":74,"column":72}},{"start":{"line":74,"column":76},"end":{"line":74,"column":87}}],"line":74},"3":{"loc":{"start":{"line":89,"column":2},"end":{"line":92,"column":3}},"type":"if","locations":[{"start":{"line":89,"column":2},"end":{"line":92,"column":3}},{"start":{"line":89,"column":2},"end":{"line":92,"column":3}}],"line":89},"4":{"loc":{"start":{"line":97,"column":2},"end":{"line":108,"column":3}},"type":"if","locations":[{"start":{"line":97,"column":2},"end":{"line":108,"column":3}},{"start":{"line":97,"column":2},"end":{"line":108,"column":3}}],"line":97},"5":{"loc":{"start":{"line":97,"column":6},"end":{"line":97,"column":52}},"type":"binary-expr","locations":[{"start":{"line":97,"column":6},"end":{"line":97,"column":17}},{"start":{"line":97,"column":21},"end":{"line":97,"column":52}}],"line":97},"6":{"loc":{"start":{"line":114,"column":4},"end":{"line":120,"column":5}},"type":"if","locations":[{"start":{"line":114,"column":4},"end":{"line":120,"column":5}},{"start":{"line":114,"column":4},"end":{"line":120,"column":5}}],"line":114},"7":{"loc":{"start":{"line":114,"column":8},"end":{"line":114,"column":72}},"type":"binary-expr","locations":[{"start":{"line":114,"column":8},"end":{"line":114,"column":15}},{"start":{"line":114,"column":19},"end":{"line":114,"column":45}},{"start":{"line":114,"column":49},"end":{"line":114,"column":72}}],"line":114},"8":{"loc":{"start":{"line":115,"column":27},"end":{"line":115,"column":60}},"type":"binary-expr","locations":[{"start":{"line":115,"column":27},"end":{"line":115,"column":50}},{"start":{"line":115,"column":54},"end":{"line":115,"column":60}}],"line":115}},"s":{"0":2,"1":2,"2":2,"3":2,"4":2,"5":2,"6":2,"7":2,"8":2,"9":2,"10":2,"11":2,"12":3,"13":3,"14":2,"15":0,"16":0,"17":0,"18":2,"19":3,"20":3,"21":0,"22":0,"23":3,"24":3,"25":3,"26":3,"27":3,"28":3,"29":3,"30":3,"31":3,"32":3,"33":3,"34":3,"35":0,"36":3,"37":3,"38":3,"39":3,"40":0,"41":3,"42":3,"43":0,"44":2,"45":0,"46":0,"47":0,"48":2,"49":3,"50":3,"51":3,"52":3,"53":3,"54":3,"55":0,"56":2,"57":0,"58":0,"59":0,"60":2,"61":0,"62":0,"63":0,"64":0,"65":0,"66":0,"67":0,"68":2,"69":3,"70":3,"71":3,"72":2,"73":3,"74":3,"75":3,"76":3,"77":3,"78":3,"79":0},"f":{"0":3,"1":0,"2":3,"3":0,"4":3,"5":0,"6":0,"7":3,"8":3},"b":{"0":[0,3],"1":[3,3],"2":[0,0],"3":[3,0],"4":[3,0],"5":[3,3],"6":[0,3],"7":[3,3,3],"8":[0,0]},"_coverageSchema":"43e27e138ebf9cfc5966b082cf9a028302ed4184","hash":"e23d96006836f14924d198bfb6dc9b40f1687d66"}
,"/Users/bytedance/Desktop/free-swagger/src/libs/json-schema-ref-parser/lib/normalize-args.js": {"path":"/Users/bytedance/Desktop/free-swagger/src/libs/json-schema-ref-parser/lib/normalize-args.js","statementMap":{"0":{"start":{"line":3,"column":16},"end":{"line":3,"column":36}},"1":{"start":{"line":5,"column":0},"end":{"line":5,"column":31}},"2":{"start":{"line":15,"column":2},"end":{"line":15,"column":42}},"3":{"start":{"line":17,"column":2},"end":{"line":20,"column":3}},"4":{"start":{"line":19,"column":4},"end":{"line":19,"column":26}},"5":{"start":{"line":22,"column":2},"end":{"line":41,"column":3}},"6":{"start":{"line":24,"column":4},"end":{"line":24,"column":19}},"7":{"start":{"line":25,"column":4},"end":{"line":34,"column":5}},"8":{"start":{"line":27,"column":6},"end":{"line":27,"column":23}},"9":{"start":{"line":28,"column":6},"end":{"line":28,"column":24}},"10":{"start":{"line":32,"column":6},"end":{"line":32,"column":25}},"11":{"start":{"line":33,"column":6},"end":{"line":33,"column":24}},"12":{"start":{"line":38,"column":4},"end":{"line":38,"column":14}},"13":{"start":{"line":39,"column":4},"end":{"line":39,"column":21}},"14":{"start":{"line":40,"column":4},"end":{"line":40,"column":22}},"15":{"start":{"line":43,"column":2},"end":{"line":45,"column":3}},"16":{"start":{"line":44,"column":4},"end":{"line":44,"column":35}},"17":{"start":{"line":47,"column":2},"end":{"line":52,"column":4}}},"fnMap":{"0":{"name":"normalizeArgs","decl":{"start":{"line":13,"column":9},"end":{"line":13,"column":22}},"loc":{"start":{"line":13,"column":30},"end":{"line":53,"column":1}},"line":13}},"branchMap":{"0":{"loc":{"start":{"line":17,"column":2},"end":{"line":20,"column":3}},"type":"if","locations":[{"start":{"line":17,"column":2},"end":{"line":20,"column":3}},{"start":{"line":17,"column":2},"end":{"line":20,"column":3}}],"line":17},"1":{"loc":{"start":{"line":22,"column":2},"end":{"line":41,"column":3}},"type":"if","locations":[{"start":{"line":22,"column":2},"end":{"line":41,"column":3}},{"start":{"line":22,"column":2},"end":{"line":41,"column":3}}],"line":22},"2":{"loc":{"start":{"line":25,"column":4},"end":{"line":34,"column":5}},"type":"if","locations":[{"start":{"line":25,"column":4},"end":{"line":34,"column":5}},{"start":{"line":25,"column":4},"end":{"line":34,"column":5}}],"line":25},"3":{"loc":{"start":{"line":43,"column":2},"end":{"line":45,"column":3}},"type":"if","locations":[{"start":{"line":43,"column":2},"end":{"line":45,"column":3}},{"start":{"line":43,"column":2},"end":{"line":45,"column":3}}],"line":43}},"s":{"0":2,"1":2,"2":9,"3":9,"4":0,"5":9,"6":6,"7":6,"8":6,"9":6,"10":0,"11":0,"12":3,"13":3,"14":3,"15":9,"16":3,"17":9},"f":{"0":9},"b":{"0":[0,9],"1":[6,3],"2":[6,0],"3":[3,6]},"_coverageSchema":"43e27e138ebf9cfc5966b082cf9a028302ed4184","hash":"aa23b12ea31e01a946306e4ee53988c9660fa66d"}
,"/Users/bytedance/Desktop/free-swagger/src/libs/json-schema-ref-parser/lib/options.js": {"path":"/Users/bytedance/Desktop/free-swagger/src/libs/json-schema-ref-parser/lib/options.js","statementMap":{"0":{"start":{"line":4,"column":19},"end":{"line":4,"column":44}},"1":{"start":{"line":5,"column":19},"end":{"line":5,"column":44}},"2":{"start":{"line":6,"column":19},"end":{"line":6,"column":44}},"3":{"start":{"line":7,"column":21},"end":{"line":7,"column":48}},"4":{"start":{"line":8,"column":21},"end":{"line":8,"column":48}},"5":{"start":{"line":9,"column":21},"end":{"line":9,"column":48}},"6":{"start":{"line":11,"column":0},"end":{"line":11,"column":35}},"7":{"start":{"line":20,"column":2},"end":{"line":20,"column":42}},"8":{"start":{"line":21,"column":2},"end":{"line":21,"column":23}},"9":{"start":{"line":24,"column":0},"end":{"line":71,"column":2}},"10":{"start":{"line":81,"column":2},"end":{"line":97,"column":3}},"11":{"start":{"line":82,"column":15},"end":{"line":82,"column":34}},"12":{"start":{"line":83,"column":4},"end":{"line":96,"column":5}},"13":{"start":{"line":83,"column":17},"end":{"line":83,"column":18}},"14":{"start":{"line":84,"column":16},"end":{"line":84,"column":23}},"15":{"start":{"line":85,"column":26},"end":{"line":85,"column":37}},"16":{"start":{"line":86,"column":26},"end":{"line":86,"column":37}},"17":{"start":{"line":88,"column":6},"end":{"line":95,"column":7}},"18":{"start":{"line":90,"column":8},"end":{"line":90,"column":64}},"19":{"start":{"line":92,"column":11},"end":{"line":95,"column":7}},"20":{"start":{"line":94,"column":8},"end":{"line":94,"column":36}},"21":{"start":{"line":98,"column":2},"end":{"line":98,"column":16}},"22":{"start":{"line":109,"column":2},"end":{"line":113,"column":27}}},"fnMap":{"0":{"name":"$RefParserOptions","decl":{"start":{"line":19,"column":9},"end":{"line":19,"column":26}},"loc":{"start":{"line":19,"column":37},"end":{"line":22,"column":1}},"line":19},"1":{"name":"merge","decl":{"start":{"line":80,"column":9},"end":{"line":80,"column":14}},"loc":{"start":{"line":80,"column":32},"end":{"line":99,"column":1}},"line":80},"2":{"name":"isMergeable","decl":{"start":{"line":108,"column":9},"end":{"line":108,"column":20}},"loc":{"start":{"line":108,"column":27},"end":{"line":114,"column":1}},"line":108}},"branchMap":{"0":{"loc":{"start":{"line":81,"column":2},"end":{"line":97,"column":3}},"type":"if","locations":[{"start":{"line":81,"column":2},"end":{"line":97,"column":3}},{"start":{"line":81,"column":2},"end":{"line":97,"column":3}}],"line":81},"1":{"loc":{"start":{"line":88,"column":6},"end":{"line":95,"column":7}},"type":"if","locations":[{"start":{"line":88,"column":6},"end":{"line":95,"column":7}},{"start":{"line":88,"column":6},"end":{"line":95,"column":7}}],"line":88},"2":{"loc":{"start":{"line":90,"column":28},"end":{"line":90,"column":47}},"type":"binary-expr","locations":[{"start":{"line":90,"column":28},"end":{"line":90,"column":41}},{"start":{"line":90,"column":45},"end":{"line":90,"column":47}}],"line":90},"3":{"loc":{"start":{"line":92,"column":11},"end":{"line":95,"column":7}},"type":"if","locations":[{"start":{"line":92,"column":11},"end":{"line":95,"column":7}},{"start":{"line":92,"column":11},"end":{"line":95,"column":7}}],"line":92},"4":{"loc":{"start":{"line":109,"column":9},"end":{"line":113,"column":26}},"type":"binary-expr","locations":[{"start":{"line":109,"column":9},"end":{"line":109,"column":12}},{"start":{"line":110,"column":5},"end":{"line":110,"column":28}},{"start":{"line":111,"column":4},"end":{"line":111,"column":23}},{"start":{"line":112,"column":4},"end":{"line":112,"column":28}},{"start":{"line":113,"column":4},"end":{"line":113,"column":26}}],"line":109}},"s":{"0":2,"1":2,"2":2,"3":2,"4":2,"5":2,"6":2,"7":3,"8":3,"9":2,"10":33,"11":30,"12":30,"13":30,"14":114,"15":114,"16":114,"17":114,"18":27,"19":87,"20":87,"21":33,"22":147},"f":{"0":3,"1":33,"2":147},"b":{"0":[30,3],"1":[27,87],"2":[27,27],"3":[87,0],"4":[147,138,60,57,57]},"_coverageSchema":"43e27e138ebf9cfc5966b082cf9a028302ed4184","hash":"021d657fbdb06ae26e3c99c9a8965b0de14812d8"}
[...]
69,"column":2},"end":{"line":71,"column":3}},{"start":{"line":69,"column":2},"end":{"line":71,"column":3}}],"line":69},"5":{"loc":{"start":{"line":84,"column":2},"end":{"line":86,"column":3}},"type":"if","locations":[{"start":{"line":84,"column":2},"end":{"line":86,"column":3}},{"start":{"line":84,"column":2},"end":{"line":86,"column":3}}],"line":84},"6":{"loc":{"start":{"line":98,"column":2},"end":{"line":100,"column":3}},"type":"if","locations":[{"start":{"line":98,"column":2},"end":{"line":100,"column":3}},{"start":{"line":98,"column":2},"end":{"line":100,"column":3}}],"line":98},"7":{"loc":{"start":{"line":112,"column":2},"end":{"line":122,"column":3}},"type":"if","locations":[{"start":{"line":112,"column":2},"end":{"line":122,"column":3}},{"start":{"line":112,"column":2},"end":{"line":122,"column":3}}],"line":112},"8":{"loc":{"start":{"line":112,"column":6},"end":{"line":112,"column":49}},"type":"binary-expr","locations":[{"start":{"line":112,"column":6},"end":{"line":112,"column":25}},{"start":{"line":112,"column":29},"end":{"line":112,"column":49}}],"line":112},"9":{"loc":{"start":{"line":115,"column":7},"end":{"line":122,"column":3}},"type":"if","locations":[{"start":{"line":115,"column":7},"end":{"line":122,"column":3}},{"start":{"line":115,"column":7},"end":{"line":122,"column":3}}],"line":115},"10":{"loc":{"start":{"line":133,"column":2},"end":{"line":137,"column":3}},"type":"if","locations":[{"start":{"line":133,"column":2},"end":{"line":137,"column":3}},{"start":{"line":133,"column":2},"end":{"line":137,"column":3}}],"line":133},"11":{"loc":{"start":{"line":140,"column":9},"end":{"line":140,"column":54}},"type":"binary-expr","locations":[{"start":{"line":140,"column":9},"end":{"line":140,"column":31}},{"start":{"line":140,"column":35},"end":{"line":140,"column":54}}],"line":140},"12":{"loc":{"start":{"line":162,"column":2},"end":{"line":164,"column":3}},"type":"if","locations":[{"start":{"line":162,"column":2},"end":{"line":164,"column":3}},{"start":{"line":162,"column":2},"end":{"line":164,"column":3}}],"line":162},"13":{"loc":{"start":{"line":200,"column":2},"end":{"line":220,"column":3}},"type":"if","locations":[{"start":{"line":200,"column":2},"end":{"line":220,"column":3}},{"start":{"line":200,"column":2},"end":{"line":220,"column":3}}],"line":200},"14":{"loc":{"start":{"line":202,"column":11},"end":{"line":202,"column":60}},"type":"cond-expr","locations":[{"start":{"line":202,"column":29},"end":{"line":202,"column":43}},{"start":{"line":202,"column":46},"end":{"line":202,"column":60}}],"line":202},"15":{"loc":{"start":{"line":205,"column":4},"end":{"line":207,"column":5}},"type":"if","locations":[{"start":{"line":205,"column":4},"end":{"line":207,"column":5}},{"start":{"line":205,"column":4},"end":{"line":207,"column":5}}],"line":205},"16":{"loc":{"start":{"line":205,"column":8},"end":{"line":205,"column":36}},"type":"binary-expr","locations":[{"start":{"line":205,"column":8},"end":{"line":205,"column":17}},{"start":{"line":205,"column":21},"end":{"line":205,"column":36}}],"line":205},"17":{"loc":{"start":{"line":209,"column":4},"end":{"line":219,"column":5}},"type":"if","locations":[{"start":{"line":209,"column":4},"end":{"line":219,"column":5}},{"start":{"line":209,"column":4},"end":{"line":219,"column":5}}],"line":209},"18":{"loc":{"start":{"line":218,"column":13},"end":{"line":218,"column":42}},"type":"cond-expr","locations":[{"start":{"line":218,"column":25},"end":{"line":218,"column":29}},{"start":{"line":218,"column":32},"end":{"line":218,"column":42}}],"line":218},"19":{"loc":{"start":{"line":223,"column":2},"end":{"line":231,"column":3}},"type":"if","locations":[{"start":{"line":223,"column":2},"end":{"line":231,"column":3}},{"start":{"line":223,"column":2},"end":{"line":231,"column":3}}],"line":223},"20":{"loc":{"start":{"line":223,"column":6},"end":{"line":223,"column":29}},"type":"binary-expr","locations":[{"start":{"line":223,"column":6},"end":{"line":223,"column":15}},{"start":{"line":223,"column":19},"end":{"line":223,"column":29}}],"line":223},"21":{"loc":{"start":{"line":228,"column":4},"end":{"line":230,"column":5}},"type":"if","locations":[{"start":{"line":228,"column":4},"end":{"line":230,"column":5}},{"start":{"line":228,"column":4},"end":{"line":230,"column":5}}],"line":228}},"s":{"0":2,"1":2,"2":2,"3":2,"4":2,"5":2,"6":2,"7":2,"8":2,"9":3,"10":0,"11":3,"12":3,"13":3,"14":0,"15":3,"16":2,"17":3,"18":3,"19":0,"20":2,"21":0,"22":0,"23":0,"24":0,"25":2,"26":55,"27":55,"28":55,"29":0,"30":2,"31":58,"32":58,"33":55,"34":58,"35":2,"36":0,"37":0,"38":0,"39":0,"40":0,"41":0,"42":2,"43":3,"44":0,"45":3,"46":3,"47":2,"48":3,"49":0,"50":3,"51":3,"52":3,"53":6,"54":3,"55":2,"56":0,"57":0,"58":0,"59":0,"60":0,"61":0,"62":0,"63":0,"64":0,"65":0,"66":0,"67":0,"68":0,"69":0,"70":0,"71":0,"72":0,"73":0},"f":{"0":3,"1":3,"2":0,"3":55,"4":58,"5":0,"6":3,"7":3,"8":0},"b":{"0":[0,3],"1":[0,3],"2":[3,3],"3":[0,3],"4":[0,0],"5":[55,0],"6":[55,3],"7":[0,0],"8":[0,0],"9":[0,0],"10":[0,3],"11":[3,0],"12":[0,3],"13":[0,0],"14":[0,0],"15":[0,0],"16":[0,0],"17":[0,0],"18":[0,0],"19":[0,0],"20":[0,0],"21":[0,0]},"_coverageSchema":"43e27e138ebf9cfc5966b082cf9a028302ed4184","hash":"4583081871003d651163dc7423481a1a5aba4de4"}
,"/Users/bytedance/Desktop/free-swagger/src/libs/json-schema-ref-parser/lib/util/yaml.js": {"path":"/Users/bytedance/Desktop/free-swagger/src/libs/json-schema-ref-parser/lib/util/yaml.js","statementMap":{"0":{"start":{"line":4,"column":13},"end":{"line":4,"column":31}},"1":{"start":{"line":5,"column":16},"end":{"line":5,"column":42}},"2":{"start":{"line":10,"column":0},"end":{"line":56,"column":2}},"3":{"start":{"line":19,"column":4},"end":{"line":30,"column":5}},"4":{"start":{"line":20,"column":6},"end":{"line":20,"column":33}},"5":{"start":{"line":23,"column":6},"end":{"line":29,"column":7}},"6":{"start":{"line":24,"column":8},"end":{"line":24,"column":16}},"7":{"start":{"line":28,"column":8},"end":{"line":28,"column":32}},"8":{"start":{"line":42,"column":4},"end":{"line":54,"column":5}},"9":{"start":{"line":43,"column":19},"end":{"line":43,"column":74}},"10":{"start":{"line":44,"column":6},"end":{"line":44,"column":46}},"11":{"start":{"line":47,"column":6},"end":{"line":53,"column":7}},"12":{"start":{"line":48,"column":8},"end":{"line":48,"column":16}},"13":{"start":{"line":52,"column":8},"end":{"line":52,"column":32}}},"fnMap":{"0":{"name":"(anonymous_0)","decl":{"start":{"line":18,"column":2},"end":{"line":18,"column":3}},"loc":{"start":{"line":18,"column":24},"end":{"line":31,"column":3}},"line":18},"1":{"name":"(anonymous_1)","decl":{"start":{"line":41,"column":2},"end":{"line":41,"column":3}},"loc":{"start":{"line":41,"column":37},"end":{"line":55,"column":3}},"line":41}},"branchMap":{"0":{"loc":{"start":{"line":23,"column":6},"end":{"line":29,"column":7}},"type":"if","locations":[{"start":{"line":23,"column":6},"end":{"line":29,"column":7}},{"start":{"line":23,"column":6},"end":{"line":29,"column":7}}],"line":23},"1":{"loc":{"start":{"line":43,"column":19},"end":{"line":43,"column":74}},"type":"binary-expr","locations":[{"start":{"line":43,"column":20},"end":{"line":43,"column":68}},{"start":{"line":43,"column":73},"end":{"line":43,"column":74}}],"line":43},"2":{"loc":{"start":{"line":43,"column":20},"end":{"line":43,"column":68}},"type":"cond-expr","locations":[{"start":{"line":43,"column":48},"end":{"line":43,"column":60}},{"start":{"line":43,"column":63},"end":{"line":43,"column":68}}],"line":43},"3":{"loc":{"start":{"line":47,"column":6},"end":{"line":53,"column":7}},"type":"if","locations":[{"start":{"line":47,"column":6},"end":{"line":53,"column":7}},{"start":{"line":47,"column":6},"end":{"line":53,"column":7}}],"line":47}},"s":{"0":2,"1":2,"2":2,"3":0,"4":0,"5":0,"6":0,"7":0,"8":0,"9":0,"10":0,"11":0,"12":0,"13":0},"f":{"0":0,"1":0},"b":{"0":[0,0],"1":[0,0],"2":[0,0],"3":[0,0]},"_coverageSchema":"43e27e138ebf9cfc5966b082cf9a028302ed4184","hash":"0c82fd3fe763fff5d81eb6b5b316d2700c265625"}
,"/Users/bytedance/Desktop/free-swagger/src/mock/index.ts": {"path":"/Users/bytedance/Desktop/free-swagger/src/mock/index.ts","statementMap":{"0":{"start":{"line":11,"column":22},"end":{"line":11,"column":67}},"1":{"start":{"line":13,"column":12},"end":{"line":13,"column":40}},"2":{"start":{"line":15,"column":18},"end":{"line":15,"column":73}},"3":{"start":{"line":15,"column":43},"end":{"line":15,"column":73}},"4":{"start":{"line":16,"column":21},"end":{"line":16,"column":26}},"5":{"start":{"line":17,"column":0},"end":{"line":24,"column":3}},"6":{"start":{"line":27,"column":25},"end":{"line":39,"column":1}},"7":{"start":{"line":28,"column":24},"end":{"line":28,"column":26}},"8":{"start":{"line":29,"column":2},"end":{"line":35,"column":3}},"9":{"start":{"line":30,"column":4},"end":{"line":30,"column":38}},"10":{"start":{"line":31,"column":4},"end":{"line":31,"column":44}},"11":{"start":{"line":34,"column":4},"end":{"line":34,"column":60}},"12":{"start":{"line":36,"column":2},"end":{"line":36,"column":54}},"13":{"start":{"line":36,"column":23},"end":{"line":36,"column":54}},"14":{"start":{"line":38,"column":2},"end":{"line":38,"column":20}},"15":{"start":{"line":41,"column":20},"end":{"line":140,"column":1}},"16":{"start":{"line":50,"column":2},"end":{"line":50,"column":30}},"17":{"start":{"line":54,"column":6},"end":{"line":54,"column":8}},"18":{"start":{"line":57,"column":2},"end":{"line":61,"column":5}},"19":{"start":{"line":62,"column":2},"end":{"line":62,"column":37}},"20":{"start":{"line":64,"column":24},"end":{"line":64,"column":63}},"21":{"start":{"line":65,"column":2},"end":{"line":119,"column":4}},"22":{"start":{"line":67,"column":6},"end":{"line":117,"column":9}},"23":{"start":{"line":68,"column":20},"end":{"line":68,"column":64}},"24":{"start":{"line":69,"column":32},"end":{"line":69,"column":54}},"25":{"start":{"line":70,"column":8},"end":{"line":70,"column":37}},"26":{"start":{"line":70,"column":30},"end":{"line":70,"column":37}},"27":{"start":{"line":72,"column":8},"end":{"line":79,"column":9}},"28":{"start":{"line":73,"column":10},"end":{"line":77,"column":12}},"29":{"start":{"line":78,"column":10},"end":{"line":78,"column":17}},"30":{"start":{"line":82,"column":29},"end":{"line":82,"column":31}},"31":{"start":{"line":83,"column":8},"end":{"line":93,"column":9}},"32":{"start":{"line":84,"column":22},"end":{"line":86,"column":11}},"33":{"start":{"line":85,"column":42},"end":{"line":85,"column":79}},"34":{"start":{"line":87,"column":10},"end":{"line":87,"column":27}},"35":{"start":{"line":87,"column":20},"end":{"line":87,"column":27}},"36":{"start":{"line":88,"column":10},"end":{"line":90,"column":23}},"37":{"start":{"line":92,"column":10},"end":{"line":92,"column":63}},"38":{"start":{"line":95,"column":8},"end":{"line":97,"column":9}},"39":{"start":{"line":96,"column":10},"end":{"line":96,"column":46}},"40":{"start":{"line":99,"column":23},"end":{"line":108,"column":13}},"41":{"start":{"line":110,"column":8},"end":{"line":116,"column":19}},"42":{"start":{"line":120,"column":2},"end":{"line":125,"column":5}},"43":{"start":{"line":121,"column":4},"end":{"line":124,"column":6}},"44":{"start":{"line":128,"column":2},"end":{"line":139,"column":4}}},"fnMap":{"0":{"name":"(anonymous_0)","decl":{"start":{"line":15,"column":18},"end":{"line":15,"column":19}},"loc":{"start":{"line":15,"column":43},"end":{"line":15,"column":73}},"line":15},"1":{"name":"(anonymous_1)","decl":{"start":{"line":27,"column":25},"end":{"line":27,"column":26}},"loc":{"start":{"line":27,"column":66},"end":{"line":39,"column":1}},"line":27},"2":{"name":"(anonymous_2)","decl":{"start":{"line":41,"column":20},"end":{"line":41,"column":21}},"loc":{"start":{"line":49,"column":21},"end":{"line":140,"column":1}},"line":49},"3":{"name":"(anonymous_3)","decl":{"start":{"line":66,"column":4},"end":{"line":66,"column":5}},"loc":{"start":{"line":66,"column":32},"end":{"line":118,"column":5}},"line":66},"4":{"name":"(anonymous_4)","decl":{"start":{"line":67,"column":22},"end":{"line":67,"column":23}},"loc":{"start":{"line":67,"column":48},"end":{"line":117,"column":7}},"line":67},"5":{"name":"(anonymous_5)","decl":{"start":{"line":85,"column":12},"end":{"line":85,"column":13}},"loc":{"start":{"line":85,"column":42},"end":{"line":85,"column":79}},"line":85},"6":{"name":"(anonymous_6)","decl":{"start":{"line":120,"column":38},"end":{"line":120,"column":39}},"loc":{"start":{"line":120,"column":56},"end":{"line":125,"column":3}},"line":120}},"branchMap":{"0":{"loc":{"start":{"line":36,"column":2},"end":{"line":36,"column":54}},"type":"if","locations":[{"start":{"line":36,"column":2},"end":{"line":36,"column":54}},{"start":{"line":36,"column":2},"end":{"line":36,"column":54}}],"line":36},"1":{"loc":{"start":{"line":70,"column":8},"end":{"line":70,"column":37}},"type":"if","locations":[{"start":{"line":70,"column":8},"end":{"line":70,"column":37}},{"start":{"line":70,"column":8},"end":{"line":70,"column":37}}],"line":70},"2":{"loc":{"start":{"line":72,"column":8},"end":{"line":79,"column":9}},"type":"if","locations":[{"start":{"line":72,"column":8},"end":{"line":79,"column":9}},{"start":{"line":72,"column":8},"end":{"line":79,"column":9}}],"line":72},"3":{"loc":{"start":{"line":83,"column":8},"end":{"line":93,"column":9}},"type":"if","locations":[{"start":{"line":83,"column":8},"end":{"line":93,"column":9}},{"start":{"line":83,"column":8},"end":{"line":93,"column":9}}],"line":83},"4":{"loc":{"start":{"line":87,"column":10},"end":{"line":87,"column":27}},"type":"if","locations":[{"start":{"line":87,"column":10},"end":{"line":87,"column":27}},{"start":{"line":87,"column":10},"end":{"line":87,"column":27}}],"line":87},"5":{"loc":{"start":{"line":88,"column":27},"end":{"line":90,"column":22}},"type":"cond-expr","locations":[{"start":{"line":89,"column":14},"end":{"line":89,"column":41}},{"start":{"line":90,"column":14},"end":{"line":90,"column":22}}],"line":88},"6":{"loc":{"start":{"line":95,"column":8},"end":{"line":97,"column":9}},"type":"if","locations":[{"start":{"line":95,"column":8},"end":{"line":97,"column":9}},{"start":{"line":95,"column":8},"end":{"line":97,"column":9}}],"line":95},"7":{"loc":{"start":{"line":99,"column":23},"end":{"line":108,"column":13}},"type":"cond-expr","locations":[{"start":{"line":100,"column":12},"end":{"line":103,"column":13}},{"start":{"line":104,"column":12},"end":{"line":108,"column":13}}],"line":99},"8":{"loc":{"start":{"line":110,"column":46},"end":{"line":116,"column":18}},"type":"cond-expr","locations":[{"start":{"line":111,"column":12},"end":{"line":115,"column":13}},{"start":{"line":116,"column":12},"end":{"line":116,"column":18}}],"line":110}},"s":{"0":2,"1":2,"2":2,"3":304,"4":2,"5":2,"6":2,"7":31,"8":31,"9":31,"10":31,"11":0,"12":31,"13":7,"14":31,"15":2,"16":3,"17":3,"18":3,"19":3,"20":3,"21":3,"22":38,"23":304,"24":304,"25":304,"26":259,"27":45,"28":0,"29":0,"30":45,"31":45,"32":0,"33":0,"34":0,"35":0,"36":0,"37":45,"38":45,"39":15,"40":45,"41":45,"42":3,"43":15,"44":3},"f":{"0":304,"1":31,"2":3,"3":38,"4":304,"5":0,"6":15},"b":{"0":[7,24],"1":[259,45],"2":[0,45],"3":[0,45],"4":[0,0],"5":[0,0],"6":[15,30],"7":[31,14],"8":[25,20]},"_coverageSchema":"43e27e138ebf9cfc5966b082cf9a028302ed4184","hash":"36cdd1ac0a22385041f703f58b650f4049dfffdf"}
,"/Users/bytedance/Desktop/free-swagger/src/parse/path.ts": {"path":"/Users/bytedance/Desktop/free-swagger/src/parse/path.ts","statementMap":{"0":{"start":{"line":6,"column":33},"end":{"line":15,"column":1}},"1":{"start":{"line":25,"column":19},"end":{"line":79,"column":1}},"2":{"start":{"line":26,"column":38},"end":{"line":26,"column":40}},"3":{"start":{"line":28,"column":2},"end":{"line":77,"column":4}},"4":{"start":{"line":30,"column":6},"end":{"line":75,"column":9}},"5":{"start":{"line":31,"column":32},"end":{"line":31,"column":54}},"6":{"start":{"line":32,"column":8},"end":{"line":32,"column":37}},"7":{"start":{"line":32,"column":30},"end":{"line":32,"column":37}},"8":{"start":{"line":34,"column":8},"end":{"line":41,"column":9}},"9":{"start":{"line":35,"column":10},"end":{"line":39,"column":12}},"10":{"start":{"line":40,"column":10},"end":{"line":40,"column":17}},"11":{"start":{"line":43,"column":8},"end":{"line":50,"column":9}},"12":{"start":{"line":44,"column":10},"end":{"line":48,"column":12}},"13":{"start":{"line":49,"column":10},"end":{"line":49,"column":17}},"14":{"start":{"line":53,"column":29},"end":{"line":53,"column":31}},"15":{"start":{"line":54,"column":8},"end":{"line":64,"column":9}},"16":{"start":{"line":55,"column":22},"end":{"line":57,"column":11}},"17":{"start":{"line":56,"column":42},"end":{"line":56,"column":79}},"18":{"start":{"line":58,"column":10},"end":{"line":58,"column":27}},"19":{"start":{"line":58,"column":20},"end":{"line":58,"column":27}},"20":{"start":{"line":59,"column":10},"end":{"line":61,"column":23}},"21":{"start":{"line":63,"column":10},"end":{"line":63,"column":63}},"22":{"start":{"line":66,"column":8},"end":{"line":68,"column":9}},"23":{"start":{"line":67,"column":10},"end":{"line":67,"column":46}},"24":{"start":{"line":69,"column":8},"end":{"line":74,"column":10}},"25":{"start":{"line":78,"column":2},"end":{"line":78,"column":24}}},"fnMap":{"0":{"name":"(anonymous_0)","decl":{"start":{"line":25,"column":19},"end":{"line":25,"column":20}},"loc":{"start":{"line":25,"column":65},"end":{"line":79,"column":1}},"line":25},"1":{"name":"(anonymous_1)","decl":{"start":{"line":29,"column":4},"end":{"line":29,"column":5}},"loc":{"start":{"line":29,"column":32},"end":{"line":76,"column":5}},"line":29},"2":{"name":"(anonymous_2)","decl":{"start":{"line":30,"column":22},"end":{"line":30,"column":23}},"loc":{"start":{"line":30,"column":42},"end":{"line":75,"column":7}},"line":30},"3":{"name":"(anonymous_3)","decl":{"start":{"line":56,"column":12},"end":{"line":56,"column":13}},"loc":{"start":{"line":56,"column":42},"end":{"line":56,"column":79}},"line":56}},"branchMap":{"0":{"loc":{"start":{"line":32,"column":8},"end":{"line":32,"column":37}},"type":"if","locations":[{"start":{"line":32,"column":8},"end":{"line":32,"column":37}},{"start":{"line":32,"column":8},"end":{"line":32,"column":37}}],"line":32},"1":{"loc":{"start":{"line":34,"column":8},"end":{"line":41,"column":9}},"type":"if","locations":[{"start":{"line":34,"column":8},"end":{"line":41,"column":9}},{"start":{"line":34,"column":8},"end":{"line":41,"column":9}}],"line":34},"2":{"loc":{"start":{"line":43,"column":8},"end":{"line":50,"column":9}},"type":"if","locations":[{"start":{"line":43,"column":8},"end":{"line":50,"column":9}},{"start":{"line":43,"column":8},"end":{"line":50,"column":9}}],"line":43},"3":{"loc":{"start":{"line":54,"column":8},"end":{"line":64,"column":9}},"type":"if","locations":[{"start":{"line":54,"column":8},"end":{"line":64,"column":9}},{"start":{"line":54,"column":8},"end":{"line":64,"column":9}}],"line":54},"4":{"loc":{"start":{"line":58,"column":10},"end":{"line":58,"column":27}},"type":"if","locations":[{"start":{"line":58,"column":10},"end":{"line":58,"column":27}},{"start":{"line":58,"column":10},"end":{"line":58,"column":27}}],"line":58},"5":{"loc":{"start":{"line":59,"column":27},"end":{"line":61,"column":22}},"type":"cond-expr","locations":[{"start":{"line":60,"column":14},"end":{"line":60,"column":41}},{"start":{"line":61,"column":14},"end":{"line":61,"column":22}}],"line":59},"6":{"loc":{"start":{"line":66,"column":8},"end":{"line":68,"column":9}},"type":"if","locations":[{"start":{"line":66,"column":8},"end":{"line":68,"column":9}},{"start":{"line":66,"column":8},"end":{"line":68,"column":9}}],"line":66}},"s":{"0":2,"1":2,"2":6,"3":6,"4":72,"5":576,"6":576,"7":491,"8":85,"9":18,"10":18,"11":67,"12":0,"13":0,"14":67,"15":67,"16":0,"17":0,"18":0,"19":0,"20":0,"21":67,"22":67,"23":22,"24":67,"25":6},"f":{"0":6,"1":72,"2":576,"3":0},"b":{"0":[491,85],"1":[18,67],"2":[0,67],"3":[0,67],"4":[0,0],"5":[0,0],"6":[22,45]},"_coverageSchema":"43e27e138ebf9cfc5966b082cf9a028302ed4184","hash":"b9a3ae7c2925c61d02f3acdd6afe124f9fab3c56"}
}
