TN:
SF:/Users/bytedance/Desktop/free-swagger/src/inquirer.ts
FN:5,(anonymous_0)
FN:6,(anonymous_1)
FN:14,(anonymous_2)
FN:15,(anonymous_3)
FN:24,(anonymous_4)
FN:32,(anonymous_5)
FN:37,(anonymous_6)
FNF:7
FNH:0
FNDA:0,(anonymous_0)
FNDA:0,(anonymous_1)
FNDA:0,(anonymous_2)
FNDA:0,(anonymous_3)
FNDA:0,(anonymous_4)
FNDA:0,(anonymous_5)
FNDA:0,(anonymous_6)
DA:5,2
DA:6,0
DA:10,0
DA:11,0
DA:14,0
DA:15,0
DA:16,0
DA:17,0
DA:24,2
DA:25,0
DA:33,0
DA:34,0
DA:36,0
DA:37,0
DA:42,0
DA:43,0
DA:47,0
LF:17
LH:2
BRDA:11,0,0,0
BRDA:11,0,1,0
BRDA:11,1,0,0
BRDA:11,1,1,0
BRDA:16,2,0,0
BRDA:16,2,1,0
BRDA:33,3,0,0
BRDA:33,3,1,0
BRF:8
BRH:0
end_of_record
TN:
SF:/Users/bytedance/Desktop/free-swagger/src/main.ts
FN:22,(anonymous_0)
FN:33,(anonymous_1)
FN:47,(anonymous_2)
FN:63,(anonymous_3)
FN:78,(anonymous_4)
FN:107,(anonymous_5)
FN:115,(anonymous_6)
FNF:7
FNH:7
FNDA:6,(anonymous_0)
FNDA:6,(anonymous_1)
FNDA:18,(anonymous_2)
FNDA:9,(anonymous_3)
FNDA:6,(anonymous_4)
FNDA:3,(anonymous_5)
FNDA:3,(anonymous_6)
DA:19,2
DA:22,2
DA:27,6
DA:28,6
DA:29,6
DA:33,2
DA:39,6
DA:40,4
DA:41,4
DA:42,4
DA:43,4
DA:47,5
DA:51,18
DA:55,18
DA:56,18
DA:57,18
DA:60,5
DA:63,2
DA:67,9
DA:68,0
DA:70,9
DA:71,3
DA:72,3
DA:74,6
DA:78,2
DA:79,6
DA:80,6
DA:81,6
DA:82,0
DA:84,6
DA:85,6
DA:88,6
DA:89,6
DA:90,6
DA:95,6
DA:96,5
DA:99,5
DA:101,0
DA:102,0
DA:107,2
DA:110,3
DA:111,3
DA:114,2
DA:115,2
DA:116,3
DA:117,3
DA:122,3
DA:128,2
LF:48
LH:44
BRDA:39,0,0,4
BRDA:39,0,1,2
BRDA:67,1,0,0
BRDA:67,1,1,9
BRDA:70,2,0,3
BRDA:70,2,1,6
BRDA:81,3,0,0
BRDA:81,3,1,6
BRDA:90,4,0,6
BRDA:90,4,1,0
BRF:10
BRH:7
end_of_record
TN:
SF:/Users/bytedance/Desktop/free-swagger/src/request.ts
FN:10,(anonymous_0)
FN:23,(anonymous_1)
FN:31,(anonymous_2)
FNF:3
FNH:0
FNDA:0,(anonymous_0)
FNDA:0,(anonymous_1)
FNDA:0,(anonymous_2)
DA:7,2
DA:10,2
DA:14,0
DA:15,0
DA:16,0
DA:18,0
DA:19,0
DA:21,0
DA:22,0
DA:23,0
DA:24,0
DA:32,0
DA:36,0
DA:41,0
DA:45,0
DA:46,0
DA:47,0
DA:50,0
DA:52,0
DA:53,0
DA:54,0
DA:56,0
DA:57,0
LF:23
LH:2
BRDA:19,0,0,0
BRDA:19,0,1,0
BRDA:52,1,0,0
BRDA:52,1,1,0
BRF:4
BRH:0
end_of_record
TN:
SF:/Users/bytedance/Desktop/free-swagger/src/utils.ts
FN:18,(anonymous_0)
FN:20,(anonymous_1)
FN:23,(anonymous_2)
FN:38,(anonymous_3)
FN:43,(anonymous_4)
FNF:5
FNH:5
FNDA:9,(anonymous_0)
FNDA:9,(anonymous_1)
FNDA:6,(anonymous_2)
FNDA:112,(anonymous_3)
FNDA:112,(anonymous_4)
DA:18,2
DA:19,9
DA:20,2
DA:21,9
DA:23,2
DA:27,6
DA:29,6
DA:30,6
DA:31,6
DA:32,6
DA:34,0
DA:38,2
DA:39,112
DA:43,2
DA:44,112
LF:15
LH:14
BRDA:19,0,0,9
BRDA:19,0,1,3
BRDA:21,1,0,9
BRDA:21,1,1,3
BRDA:27,2,0,6
BRDA:27,2,1,0
BRF:6
BRH:5
end_of_record
TN:
SF:/Users/bytedance/Desktop/free-swagger/src/bin/init.ts
FN:11,init
FN:18,(anonymous_1)
FN:22,(anonymous_2)
FN:25,(anonymous_3)
FN:28,(anonymous_4)
FN:45,(anonymous_5)
FN:53,(anonymous_6)
FN:66,(anonymous_7)
FN:87,(anonymous_8)
FN:88,(anonymous_9)
FN:97,(anonymous_10)
FN:105,(anonymous_11)
FN:110,(anonymous_12)
FN:118,(anonymous_13)
FNF:14
FNH:2
FNDA:2,init
FNDA:0,(anonymous_1)
FNDA:0,(anonymous_2)
FNDA:0,(anonymous_3)
FNDA:0,(anonymous_4)
FNDA:0,(anonymous_5)
FNDA:0,(anonymous_6)
FNDA:0,(anonymous_7)
FNDA:0,(anonymous_8)
FNDA:0,(anonymous_9)
FNDA:0,(anonymous_10)
FNDA:0,(anonymous_11)
FNDA:0,(anonymous_12)
FNDA:3,(anonymous_13)
DA:9,1
DA:12,2
DA:13,2
DA:15,2
DA:19,0
DA:20,0
DA:23,0
DA:26,0
DA:29,0
DA:30,0
DA:46,0
DA:49,0
DA:50,0
DA:51,0
DA:54,0
DA:59,0
DA:66,0
DA:87,0
DA:89,0
DA:90,0
DA:95,0
DA:98,0
DA:106,0
DA:110,0
DA:113,0
DA:114,0
DA:115,0
DA:119,3
DA:120,3
DA:121,3
DA:122,3
DA:123,3
DA:124,2
DA:125,2
LF:34
LH:11
BRDA:46,0,0,0
BRDA:46,0,1,0
BRDA:66,1,0,0
BRDA:66,1,1,0
BRDA:89,2,0,0
BRDA:89,2,1,0
BRDA:91,3,0,0
BRDA:91,3,1,0
BRDA:98,4,0,0
BRDA:98,4,1,0
BRDA:106,5,0,0
BRDA:106,5,1,0
BRDA:107,6,0,0
BRDA:107,6,1,0
BRDA:110,7,0,0
BRDA:110,7,1,0
BRDA:119,8,0,0
BRDA:119,8,1,3
BRF:18
BRH:1
end_of_record
TN:
SF:/Users/bytedance/Desktop/free-swagger/src/bin/questions.ts
FN:9,(anonymous_0)
FN:23,(anonymous_1)
FNF:2
FNH:0
FNDA:0,(anonymous_0)
FNDA:0,(anonymous_1)
DA:5,1
DA:10,0
DA:11,0
DA:12,0
DA:14,0
DA:18,1
DA:23,0
LF:7
LH:2
BRDA:10,0,0,0
BRDA:10,0,1,0
BRDA:11,1,0,0
BRDA:11,1,1,0
BRDA:11,2,0,0
BRDA:11,2,1,0
BRF:6
BRH:0
end_of_record
TN:
SF:/Users/bytedance/Desktop/free-swagger/src/default/index.ts
FN:13,(anonymous_0)
FN:27,(anonymous_1)
FNF:2
FNH:2
FNDA:3,(anonymous_0)
FNDA:3,(anonymous_1)
DA:8,2
DA:9,2
DA:10,2
DA:11,2
DA:13,2
DA:15,3
DA:27,2
DA:30,3
DA:32,3
DA:33,0
DA:34,0
DA:36,3
DA:40,3
DA:41,1
DA:42,2
DA:43,1
DA:45,1
DA:49,3
LF:18
LH:16
BRDA:19,0,0,2
BRDA:19,0,1,1
BRDA:32,1,0,0
BRDA:32,1,1,3
BRDA:40,2,0,1
BRDA:40,2,1,2
BRDA:42,3,0,1
BRDA:42,3,1,1
BRDA:46,4,0,1
BRDA:46,4,1,0
BRF:10
BRH:8
end_of_record
TN:
SF:/Users/bytedance/Desktop/free-swagger/src/default/rc.ts
FN:42,(anonymous_0)
FN:57,(anonymous_1)
FN:77,(anonymous_2)
FN:91,(anonymous_3)
FN:95,(anonymous_4)
FN:118,(anonymous_5)
FN:124,(anonymous_6)
FN:129,(anonymous_7)
FN:133,(anonymous_8)
FN:137,(anonymous_9)
FNF:10
FNH:6
FNDA:2,(anonymous_0)
FNDA:4,(anonymous_1)
FNDA:3,(anonymous_2)
FNDA:3,(anonymous_3)
FNDA:5,(anonymous_4)
FNDA:0,(anonymous_5)
FNDA:0,(anonymous_6)
FNDA:2,(anonymous_7)
FNDA:0,(anonymous_8)
FNDA:0,(anonymous_9)
DA:13,2
DA:43,2
DA:44,2
DA:45,2
DA:46,2
DA:49,2
DA:50,2
DA:51,2
DA:58,4
DA:78,3
DA:92,3
DA:96,5
DA:100,5
DA:104,5
DA:105,0
DA:108,5
DA:111,5
DA:114,5
DA:119,0
DA:120,0
DA:125,0
DA:130,2
DA:131,2
DA:134,0
DA:138,0
DA:142,2
LF:26
LH:20
BRDA:46,0,0,2
BRDA:46,0,1,0
BRDA:85,1,0,2
BRDA:85,1,1,1
BRDA:104,2,0,0
BRDA:104,2,1,5
BRF:6
BRH:4
end_of_record
TN:
SF:/Users/bytedance/Desktop/free-swagger/src/gen/path.ts
FN:9,(anonymous_0)
FN:12,(anonymous_1)
FN:13,(anonymous_2)
FN:20,(anonymous_3)
FN:29,(anonymous_4)
FN:30,(anonymous_5)
FNF:6
FNH:6
FNDA:12,(anonymous_0)
FNDA:23,(anonymous_1)
FNDA:23,(anonymous_2)
FNDA:18,(anonymous_3)
FNDA:63,(anonymous_4)
FNDA:45,(anonymous_5)
DA:7,2
DA:9,2
DA:10,12
DA:12,23
DA:13,23
DA:15,12
DA:16,9
DA:20,2
DA:24,18
DA:25,18
DA:26,18
DA:27,18
DA:28,18
DA:29,63
DA:30,45
DA:32,18
LF:16
LH:16
BRDA:15,0,0,3
BRDA:15,0,1,9
BRDA:25,1,0,12
BRDA:25,1,1,6
BRDA:26,2,0,12
BRDA:26,2,1,6
BRF:6
BRH:6
end_of_record
TN:
SF:/Users/bytedance/Desktop/free-swagger/src/libs/json-schema-ref-parser/lib/bundle.js
FN:17,bundle
FN:39,crawl
FN:51,(anonymous_2)
FN:96,inventory$Ref
FN:160,remap
FN:162,(anonymous_5)
FN:243,findInInventory
FN:252,removeFromInventory
FNF:8
FNH:0
FNDA:0,bundle
FNDA:0,crawl
FNDA:0,(anonymous_2)
FNDA:0,inventory$Ref
FNDA:0,remap
FNDA:0,(anonymous_5)
FNDA:0,findInInventory
FNDA:0,removeFromInventory
DA:3,2
DA:4,2
DA:5,2
DA:7,2
DA:21,0
DA:22,0
DA:25,0
DA:40,0
DA:42,0
DA:43,0
DA:44,0
DA:50,0
DA:54,0
DA:55,0
DA:57,0
DA:58,0
DA:63,0
DA:68,0
DA:69,0
DA:70,0
DA:71,0
DA:73,0
DA:74,0
DA:77,0
DA:97,0
DA:98,0
DA:99,0
DA:100,0
DA:101,0
DA:102,0
DA:103,0
DA:104,0
DA:105,0
DA:107,0
DA:108,0
DA:110,0
DA:111,0
DA:114,0
DA:118,0
DA:134,0
DA:162,0
DA:163,0
DA:165,0
DA:167,0
DA:169,0
DA:171,0
DA:173,0
DA:175,0
DA:177,0
DA:179,0
DA:181,0
DA:183,0
DA:185,0
DA:190,0
DA:191,0
DA:193,0
DA:195,0
DA:199,0
DA:205,0
DA:208,0
DA:210,0
DA:212,0
DA:214,0
DA:216,0
DA:218,0
DA:222,0
DA:223,0
DA:224,0
DA:228,0
DA:230,0
DA:232,0
DA:244,0
DA:245,0
DA:246,0
DA:247,0
DA:253,0
DA:254,0
LF:77
LH:4
BRDA:40,0,0,0
BRDA:40,0,1,0
BRDA:42,1,0,0
BRDA:42,1,1,0
BRDA:42,2,0,0
BRDA:42,2,1,0
BRDA:43,3,0,0
BRDA:43,3,1,0
BRDA:54,4,0,0
BRDA:54,4,1,0
BRDA:57,5,0,0
BRDA:57,5,1,0
BRDA:73,6,0,0
BRDA:73,6,1,0
BRDA:97,7,0,0
BRDA:97,7,1,0
BRDA:108,8,0,0
BRDA:108,8,1,0
BRDA:110,9,0,0
BRDA:110,9,1,0
BRDA:110,10,0,0
BRDA:110,10,1,0
BRDA:163,11,0,0
BRDA:163,11,1,0
BRDA:165,12,0,0
BRDA:165,12,1,0
BRDA:167,13,0,0
BRDA:167,13,1,0
BRDA:169,14,0,0
BRDA:169,14,1,0
BRDA:171,15,0,0
BRDA:171,15,1,0
BRDA:173,16,0,0
BRDA:173,16,1,0
BRDA:175,17,0,0
BRDA:175,17,1,0
BRDA:177,18,0,0
BRDA:177,18,1,0
BRDA:179,19,0,0
BRDA:179,19,1,0
BRDA:183,20,0,0
BRDA:183,20,1,0
BRDA:193,21,0,0
BRDA:193,21,1,0
BRDA:208,22,0,0
BRDA:208,22,1,0
BRDA:212,23,0,0
BRDA:212,23,1,0
BRDA:212,24,0,0
BRDA:212,24,1,0
BRDA:216,25,0,0
BRDA:216,25,1,0
BRDA:216,26,0,0
BRDA:216,26,1,0
BRDA:230,27,0,0
BRDA:230,27,1,0
BRDA:246,28,0,0
BRDA:246,28,1,0
BRDA:246,29,0,0
BRDA:246,29,1,0
BRF:60
BRH:0
end_of_record
TN:
SF:/Users/bytedance/Desktop/free-swagger/src/libs/json-schema-ref-parser/lib/dereference.js
FN:17,dereference
FN:35,crawl
FN:95,dereference$Ref
FN:143,foundCircularReference
FNF:4
FNH:3
FNDA:3,dereference
FNDA:3533,crawl
FNDA:55,dereference$Ref
FNDA:0,foundCircularReference
DA:3,2
DA:4,2
DA:5,2
DA:6,2
DA:8,2
DA:19,3
DA:20,3
DA:21,3
DA:37,3533
DA:42,3533
DA:43,1405
DA:45,1405
DA:46,0
DA:47,0
DA:48,0
DA:51,1405
DA:52,3530
DA:53,3530
DA:54,3530
DA:55,3530
DA:57,3530
DA:58,55
DA:59,55
DA:60,55
DA:63,3475
DA:64,3475
DA:65,3475
DA:66,3475
DA:69,0
DA:74,3530
DA:78,1405
DA:81,3533
DA:98,55
DA:99,55
DA:102,55
DA:103,55
DA:104,55
DA:107,55
DA:110,55
DA:112,55
DA:113,55
DA:114,55
DA:117,55
DA:119,0
DA:122,55
DA:125,0
DA:128,55
DA:144,0
DA:145,0
DA:146,0
DA:148,0
LF:51
LH:41
BRDA:42,0,0,1405
BRDA:42,0,1,2128
BRDA:42,1,0,3533
BRDA:42,1,1,3486
BRDA:45,2,0,0
BRDA:45,2,1,1405
BRDA:57,3,0,55
BRDA:57,3,1,3475
BRDA:63,4,0,3475
BRDA:63,4,1,0
BRDA:74,5,0,3530
BRDA:74,5,1,3530
BRDA:103,6,0,55
BRDA:103,6,1,55
BRDA:104,7,0,55
BRDA:104,7,1,0
BRDA:110,8,0,55
BRDA:110,8,1,0
BRDA:117,9,0,0
BRDA:117,9,1,55
BRDA:117,10,0,55
BRDA:117,10,1,0
BRDA:117,10,2,0
BRDA:122,11,0,0
BRDA:122,11,1,55
BRDA:145,12,0,0
BRDA:145,12,1,0
BRF:27
BRH:17
end_of_record
TN:
SF:/Users/bytedance/Desktop/free-swagger/src/libs/json-schema-ref-parser/lib/index.js
FN:23,$RefParser
FN:52,(anonymous_1)
FN:69,(anonymous_2)
FN:140,(anonymous_3)
FN:159,(anonymous_4)
FN:184,(anonymous_5)
FN:201,(anonymous_6)
FN:225,(anonymous_7)
FN:241,(anonymous_8)
FNF:9
FNH:5
FNDA:3,$RefParser
FNDA:0,(anonymous_1)
FNDA:3,(anonymous_2)
FNDA:0,(anonymous_3)
FNDA:3,(anonymous_4)
FNDA:0,(anonymous_5)
FNDA:0,(anonymous_6)
FNDA:3,(anonymous_7)
FNDA:3,(anonymous_8)
DA:3,2
DA:4,2
DA:5,2
DA:6,2
DA:7,2
DA:8,2
DA:9,2
DA:10,2
DA:11,2
DA:12,2
DA:14,2
DA:15,2
DA:30,3
DA:38,3
DA:52,2
DA:53,0
DA:54,0
DA:55,0
DA:69,2
DA:70,3
DA:73,3
DA:74,0
DA:75,0
DA:79,3
DA:80,3
DA:88,3
DA:89,3
DA:90,3
DA:91,3
DA:95,3
DA:97,3
DA:100,3
DA:101,3
DA:102,3
DA:103,3
DA:107,0
DA:110,3
DA:111,3
DA:112,3
DA:114,3
DA:115,0
DA:118,3
DA:119,3
DA:123,0
DA:140,2
DA:141,0
DA:142,0
DA:143,0
DA:159,2
DA:160,3
DA:161,3
DA:163,3
DA:164,3
DA:165,3
DA:166,3
DA:169,0
DA:184,2
DA:185,0
DA:186,0
DA:187,0
DA:201,2
DA:202,0
DA:203,0
DA:205,0
DA:206,0
DA:207,0
DA:208,0
DA:211,0
DA:225,2
DA:226,3
DA:227,3
DA:228,3
DA:241,2
DA:242,3
DA:243,3
DA:245,3
DA:246,3
DA:247,3
DA:248,3
DA:251,0
LF:80
LH:57
BRDA:73,0,0,0
BRDA:73,0,1,3
BRDA:73,1,0,3
BRDA:73,1,1,3
BRDA:74,2,0,0
BRDA:74,2,1,0
BRDA:89,3,0,3
BRDA:89,3,1,0
BRDA:97,4,0,3
BRDA:97,4,1,0
BRDA:97,5,0,3
BRDA:97,5,1,3
BRDA:114,6,0,0
BRDA:114,6,1,3
BRDA:114,7,0,3
BRDA:114,7,1,3
BRDA:114,7,2,3
BRDA:115,8,0,0
BRDA:115,8,1,0
BRF:19
BRH:11
end_of_record
TN:
SF:/Users/bytedance/Desktop/free-swagger/src/libs/json-schema-ref-parser/lib/normalize-args.js
FN:13,normalizeArgs
FNF:1
FNH:1
FNDA:9,normalizeArgs
DA:3,2
DA:5,2
DA:15,9
DA:17,9
DA:19,0
DA:22,9
DA:24,6
DA:25,6
DA:27,6
DA:28,6
DA:32,0
DA:33,0
DA:38,3
DA:39,3
DA:40,3
DA:43,9
DA:44,3
DA:47,9
LF:18
LH:15
BRDA:17,0,0,0
BRDA:17,0,1,9
BRDA:22,1,0,6
BRDA:22,1,1,3
BRDA:25,2,0,6
BRDA:25,2,1,0
BRDA:43,3,0,3
BRDA:43,3,1,6
BRF:8
BRH:6
end_of_record
TN:
SF:/Users/bytedance/Desktop/free-swagger/src/libs/json-schema-ref-parser/lib/options.js
FN:19,$RefParserOptions
FN:80,merge
FN:108,isMergeable
FNF:3
FNH:3
FNDA:3,$RefParserOptions
FNDA:33,merge
FNDA:147,isMergeable
DA:4,2
DA:5,2
DA:6,2
DA:7,2
DA:8,2
DA:9,2
DA:11,2
DA:20,3
DA:21,3
DA:24,2
DA:81,33
DA:82,30
DA:83,30
DA:84,114
DA:85,114
DA:86,114
DA:88,114
DA:90,27
DA:92,87
DA:94,87
DA:98,33
DA:109,147
LF:22
LH:22
BRDA:81,0,0,30
BRDA:81,0,1,3
BRDA:88,1,0,27
BRDA:88,1,1,87
BRDA:90,2,0,27
BRDA:90,2,1,27
BRDA:92,3,0,87
BRDA:92,3,1,0
BRDA:109,4,0,147
BRDA:109,4,1,138
BRDA:109,4,2,60
BRDA:109,4,3,57
BRDA:109,4,4,57
BRF:13
BRH:12
end_of_record
TN:
SF:/Users/bytedance/Desktop/free-swagger/src/libs/json-schema-ref-parser/lib/parse.js
FN:19,parse
FN:60,readFile
FN:61,(anonymous_2)
FN:73,onError
FN:98,parseFile
FN:99,(anonymous_5)
FN:114,onParsed
FN:123,onError
FN:141,isEmpty
FNF:9
FNH:0
FNDA:0,parse
FNDA:0,readFile
FNDA:0,(anonymous_2)
FNDA:0,onError
FNDA:0,parseFile
FNDA:0,(anonymous_5)
FNDA:0,onParsed
FNDA:0,onError
FNDA:0,isEmpty
DA:3,2
DA:4,2
DA:5,2
DA:7,2
DA:20,0
DA:22,0
DA:26,0
DA:29,0
DA:35,0
DA:36,0
DA:37,0
DA:39,0
DA:40,0
DA:42,0
DA:45,0
DA:61,0
DA:65,0
DA:66,0
DA:69,0
DA:70,0
DA:76,0
DA:77,0
DA:80,0
DA:99,0
DA:105,0
DA:106,0
DA:107,0
DA:110,0
DA:111,0
DA:115,0
DA:116,0
DA:119,0
DA:124,0
DA:125,0
DA:126,0
DA:129,0
DA:142,0
LF:37
LH:4
BRDA:76,0,0,0
BRDA:76,0,1,0
BRDA:76,1,0,0
BRDA:76,1,1,0
BRDA:107,2,0,0
BRDA:107,2,1,0
BRDA:115,3,0,0
BRDA:115,3,1,0
BRDA:115,4,0,0
BRDA:115,4,1,0
BRDA:124,5,0,0
BRDA:124,5,1,0
BRDA:125,6,0,0
BRDA:125,6,1,0
BRDA:142,7,0,0
BRDA:142,7,1,0
BRDA:142,7,2,0
BRDA:142,7,3,0
BRDA:142,7,4,0
BRDA:142,7,5,0
BRDA:142,7,6,0
BRF:21
BRH:0
end_of_record
TN:
SF:/Users/bytedance/Desktop/free-swagger/src/libs/json-schema-ref-parser/lib/pointer.js
FN:22,Pointer
FN:75,(anonymous_1)
FN:113,(anonymous_2)
FN:158,(anonymous_3)
FN:194,(anonymous_4)
FN:223,resolveIf$Ref
FN:264,setValue
FNF:7
FNH:5
FNDA:55,Pointer
FNDA:55,(anonymous_1)
FNDA:0,(anonymous_2)
FNDA:55,(anonymous_3)
FNDA:8936,(anonymous_4)
FNDA:165,resolveIf$Ref
FNDA:0,setValue
DA:3,2
DA:5,2
DA:6,2
DA:7,2
DA:8,2
DA:9,2
DA:10,2
DA:11,2
DA:12,2
DA:27,55
DA:34,55
DA:40,55
DA:47,55
DA:53,55
DA:60,55
DA:75,2
DA:76,55
DA:79,55
DA:80,55
DA:81,110
DA:83,0
DA:86,110
DA:87,110
DA:89,2
DA:94,108
DA:99,55
DA:100,55
DA:113,2
DA:114,0
DA:117,0
DA:119,0
DA:120,0
DA:124,0
DA:125,0
DA:126,0
DA:128,0
DA:129,0
DA:131,0
DA:134,0
DA:139,0
DA:140,0
DA:141,0
DA:144,0
DA:158,2
DA:160,55
DA:164,55
DA:165,0
DA:169,55
DA:172,55
DA:173,165
DA:178,55
DA:179,0
DA:184,55
DA:194,2
DA:196,8936
DA:197,27
DA:201,8936
DA:202,8936
DA:203,8936
DA:205,8936
DA:210,8936
DA:226,165
DA:227,0
DA:229,0
DA:231,0
DA:233,0
DA:234,0
DA:236,0
DA:239,0
DA:240,0
DA:243,0
DA:244,0
DA:245,0
DA:248,0
DA:265,0
DA:266,0
DA:267,0
DA:269,0
DA:272,0
DA:276,0
LF:80
LH:44
BRDA:40,0,0,55
BRDA:40,0,1,0
BRDA:81,1,0,0
BRDA:81,1,1,110
BRDA:87,2,0,2
BRDA:87,2,1,108
BRDA:117,3,0,0
BRDA:117,3,1,0
BRDA:129,4,0,0
BRDA:129,4,1,0
BRDA:129,5,0,0
BRDA:129,5,1,0
BRDA:164,6,0,0
BRDA:164,6,1,55
BRDA:178,7,0,0
BRDA:178,7,1,55
BRDA:196,8,0,27
BRDA:196,8,1,8909
BRDA:201,9,0,0
BRDA:201,9,1,8936
BRDA:226,10,0,0
BRDA:226,10,1,165
BRDA:229,11,0,0
BRDA:229,11,1,0
BRDA:236,12,0,0
BRDA:236,12,1,0
BRDA:265,13,0,0
BRDA:265,13,1,0
BRDA:265,14,0,0
BRDA:265,14,1,0
BRDA:266,15,0,0
BRDA:266,15,1,0
BRDA:266,16,0,0
BRDA:266,16,1,0
BRF:34
BRH:10
end_of_record
TN:
SF:/Users/bytedance/Desktop/free-swagger/src/libs/json-schema-ref-parser/lib/ref.js
FN:12,$Ref
FN:52,(anonymous_1)
FN:69,(anonymous_2)
FN:81,(anonymous_3)
FN:93,(anonymous_4)
FN:104,(anonymous_5)
FN:114,(anonymous_6)
FN:126,(anonymous_7)
FN:175,(anonymous_8)
FN:213,(anonymous_9)
FNF:10
FNH:7
FNDA:3,$Ref
FNDA:0,(anonymous_1)
FNDA:0,(anonymous_2)
FNDA:55,(anonymous_3)
FNDA:0,(anonymous_4)
FNDA:7784,(anonymous_5)
FNDA:2629,(anonymous_6)
FNDA:5100,(anonymous_7)
FNDA:55,(anonymous_8)
FNDA:55,(anonymous_9)
DA:3,2
DA:5,2
DA:23,3
DA:30,3
DA:36,3
DA:42,3
DA:52,2
DA:53,0
DA:54,0
DA:55,0
DA:58,0
DA:69,2
DA:70,0
DA:81,2
DA:82,55
DA:83,55
DA:93,2
DA:94,0
DA:95,0
DA:104,2
DA:105,7784
DA:114,2
DA:115,2629
DA:126,2
DA:127,5100
DA:128,55
DA:130,55
DA:132,0
DA:134,0
DA:175,2
DA:176,55
DA:213,2
DA:214,55
DA:215,2
DA:216,2
DA:217,4
DA:218,2
DA:222,2
DA:223,6
DA:224,4
DA:228,2
DA:232,53
LF:42
LH:33
BRDA:105,0,0,7784
BRDA:105,0,1,7701
BRDA:105,0,2,4530
BRDA:105,0,3,220
BRDA:115,1,0,2629
BRDA:115,1,1,110
BRDA:127,2,0,55
BRDA:127,2,1,5045
BRDA:128,3,0,55
BRDA:128,3,1,0
BRDA:128,4,0,55
BRDA:128,4,1,0
BRDA:132,5,0,0
BRDA:132,5,1,0
BRDA:132,6,0,0
BRDA:132,6,1,0
BRDA:132,6,2,0
BRDA:176,7,0,55
BRDA:176,7,1,55
BRDA:214,8,0,2
BRDA:214,8,1,53
BRDA:214,9,0,55
BRDA:214,9,1,55
BRDA:214,9,2,55
BRDA:217,10,0,2
BRDA:217,10,1,2
BRDA:223,11,0,4
BRDA:223,11,1,2
BRF:28
BRH:21
end_of_record
TN:
SF:/Users/bytedance/Desktop/free-swagger/src/libs/json-schema-ref-parser/lib/refs.js
FN:12,$Refs
FN:44,(anonymous_1)
FN:46,(anonymous_2)
FN:57,(anonymous_3)
FN:60,(anonymous_4)
FN:80,(anonymous_5)
FN:97,(anonymous_6)
FN:108,(anonymous_7)
FN:125,(anonymous_8)
FN:146,(anonymous_9)
FN:165,(anonymous_10)
FN:178,getPaths
FN:184,(anonymous_12)
FN:190,(anonymous_13)
FNF:14
FNH:3
FNDA:6,$Refs
FNDA:0,(anonymous_1)
FNDA:0,(anonymous_2)
FNDA:0,(anonymous_3)
FNDA:0,(anonymous_4)
FNDA:0,(anonymous_5)
FNDA:0,(anonymous_6)
FNDA:0,(anonymous_7)
FNDA:3,(anonymous_8)
FNDA:55,(anonymous_9)
FNDA:0,(anonymous_10)
FNDA:0,getPaths
FNDA:0,(anonymous_12)
FNDA:0,(anonymous_13)
DA:3,2
DA:4,2
DA:5,2
DA:7,2
DA:18,6
DA:26,6
DA:34,6
DA:44,2
DA:45,0
DA:46,0
DA:47,0
DA:57,2
DA:58,0
DA:59,0
DA:60,0
DA:61,0
DA:62,0
DA:71,2
DA:80,2
DA:81,0
DA:82,0
DA:83,0
DA:86,0
DA:97,2
DA:98,0
DA:108,2
DA:109,0
DA:110,0
DA:111,0
DA:113,0
DA:114,0
DA:117,0
DA:125,2
DA:126,3
DA:128,3
DA:129,3
DA:130,3
DA:132,3
DA:133,3
DA:135,3
DA:146,2
DA:147,55
DA:148,55
DA:149,55
DA:151,55
DA:152,0
DA:155,55
DA:165,2
DA:166,0
DA:167,0
DA:168,0
DA:179,0
DA:182,0
DA:183,0
DA:184,0
DA:185,0
DA:190,0
DA:191,0
LF:58
LH:28
BRDA:113,0,0,0
BRDA:113,0,1,0
BRDA:133,1,0,3
BRDA:133,1,1,3
BRDA:151,2,0,0
BRDA:151,2,1,55
BRDA:182,3,0,0
BRDA:182,3,1,0
BRDA:183,4,0,0
BRDA:183,4,1,0
BRDA:183,5,0,0
BRDA:183,5,1,0
BRDA:193,6,0,0
BRDA:193,6,1,0
BRF:14
BRH:3
end_of_record
TN:
SF:/Users/bytedance/Desktop/free-swagger/src/libs/json-schema-ref-parser/lib/resolve-external.js
FN:23,resolveExternal
FN:53,crawl
FN:90,resolve$Ref
FNF:3
FNH:2
FNDA:3,resolveExternal
FNDA:1879,crawl
FNDA:0,resolve$Ref
DA:3,2
DA:4,2
DA:5,2
DA:6,2
DA:8,2
DA:24,3
DA:26,0
DA:29,3
DA:31,3
DA:32,3
DA:35,0
DA:54,1879
DA:56,1879
DA:57,753
DA:58,0
DA:61,753
DA:62,1876
DA:63,1876
DA:65,1876
DA:66,0
DA:69,1876
DA:75,1879
DA:93,0
DA:94,0
DA:97,0
DA:98,0
DA:100,0
DA:104,0
DA:108,0
DA:110,0
LF:30
LH:18
BRDA:24,0,0,0
BRDA:24,0,1,3
BRDA:56,1,0,753
BRDA:56,1,1,1126
BRDA:56,2,0,1879
BRDA:56,2,1,1843
BRDA:57,3,0,0
BRDA:57,3,1,753
BRDA:65,4,0,0
BRDA:65,4,1,1876
BRDA:98,5,0,0
BRDA:98,5,1,0
BRF:12
BRH:7
end_of_record
TN:
SF:/Users/bytedance/Desktop/free-swagger/src/libs/json-schema-ref-parser/lib/parsers/binary.js
FN:32,(anonymous_0)
FN:46,(anonymous_1)
FNF:2
FNH:0
FNDA:0,(anonymous_0)
FNDA:0,(anonymous_1)
DA:3,2
DA:5,2
DA:34,0
DA:47,0
DA:48,0
DA:52,0
LF:6
LH:2
BRDA:34,0,0,0
BRDA:34,0,1,0
BRDA:47,1,0,0
BRDA:47,1,1,0
BRF:4
BRH:0
end_of_record
TN:
SF:/Users/bytedance/Desktop/free-swagger/src/libs/json-schema-ref-parser/lib/parsers/json.js
FN:37,(anonymous_0)
FN:38,(anonymous_1)
FNF:2
FNH:0
FNDA:0,(anonymous_0)
FNDA:0,(anonymous_1)
DA:3,2
DA:38,0
DA:39,0
DA:40,0
DA:41,0
DA:44,0
DA:45,0
DA:46,0
DA:49,0
DA:54,0
LF:10
LH:1
BRDA:40,0,0,0
BRDA:40,0,1,0
BRDA:44,1,0,0
BRDA:44,1,1,0
BRDA:45,2,0,0
BRDA:45,2,1,0
BRF:6
BRH:0
end_of_record
TN:
SF:/Users/bytedance/Desktop/free-swagger/src/libs/json-schema-ref-parser/lib/parsers/text.js
FN:39,(anonymous_0)
FN:53,(anonymous_1)
FNF:2
FNH:0
FNDA:0,(anonymous_0)
FNDA:0,(anonymous_1)
DA:3,2
DA:5,2
DA:41,0
DA:54,0
DA:55,0
DA:57,0
DA:58,0
DA:61,0
LF:8
LH:2
BRDA:41,0,0,0
BRDA:41,0,1,0
BRDA:41,0,2,0
BRDA:54,1,0,0
BRDA:54,1,1,0
BRDA:57,2,0,0
BRDA:57,2,1,0
BRF:7
BRH:0
end_of_record
TN:
SF:/Users/bytedance/Desktop/free-swagger/src/libs/json-schema-ref-parser/lib/parsers/yaml.js
FN:39,(anonymous_0)
FN:40,(anonymous_1)
FNF:2
FNH:0
FNDA:0,(anonymous_0)
FNDA:0,(anonymous_1)
DA:3,2
DA:5,2
DA:40,0
DA:41,0
DA:42,0
DA:43,0
DA:46,0
DA:47,0
DA:51,0
LF:9
LH:2
BRDA:42,0,0,0
BRDA:42,0,1,0
BRDA:46,1,0,0
BRDA:46,1,1,0
BRF:4
BRH:0
end_of_record
TN:
SF:/Users/bytedance/Desktop/free-swagger/src/libs/json-schema-ref-parser/lib/resolvers/file.js
FN:24,(anonymous_0)
FN:36,(anonymous_1)
FN:37,(anonymous_2)
FN:49,(anonymous_3)
FNF:4
FNH:0
FNDA:0,(anonymous_0)
FNDA:0,(anonymous_1)
FNDA:0,(anonymous_2)
FNDA:0,(anonymous_3)
DA:2,2
DA:3,2
DA:4,2
DA:6,2
DA:25,0
DA:37,0
DA:39,0
DA:40,0
DA:43,0
DA:48,0
DA:49,0
DA:50,0
DA:51,0
DA:54,0
DA:59,0
LF:15
LH:4
BRDA:50,0,0,0
BRDA:50,0,1,0
BRF:2
BRH:0
end_of_record
TN:
SF:/Users/bytedance/Desktop/free-swagger/src/libs/json-schema-ref-parser/lib/resolvers/http.js
FN:62,(anonymous_0)
FN:74,(anonymous_1)
FN:96,download
FN:97,(anonymous_3)
FN:103,(anonymous_4)
FN:125,(anonymous_5)
FN:140,get
FN:141,(anonymous_7)
FN:159,(anonymous_8)
FN:165,(anonymous_9)
FN:168,(anonymous_10)
FN:174,(anonymous_11)
FNF:12
FNH:0
FNDA:0,(anonymous_0)
FNDA:0,(anonymous_1)
FNDA:0,download
FNDA:0,(anonymous_3)
FNDA:0,(anonymous_4)
FNDA:0,(anonymous_5)
FNDA:0,get
FNDA:0,(anonymous_7)
FNDA:0,(anonymous_8)
FNDA:0,(anonymous_9)
FNDA:0,(anonymous_10)
FNDA:0,(anonymous_11)
DA:3,2
DA:4,2
DA:5,2
DA:6,2
DA:8,2
DA:63,0
DA:75,0
DA:77,0
DA:79,0
DA:82,0
DA:97,0
DA:98,0
DA:99,0
DA:100,0
DA:102,0
DA:104,0
DA:105,0
DA:107,0
DA:108,0
DA:109,0
DA:112,0
DA:113,0
DA:117,0
DA:118,0
DA:122,0
DA:126,0
DA:141,0
DA:144,0
DA:145,0
DA:155,0
DA:156,0
DA:159,0
DA:160,0
DA:163,0
DA:165,0
DA:166,0
DA:168,0
DA:169,0
DA:172,0
DA:174,0
DA:175,0
LF:41
LH:5
BRDA:77,0,0,0
BRDA:77,0,1,0
BRDA:77,1,0,0
BRDA:77,1,1,0
BRDA:99,2,0,0
BRDA:99,2,1,0
BRDA:104,3,0,0
BRDA:104,3,1,0
BRDA:107,4,0,0
BRDA:107,4,1,0
BRDA:108,5,0,0
BRDA:108,5,1,0
BRDA:112,6,0,0
BRDA:112,6,1,0
BRDA:122,7,0,0
BRDA:122,7,1,0
BRDA:144,8,0,0
BRDA:144,8,1,0
BRDA:151,9,0,0
BRDA:151,9,1,0
BRDA:155,10,0,0
BRDA:155,10,1,0
BRF:22
BRH:0
end_of_record
TN:
SF:/Users/bytedance/Desktop/free-swagger/src/libs/json-schema-ref-parser/lib/util/plugins.js
FN:10,(anonymous_0)
FN:12,(anonymous_1)
FN:15,(anonymous_2)
FN:29,(anonymous_3)
FN:31,(anonymous_4)
FN:42,(anonymous_5)
FN:47,(anonymous_6)
FN:63,(anonymous_7)
FN:66,(anonymous_8)
FN:69,runNextPlugin
FN:94,callback
FN:103,onSuccess
FN:111,onError
FN:131,getResult
FNF:14
FNH:0
FNDA:0,(anonymous_0)
FNDA:0,(anonymous_1)
FNDA:0,(anonymous_2)
FNDA:0,(anonymous_3)
FNDA:0,(anonymous_4)
FNDA:0,(anonymous_5)
FNDA:0,(anonymous_6)
FNDA:0,(anonymous_7)
FNDA:0,(anonymous_8)
FNDA:0,runNextPlugin
FNDA:0,callback
FNDA:0,onSuccess
FNDA:0,onError
FNDA:0,getResult
DA:10,2
DA:11,0
DA:13,0
DA:16,0
DA:17,0
DA:29,2
DA:30,0
DA:32,0
DA:42,2
DA:43,0
DA:44,0
DA:47,0
DA:63,2
DA:64,0
DA:66,0
DA:67,0
DA:70,0
DA:71,0
DA:73,0
DA:76,0
DA:78,0
DA:79,0
DA:81,0
DA:83,0
DA:85,0
DA:90,0
DA:95,0
DA:96,0
DA:99,0
DA:105,0
DA:113,0
DA:114,0
DA:132,0
DA:134,0
DA:135,0
DA:138,0
DA:142,0
DA:143,0
DA:145,0
DA:146,0
DA:148,0
DA:149,0
DA:153,0
LF:43
LH:4
BRDA:44,0,0,0
BRDA:44,0,1,0
BRDA:71,1,0,0
BRDA:71,1,1,0
BRDA:79,2,0,0
BRDA:79,2,1,0
BRDA:79,3,0,0
BRDA:79,3,1,0
BRDA:83,4,0,0
BRDA:83,4,1,0
BRDA:95,5,0,0
BRDA:95,5,1,0
BRDA:134,6,0,0
BRDA:134,6,1,0
BRDA:138,7,0,0
BRDA:138,7,1,0
BRDA:142,8,0,0
BRDA:142,8,1,0
BRDA:145,9,0,0
BRDA:145,9,1,0
BRDA:148,10,0,0
BRDA:148,10,1,0
BRF:22
BRH:0
end_of_record
TN:
SF:/Users/bytedance/Desktop/free-swagger/src/libs/json-schema-ref-parser/lib/util/url.js
FN:31,cwd
FN:53,getProtocol
FN:67,getExtension
FN:82,getHash
FN:96,stripHash
FN:110,isHttp
FN:132,isFileSystemPath
FN:159,fromFileSystemPath
FN:186,toFileSystemPath
FNF:9
FNH:6
FNDA:3,cwd
FNDA:3,getProtocol
FNDA:0,getExtension
FNDA:55,getHash
FNDA:58,stripHash
FNDA:0,isHttp
FNDA:3,isFileSystemPath
FNDA:3,fromFileSystemPath
FNDA:0,toFileSystemPath
DA:3,2
DA:4,2
DA:5,2
DA:6,2
DA:9,2
DA:15,2
DA:23,2
DA:24,2
DA:31,2
DA:32,3
DA:33,0
DA:36,3
DA:38,3
DA:39,3
DA:40,0
DA:43,3
DA:53,2
DA:54,3
DA:55,3
DA:56,0
DA:67,2
DA:68,0
DA:69,0
DA:70,0
DA:72,0
DA:82,2
DA:83,55
DA:84,55
DA:85,55
DA:87,0
DA:96,2
DA:97,58
DA:98,58
DA:99,55
DA:101,58
DA:110,2
DA:111,0
DA:112,0
DA:113,0
DA:115,0
DA:117,0
DA:121,0
DA:132,2
DA:133,3
DA:136,0
DA:139,3
DA:140,3
DA:159,2
DA:162,3
DA:163,0
DA:167,3
DA:172,3
DA:173,6
DA:176,3
DA:186,2
DA:188,0
DA:193,0
DA:194,0
DA:199,0
DA:200,0
DA:202,0
DA:205,0
DA:206,0
DA:209,0
DA:211,0
DA:217,0
DA:218,0
DA:223,0
DA:225,0
DA:228,0
DA:229,0
DA:233,0
LF:72
LH:39
BRDA:32,0,0,0
BRDA:32,0,1,3
BRDA:39,1,0,0
BRDA:39,1,1,3
BRDA:39,2,0,3
BRDA:39,2,1,3
BRDA:55,3,0,0
BRDA:55,3,1,3
BRDA:69,4,0,0
BRDA:69,4,1,0
BRDA:84,5,0,55
BRDA:84,5,1,0
BRDA:98,6,0,55
BRDA:98,6,1,3
BRDA:112,7,0,0
BRDA:112,7,1,0
BRDA:112,8,0,0
BRDA:112,8,1,0
BRDA:115,9,0,0
BRDA:115,9,1,0
BRDA:133,10,0,0
BRDA:133,10,1,3
BRDA:140,11,0,3
BRDA:140,11,1,0
BRDA:162,12,0,0
BRDA:162,12,1,3
BRDA:200,13,0,0
BRDA:200,13,1,0
BRDA:202,14,0,0
BRDA:202,14,1,0
BRDA:205,15,0,0
BRDA:205,15,1,0
BRDA:205,16,0,0
BRDA:205,16,1,0
BRDA:209,17,0,0
BRDA:209,17,1,0
BRDA:218,18,0,0
BRDA:218,18,1,0
BRDA:223,19,0,0
BRDA:223,19,1,0
BRDA:223,20,0,0
BRDA:223,20,1,0
BRDA:228,21,0,0
BRDA:228,21,1,0
BRF:44
BRH:11
end_of_record
TN:
SF:/Users/bytedance/Desktop/free-swagger/src/libs/json-schema-ref-parser/lib/util/yaml.js
FN:18,(anonymous_0)
FN:41,(anonymous_1)
FNF:2
FNH:0
FNDA:0,(anonymous_0)
FNDA:0,(anonymous_1)
DA:4,2
DA:5,2
DA:10,2
DA:19,0
DA:20,0
DA:23,0
DA:24,0
DA:28,0
DA:42,0
DA:43,0
DA:44,0
DA:47,0
DA:48,0
DA:52,0
LF:14
LH:3
BRDA:23,0,0,0
BRDA:23,0,1,0
BRDA:43,1,0,0
BRDA:43,1,1,0
BRDA:43,2,0,0
BRDA:43,2,1,0
BRDA:47,3,0,0
BRDA:47,3,1,0
BRF:8
BRH:0
end_of_record
TN:
SF:/Users/bytedance/Desktop/free-swagger/src/mock/index.ts
FN:15,(anonymous_0)
FN:27,(anonymous_1)
FN:41,(anonymous_2)
FN:66,(anonymous_3)
FN:67,(anonymous_4)
FN:85,(anonymous_5)
FN:120,(anonymous_6)
FNF:7
FNH:6
FNDA:304,(anonymous_0)
FNDA:31,(anonymous_1)
FNDA:3,(anonymous_2)
FNDA:38,(anonymous_3)
FNDA:304,(anonymous_4)
FNDA:0,(anonymous_5)
FNDA:15,(anonymous_6)
DA:11,2
DA:13,2
DA:15,304
DA:16,2
DA:17,2
DA:27,2
DA:28,31
DA:29,31
DA:30,31
DA:31,31
DA:34,0
DA:36,31
DA:38,31
DA:41,2
DA:50,3
DA:54,3
DA:57,3
DA:62,3
DA:64,3
DA:65,3
DA:67,38
DA:68,304
DA:69,304
DA:70,304
DA:72,45
DA:73,0
DA:78,0
DA:82,45
DA:83,45
DA:84,0
DA:85,0
DA:87,0
DA:88,0
DA:92,45
DA:95,45
DA:96,15
DA:99,45
DA:110,45
DA:120,3
DA:121,15
DA:128,3
LF:41
LH:34
BRDA:36,0,0,7
BRDA:36,0,1,24
BRDA:70,1,0,259
BRDA:70,1,1,45
BRDA:72,2,0,0
BRDA:72,2,1,45
BRDA:83,3,0,0
BRDA:83,3,1,45
BRDA:87,4,0,0
BRDA:87,4,1,0
BRDA:88,5,0,0
BRDA:88,5,1,0
BRDA:95,6,0,15
BRDA:95,6,1,30
BRDA:99,7,0,31
BRDA:99,7,1,14
BRDA:110,8,0,25
BRDA:110,8,1,20
BRF:18
BRH:12
end_of_record
TN:
SF:/Users/bytedance/Desktop/free-swagger/src/parse/path.ts
FN:25,(anonymous_0)
FN:29,(anonymous_1)
FN:30,(anonymous_2)
FN:56,(anonymous_3)
FNF:4
FNH:3
FNDA:6,(anonymous_0)
FNDA:72,(anonymous_1)
FNDA:576,(anonymous_2)
FNDA:0,(anonymous_3)
DA:6,2
DA:25,2
DA:26,6
DA:28,6
DA:30,72
DA:31,576
DA:32,576
DA:34,85
DA:35,18
DA:40,18
DA:43,67
DA:44,0
DA:49,0
DA:53,67
DA:54,67
DA:55,0
DA:56,0
DA:58,0
DA:59,0
DA:63,67
DA:66,67
DA:67,22
DA:69,67
DA:78,6
LF:24
LH:18
BRDA:32,0,0,491
BRDA:32,0,1,85
BRDA:34,1,0,18
BRDA:34,1,1,67
BRDA:43,2,0,0
BRDA:43,2,1,67
BRDA:54,3,0,0
BRDA:54,3,1,67
BRDA:58,4,0,0
BRDA:58,4,1,0
BRDA:59,5,0,0
BRDA:59,5,1,0
BRDA:66,6,0,22
BRDA:66,6,1,45
BRF:14
BRH:8
end_of_record
